#
# There is insufficient memory for the Java Runtime Environment to continue.
# Native memory allocation (malloc) failed to allocate 2105152 bytes. Error detail: Chunk::new
# Possible reasons:
#   The system is out of physical RAM or swap space
#   This process is running with CompressedOops enabled, and the Java Heap may be blocking the growth of the native heap
# Possible solutions:
#   Reduce memory load on the system
#   Increase physical memory or swap space
#   Check if swap backing store is full
#   Decrease Java heap size (-Xmx/-Xms)
#   Decrease number of Java threads
#   Decrease Java thread stack sizes (-Xss)
#   Set larger code cache with -XX:ReservedCodeCacheSize=
#   JVM is running with Zero Based Compressed Oops mode in which the Java heap is
#     placed in the first 32GB address space. The Java Heap base address is the
#     maximum limit for the native heap growth. Please use -XX:HeapBaseMinAddress
#     to set the Java Heap base and to place the Java Heap above 32GB virtual address.
# This output file may be truncated or incomplete.
#
#  Out of Memory Error (arena.cpp:168), pid=27032, tid=23232
#
# JRE version: OpenJDK Runtime Environment (21.0.6) (build 21.0.6+-13355223-b631.42)
# Java VM: OpenJDK 64-Bit Server VM (21.0.6+-13355223-b631.42, mixed mode, tiered, compressed oops, compressed class ptrs, g1 gc, windows-amd64)
# No core dump will be written. Minidumps are not enabled by default on client versions of Windows
#

---------------  S U M M A R Y ------------

Command Line: -XX:MaxMetaspaceSize=4G -XX:ReservedCodeCacheSize=512m -XX:+HeapDumpOnOutOfMemoryError --add-opens=java.base/java.util=ALL-UNNAMED --add-opens=java.base/java.lang=ALL-UNNAMED --add-opens=java.base/java.lang.invoke=ALL-UNNAMED --add-opens=java.prefs/java.util.prefs=ALL-UNNAMED --add-exports=jdk.compiler/com.sun.tools.javac.api=ALL-UNNAMED --add-exports=jdk.compiler/com.sun.tools.javac.util=ALL-UNNAMED --add-opens=java.base/java.nio.charset=ALL-UNNAMED --add-opens=java.base/java.net=ALL-UNNAMED --add-opens=java.base/java.util.concurrent.atomic=ALL-UNNAMED -Xmx8G -Dfile.encoding=UTF-8 -Duser.country=US -Duser.language=en -Duser.variant -javaagent:C:\Users\Krysthille Tambis\.gradle\wrapper\dists\gradle-8.9-all\6m0mbzute7p0zdleavqlib88a\gradle-8.9\lib\agents\gradle-instrumentation-agent-8.9.jar org.gradle.launcher.daemon.bootstrap.GradleDaemon 8.9

Host: 11th Gen Intel(R) Core(TM) i5-1155G7 @ 2.50GHz, 8 cores, 7G,  Windows 11 , 64 bit Build 22621 (10.0.22621.5415)
Time: Sat Feb 14 16:12:23 2026 Malay Peninsula Standard Time elapsed time: 4.306260 seconds (0d 0h 0m 4s)

---------------  T H R E A D  ---------------

Current thread (0x000001a7c9a4c1c0):  JavaThread "C2 CompilerThread0" daemon [_thread_in_native, id=23232, stack(0x0000001e18d00000,0x0000001e18e00000) (1024K)]


Current CompileTask:
C2:4306 2861       4       java.lang.invoke.MethodType::makeImpl (109 bytes)

Stack: [0x0000001e18d00000,0x0000001e18e00000]
Native frames: (J=compiled Java code, j=interpreted, Vv=VM code, C=native code)
V  [jvm.dll+0x6d05a9]
V  [jvm.dll+0x85ea73]
V  [jvm.dll+0x860fce]
V  [jvm.dll+0x8616b3]
V  [jvm.dll+0x27e6e6]
V  [jvm.dll+0xbff6d]
V  [jvm.dll+0xc04a3]
V  [jvm.dll+0x3b616b]
V  [jvm.dll+0x382097]
V  [jvm.dll+0x38150a]
V  [jvm.dll+0x247c82]
V  [jvm.dll+0x247251]
V  [jvm.dll+0x1c5f04]
V  [jvm.dll+0x2569ac]
V  [jvm.dll+0x254ef6]
V  [jvm.dll+0x3f0e56]
V  [jvm.dll+0x806e48]
V  [jvm.dll+0x6cee7d]
C  [ucrtbase.dll+0x29333]
C  [KERNEL32.DLL+0x1259d]
C  [ntdll.dll+0x5af78]


---------------  P R O C E S S  ---------------

Threads class SMR info:
_java_thread_list=0x000001a7d0636d70, length=27, elements={
0x000001a799780a90, 0x000001a7c9a28920, 0x000001a7c9a2b830, 0x000001a7c9a2d0b0,
0x000001a7c9a36e00, 0x000001a7c9a499e0, 0x000001a7c9a4b440, 0x000001a7c9a4c1c0,
0x000001a7c9a58cd0, 0x000001a7c9b94ef0, 0x000001a7c9d293c0, 0x000001a7cf88b830,
0x000001a7cfac5540, 0x000001a7cfa1ea70, 0x000001a7cfdc5210, 0x000001a7cfb73620,
0x000001a7cfcdc1b0, 0x000001a7cf8d0670, 0x000001a7cf8d0cd0, 0x000001a7cf8ecb40,
0x000001a7cf8ed860, 0x000001a7cf8ed1d0, 0x000001a7cf8ec4b0, 0x000001a7cfe99660,
0x000001a7cfe9a380, 0x000001a7cfe9e520, 0x000001a7cfe982b0
}

Java Threads: ( => current thread )
  0x000001a799780a90 JavaThread "main"                              [_thread_blocked, id=26476, stack(0x0000001e17f00000,0x0000001e18000000) (1024K)]
  0x000001a7c9a28920 JavaThread "Reference Handler"          daemon [_thread_blocked, id=20516, stack(0x0000001e18700000,0x0000001e18800000) (1024K)]
  0x000001a7c9a2b830 JavaThread "Finalizer"                  daemon [_thread_blocked, id=23152, stack(0x0000001e18800000,0x0000001e18900000) (1024K)]
  0x000001a7c9a2d0b0 JavaThread "Signal Dispatcher"          daemon [_thread_blocked, id=16740, stack(0x0000001e18900000,0x0000001e18a00000) (1024K)]
  0x000001a7c9a36e00 JavaThread "Attach Listener"            daemon [_thread_blocked, id=25064, stack(0x0000001e18a00000,0x0000001e18b00000) (1024K)]
  0x000001a7c9a499e0 JavaThread "Service Thread"             daemon [_thread_blocked, id=6100, stack(0x0000001e18b00000,0x0000001e18c00000) (1024K)]
  0x000001a7c9a4b440 JavaThread "Monitor Deflation Thread"   daemon [_thread_blocked, id=24428, stack(0x0000001e18c00000,0x0000001e18d00000) (1024K)]
=>0x000001a7c9a4c1c0 JavaThread "C2 CompilerThread0"         daemon [_thread_in_native, id=23232, stack(0x0000001e18d00000,0x0000001e18e00000) (1024K)]
  0x000001a7c9a58cd0 JavaThread "C1 CompilerThread0"         daemon [_thread_blocked, id=4428, stack(0x0000001e18e00000,0x0000001e18f00000) (1024K)]
  0x000001a7c9b94ef0 JavaThread "Common-Cleaner"             daemon [_thread_blocked, id=2716, stack(0x0000001e18f00000,0x0000001e19000000) (1024K)]
  0x000001a7c9d293c0 JavaThread "Notification Thread"        daemon [_thread_blocked, id=4872, stack(0x0000001e19000000,0x0000001e19100000) (1024K)]
  0x000001a7cf88b830 JavaThread "Daemon health stats"               [_thread_blocked, id=28724, stack(0x0000001e19700000,0x0000001e19800000) (1024K)]
  0x000001a7cfac5540 JavaThread "Incoming local TCP Connector on port 7293"        [_thread_in_native, id=12828, stack(0x0000001e19800000,0x0000001e19900000) (1024K)]
  0x000001a7cfa1ea70 JavaThread "Daemon periodic checks"            [_thread_blocked, id=25568, stack(0x0000001e19900000,0x0000001e19a00000) (1024K)]
  0x000001a7cfdc5210 JavaThread "Daemon"                            [_thread_blocked, id=28172, stack(0x0000001e19a00000,0x0000001e19b00000) (1024K)]
  0x000001a7cfb73620 JavaThread "Handler for socket connection from /127.0.0.1:7293 to /127.0.0.1:7294"        [_thread_in_native, id=25936, stack(0x0000001e19b00000,0x0000001e19c00000) (1024K)]
  0x000001a7cfcdc1b0 JavaThread "Cancel handler"                    [_thread_blocked, id=27836, stack(0x0000001e19c00000,0x0000001e19d00000) (1024K)]
  0x000001a7cf8d0670 JavaThread "Daemon worker"                     [_thread_in_vm, id=11560, stack(0x0000001e19d00000,0x0000001e19e00000) (1024K)]
  0x000001a7cf8d0cd0 JavaThread "Asynchronous log dispatcher for DefaultDaemonConnection: socket connection from /127.0.0.1:7293 to /127.0.0.1:7294"        [_thread_blocked, id=8264, stack(0x0000001e19e00000,0x0000001e19f00000) (1024K)]
  0x000001a7cf8ecb40 JavaThread "Stdin handler"                     [_thread_blocked, id=8140, stack(0x0000001e19f00000,0x0000001e1a000000) (1024K)]
  0x000001a7cf8ed860 JavaThread "Daemon client event forwarder"        [_thread_blocked, id=11524, stack(0x0000001e1a000000,0x0000001e1a100000) (1024K)]
  0x000001a7cf8ed1d0 JavaThread "Cache worker for journal cache (C:\Users\Krysthille Tambis\.gradle\caches\journal-1)"        [_thread_blocked, id=22672, stack(0x0000001e1a300000,0x0000001e1a400000) (1024K)]
  0x000001a7cf8ec4b0 JavaThread "File lock request listener"        [_thread_in_native, id=15096, stack(0x0000001e1a400000,0x0000001e1a500000) (1024K)]
  0x000001a7cfe99660 JavaThread "Cache worker for file hash cache (C:\Users\Krysthille Tambis\.gradle\caches\8.9\fileHashes)"        [_thread_blocked, id=19288, stack(0x0000001e1a500000,0x0000001e1a600000) (1024K)]
  0x000001a7cfe9a380 JavaThread "Cache worker for file hash cache (D:\ImPawsible\impawsible\android\.gradle\8.9\fileHashes)"        [_thread_blocked, id=15280, stack(0x0000001e1a600000,0x0000001e1a700000) (1024K)]
  0x000001a7cfe9e520 JavaThread "Cache worker for Build Output Cleanup Cache (D:\ImPawsible\impawsible\android\.gradle\buildOutputCleanup)"        [_thread_blocked, id=24376, stack(0x0000001e1a700000,0x0000001e1a800000) (1024K)]
  0x000001a7cfe982b0 JavaThread "File watcher server"        daemon [_thread_in_native, id=19232, stack(0x0000001e1a800000,0x0000001e1a900000) (1024K)]
Total: 27

Other Threads:
  0x000001a7c910b700 VMThread "VM Thread"                           [id=9268, stack(0x0000001e18600000,0x0000001e18700000) (1024K)]
  0x000001a7c90af3f0 WatcherThread "VM Periodic Task Thread"        [id=1768, stack(0x0000001e18500000,0x0000001e18600000) (1024K)]
  0x000001a799829d60 WorkerThread "GC Thread#0"                     [id=15676, stack(0x0000001e18000000,0x0000001e18100000) (1024K)]
  0x000001a7ce208000 WorkerThread "GC Thread#1"                     [id=29064, stack(0x0000001e19100000,0x0000001e19200000) (1024K)]
  0x000001a7ce2083a0 WorkerThread "GC Thread#2"                     [id=29020, stack(0x0000001e19200000,0x0000001e19300000) (1024K)]
  0x000001a7cea11f30 WorkerThread "GC Thread#3"                     [id=13604, stack(0x0000001e19400000,0x0000001e19500000) (1024K)]
  0x000001a7ced23d10 WorkerThread "GC Thread#4"                     [id=24616, stack(0x0000001e19500000,0x0000001e19600000) (1024K)]
  0x000001a7ced177b0 WorkerThread "GC Thread#5"                     [id=20432, stack(0x0000001e19300000,0x0000001e19400000) (1024K)]
  0x000001a7cf961b10 WorkerThread "GC Thread#6"                     [id=11048, stack(0x0000001e19600000,0x0000001e19700000) (1024K)]
  0x000001a7cf8f4fc0 WorkerThread "GC Thread#7"                     [id=10344, stack(0x0000001e1a100000,0x0000001e1a200000) (1024K)]
  0x000001a79983aeb0 ConcurrentGCThread "G1 Main Marker"            [id=29376, stack(0x0000001e18100000,0x0000001e18200000) (1024K)]
  0x000001a79983b9b0 WorkerThread "G1 Conc#0"                       [id=12328, stack(0x0000001e18200000,0x0000001e18300000) (1024K)]
  0x000001a7cf8f5360 WorkerThread "G1 Conc#1"                       [id=1356, stack(0x0000001e1a200000,0x0000001e1a300000) (1024K)]
  0x000001a7c8f7e510 ConcurrentGCThread "G1 Refine#0"               [id=18004, stack(0x0000001e18300000,0x0000001e18400000) (1024K)]
  0x000001a7c8f7f080 ConcurrentGCThread "G1 Service"                [id=15124, stack(0x0000001e18400000,0x0000001e18500000) (1024K)]
Total: 15

Threads with active compile tasks:
C2 CompilerThread0  4325 2861       4       java.lang.invoke.MethodType::makeImpl (109 bytes)
Total: 1

VM state: not at safepoint (normal execution)

VM Mutex/Monitor currently owned by a thread: None

Heap address: 0x0000000600000000, size: 8192 MB, Compressed Oops mode: Zero based, Oop shift amount: 3

CDS archive(s) not mapped
Compressed class space mapped at: 0x0000000800000000-0x0000000840000000, reserved size: 1073741824
Narrow klass base: 0x0000000800000000, Narrow klass shift: 0, Narrow klass range: 0x40000000

GC Precious Log:
 CardTable entry size: 512
 Card Set container configuration: InlinePtr #cards 4 size 8 Array Of Cards #cards 32 size 80 Howl #buckets 8 coarsen threshold 7372 Howl Bitmap #cards 1024 size 144 coarsen threshold 921 Card regions per heap region 1 cards per card region 8192
 CPUs: 8 total, 8 available
 Memory: 7975M
 Large Page Support: Disabled
 NUMA Support: Disabled
 Compressed Oops: Enabled (Zero based)
 Heap Region Size: 4M
 Heap Min Capacity: 8M
 Heap Initial Capacity: 128M
 Heap Max Capacity: 8G
 Pre-touch: Disabled
 Parallel Workers: 8
 Concurrent Workers: 2
 Concurrent Refinement Workers: 8
 Periodic GC: Disabled

Heap:
 garbage-first heap   total 98304K, used 44035K [0x0000000600000000, 0x0000000800000000)
  region size 4096K, 8 young (32768K), 2 survivors (8192K)
 Metaspace       used 33214K, committed 34112K, reserved 1114112K
  class space    used 4363K, committed 4800K, reserved 1048576K

Heap Regions: E=young(eden), S=young(survivor), O=old, HS=humongous(starts), HC=humongous(continues), CS=collection set, F=free, TAMS=top-at-mark-start, PB=parsable bottom
|   0|0x0000000600000000, 0x0000000600400000, 0x0000000600400000|100%|HS|  |TAMS 0x0000000600000000| PB 0x0000000600000000| Complete 
|   1|0x0000000600400000, 0x0000000600800000, 0x0000000600800000|100%| O|  |TAMS 0x0000000600400000| PB 0x0000000600400000| Untracked 
|   2|0x0000000600800000, 0x0000000600b62ee8, 0x0000000600c00000| 84%| O|Cm|TAMS 0x0000000600800000| PB 0x0000000600800000| Complete 
|   3|0x0000000600c00000, 0x0000000600c00000, 0x0000000601000000|  0%| F|  |TAMS 0x0000000600c00000| PB 0x0000000600c00000| Untracked 
|   4|0x0000000601000000, 0x0000000601000000, 0x0000000601400000|  0%| F|  |TAMS 0x0000000601000000| PB 0x0000000601000000| Untracked 
|   5|0x0000000601400000, 0x0000000601400000, 0x0000000601800000|  0%| F|  |TAMS 0x0000000601400000| PB 0x0000000601400000| Untracked 
|   6|0x0000000601800000, 0x0000000601800000, 0x0000000601c00000|  0%| F|  |TAMS 0x0000000601800000| PB 0x0000000601800000| Untracked 
|   7|0x0000000601c00000, 0x0000000601c00000, 0x0000000602000000|  0%| F|  |TAMS 0x0000000601c00000| PB 0x0000000601c00000| Untracked 
|   8|0x0000000602000000, 0x0000000602000000, 0x0000000602400000|  0%| F|  |TAMS 0x0000000602000000| PB 0x0000000602000000| Untracked 
|   9|0x0000000602400000, 0x0000000602400000, 0x0000000602800000|  0%| F|  |TAMS 0x0000000602400000| PB 0x0000000602400000| Untracked 
|  10|0x0000000602800000, 0x0000000602800000, 0x0000000602c00000|  0%| F|  |TAMS 0x0000000602800000| PB 0x0000000602800000| Untracked 
|  11|0x0000000602c00000, 0x0000000602c00000, 0x0000000603000000|  0%| F|  |TAMS 0x0000000602c00000| PB 0x0000000602c00000| Untracked 
|  12|0x0000000603000000, 0x0000000603000000, 0x0000000603400000|  0%| F|  |TAMS 0x0000000603000000| PB 0x0000000603000000| Untracked 
|  13|0x0000000603400000, 0x0000000603400000, 0x0000000603800000|  0%| F|  |TAMS 0x0000000603400000| PB 0x0000000603400000| Untracked 
|  14|0x0000000603800000, 0x0000000603ac9658, 0x0000000603c00000| 69%| E|  |TAMS 0x0000000603800000| PB 0x0000000603800000| Complete 
|  15|0x0000000603c00000, 0x0000000604000000, 0x0000000604000000|100%| E|CS|TAMS 0x0000000603c00000| PB 0x0000000603c00000| Complete 
|  16|0x0000000604000000, 0x0000000604400000, 0x0000000604400000|100%| S|CS|TAMS 0x0000000604000000| PB 0x0000000604000000| Complete 
|  17|0x0000000604400000, 0x000000060464a758, 0x0000000604800000| 57%| S|CS|TAMS 0x0000000604400000| PB 0x0000000604400000| Complete 
|  22|0x0000000605800000, 0x0000000605c00000, 0x0000000605c00000|100%| E|CS|TAMS 0x0000000605800000| PB 0x0000000605800000| Complete 
|  23|0x0000000605c00000, 0x0000000606000000, 0x0000000606000000|100%| E|CS|TAMS 0x0000000605c00000| PB 0x0000000605c00000| Complete 
|  24|0x0000000606000000, 0x0000000606400000, 0x0000000606400000|100%| E|CS|TAMS 0x0000000606000000| PB 0x0000000606000000| Complete 
|  31|0x0000000607c00000, 0x0000000608000000, 0x0000000608000000|100%| E|CS|TAMS 0x0000000607c00000| PB 0x0000000607c00000| Complete 
|2046|0x00000007ff800000, 0x00000007ff953688, 0x00000007ffc00000| 33%| O|  |TAMS 0x00000007ff800000| PB 0x00000007ff800000| Untracked 
|2047|0x00000007ffc00000, 0x0000000800000000, 0x0000000800000000|100%| O|  |TAMS 0x00000007ffc00000| PB 0x00000007ffc00000| Untracked 

Card table byte_map: [0x000001a7bde20000,0x000001a7bee20000] _byte_map_base: 0x000001a7bae20000

Marking Bits: (CMBitMap*) 0x000001a79982a460
 Bits: [0x000001a7bee20000, 0x000001a7c6e20000)

Polling page: 0x000001a798f40000

Metaspace:

Usage:
  Non-class:     28.18 MB used.
      Class:      4.26 MB used.
       Both:     32.44 MB used.

Virtual space:
  Non-class space:       64.00 MB reserved,      28.62 MB ( 45%) committed,  1 nodes.
      Class space:        1.00 GB reserved,       4.69 MB ( <1%) committed,  1 nodes.
             Both:        1.06 GB reserved,      33.31 MB (  3%) committed. 

Chunk freelists:
   Non-Class:  3.41 MB
       Class:  11.36 MB
        Both:  14.77 MB

MaxMetaspaceSize: 4.00 GB
CompressedClassSpaceSize: 1.00 GB
Initial GC threshold: 21.00 MB
Current GC threshold: 35.31 MB
CDS: off
 - commit_granule_bytes: 65536.
 - commit_granule_words: 8192.
 - virtual_space_node_default_size: 8388608.
 - enlarge_chunks_in_place: 1.
 - use_allocation_guard: 0.


Internal statistics:

num_allocs_failed_limit: 3.
num_arena_births: 1288.
num_arena_deaths: 0.
num_vsnodes_births: 2.
num_vsnodes_deaths: 0.
num_space_committed: 533.
num_space_uncommitted: 0.
num_chunks_returned_to_freelist: 3.
num_chunks_taken_from_freelist: 2282.
num_chunk_merges: 3.
num_chunk_splits: 1491.
num_chunks_enlarged: 982.
num_inconsistent_stats: 0.

CodeHeap 'non-profiled nmethods': size=259264Kb used=1517Kb max_used=1517Kb free=257746Kb
 bounds [0x000001a7acba0000, 0x000001a7ace10000, 0x000001a7bc8d0000]
CodeHeap 'profiled nmethods': size=259264Kb used=6406Kb max_used=6406Kb free=252857Kb
 bounds [0x000001a79c8d0000, 0x000001a79cf20000, 0x000001a7ac600000]
CodeHeap 'non-nmethods': size=5760Kb used=1653Kb max_used=1698Kb free=4107Kb
 bounds [0x000001a7ac600000, 0x000001a7ac870000, 0x000001a7acba0000]
 total_blobs=3698 nmethods=3123 adapters=479
 compilation: enabled
              stopped_count=0, restarted_count=0
 full_count=0

Compilation events (20 events):
Event: 4.284 Thread 0x000001a7c9a58cd0 3128       3       sun.nio.fs.WindowsPath::getPathForWin32Calls (6 bytes)
Event: 4.284 Thread 0x000001a7c9a58cd0 nmethod 3128 0x000001a79cf0d510 code [0x000001a79cf0d6c0, 0x000001a79cf0d800]
Event: 4.284 Thread 0x000001a7c9a58cd0 3129   !   3       sun.nio.fs.WindowsPath::getPathForWin32Calls (147 bytes)
Event: 4.285 Thread 0x000001a7c9a58cd0 nmethod 3129 0x000001a79cf0d890 code [0x000001a79cf0db40, 0x000001a79cf0eaa8]
Event: 4.285 Thread 0x000001a7c9a58cd0 3130       3       java.lang.reflect.ProxyGenerator::typeNames (61 bytes)
Event: 4.285 Thread 0x000001a7c9a58cd0 nmethod 3130 0x000001a79cf0ef10 code [0x000001a79cf0f160, 0x000001a79cf0fac0]
Event: 4.292 Thread 0x000001a7c9a58cd0 3131       3       jdk.internal.reflect.ReflectionFactory::copyField (11 bytes)
Event: 4.292 Thread 0x000001a7c9a58cd0 nmethod 3131 0x000001a79cf0fd90 code [0x000001a79cf0ff40, 0x000001a79cf10138]
Event: 4.292 Thread 0x000001a7c9a58cd0 3132       3       java.lang.reflect.ReflectAccess::copyField (5 bytes)
Event: 4.292 Thread 0x000001a7c9a58cd0 nmethod 3132 0x000001a79cf10290 code [0x000001a79cf10440, 0x000001a79cf10580]
Event: 4.300 Thread 0x000001a7c9a58cd0 3134       3       com.google.common.base.CharMatcher$IsEither::matches (22 bytes)
Event: 4.301 Thread 0x000001a7c9a58cd0 nmethod 3134 0x000001a79cf10690 code [0x000001a79cf10840, 0x000001a79cf109d8]
Event: 4.301 Thread 0x000001a7c9a58cd0 3135       3       com.google.common.cache.LocalCache::evictsBySize (15 bytes)
Event: 4.301 Thread 0x000001a7c9a58cd0 nmethod 3135 0x000001a79cf10a90 code [0x000001a79cf10c20, 0x000001a79cf10d88]
Event: 4.304 Thread 0x000001a7c9a58cd0 3136       3       java.util.Collections$UnmodifiableCollection::size (10 bytes)
Event: 4.304 Thread 0x000001a7c9a58cd0 nmethod 3136 0x000001a79cf10e10 code [0x000001a79cf10fc0, 0x000001a79cf111a0]
Event: 4.304 Thread 0x000001a7c9a58cd0 3137       3       java.util.LinkedList$Node::<init> (20 bytes)
Event: 4.304 Thread 0x000001a7c9a58cd0 nmethod 3137 0x000001a79cf11290 code [0x000001a79cf11440, 0x000001a79cf116d8]
Event: 4.304 Thread 0x000001a7c9a58cd0 3138       3       java.util.LinkedList::add (7 bytes)
Event: 4.304 Thread 0x000001a7c9a58cd0 nmethod 3138 0x000001a79cf11790 code [0x000001a79cf11940, 0x000001a79cf11a98]

GC Heap History (10 events):
Event: 0.513 GC heap before
{Heap before GC invocations=0 (full 0):
 garbage-first heap   total 131072K, used 20480K [0x0000000600000000, 0x0000000800000000)
  region size 4096K, 5 young (20480K), 0 survivors (0K)
 Metaspace       used 8012K, committed 8192K, reserved 1114112K
  class space    used 713K, committed 768K, reserved 1048576K
}
Event: 0.516 GC heap after
{Heap after GC invocations=1 (full 0):
 garbage-first heap   total 131072K, used 2671K [0x0000000600000000, 0x0000000800000000)
  region size 4096K, 1 young (4096K), 1 survivors (4096K)
 Metaspace       used 8012K, committed 8192K, reserved 1114112K
  class space    used 713K, committed 768K, reserved 1048576K
}
Event: 1.210 GC heap before
{Heap before GC invocations=1 (full 0):
 garbage-first heap   total 131072K, used 43631K [0x0000000600000000, 0x0000000800000000)
  region size 4096K, 10 young (40960K), 1 survivors (4096K)
 Metaspace       used 12103K, committed 12288K, reserved 1114112K
  class space    used 1268K, committed 1408K, reserved 1048576K
}
Event: 1.215 GC heap after
{Heap after GC invocations=2 (full 0):
 garbage-first heap   total 131072K, used 12003K [0x0000000600000000, 0x0000000800000000)
  region size 4096K, 2 young (8192K), 2 survivors (8192K)
 Metaspace       used 12103K, committed 12288K, reserved 1114112K
  class space    used 1268K, committed 1408K, reserved 1048576K
}
Event: 1.755 GC heap before
{Heap before GC invocations=2 (full 0):
 garbage-first heap   total 131072K, used 52963K [0x0000000600000000, 0x0000000800000000)
  region size 4096K, 13 young (53248K), 2 survivors (8192K)
 Metaspace       used 14176K, committed 14464K, reserved 1114112K
  class space    used 1549K, committed 1664K, reserved 1048576K
}
Event: 1.762 GC heap after
{Heap after GC invocations=3 (full 0):
 garbage-first heap   total 131072K, used 18110K [0x0000000600000000, 0x0000000800000000)
  region size 4096K, 2 young (8192K), 2 survivors (8192K)
 Metaspace       used 14176K, committed 14464K, reserved 1114112K
  class space    used 1549K, committed 1664K, reserved 1048576K
}
Event: 2.580 GC heap before
{Heap before GC invocations=3 (full 0):
 garbage-first heap   total 131072K, used 42686K [0x0000000600000000, 0x0000000800000000)
  region size 4096K, 9 young (36864K), 2 survivors (8192K)
 Metaspace       used 21147K, committed 21504K, reserved 1114112K
  class space    used 2427K, committed 2624K, reserved 1048576K
}
Event: 2.585 GC heap after
{Heap after GC invocations=4 (full 0):
 garbage-first heap   total 131072K, used 20501K [0x0000000600000000, 0x0000000800000000)
  region size 4096K, 3 young (12288K), 3 survivors (12288K)
 Metaspace       used 21147K, committed 21504K, reserved 1114112K
  class space    used 2427K, committed 2624K, reserved 1048576K
}
Event: 3.894 GC heap before
{Heap before GC invocations=5 (full 0):
 garbage-first heap   total 81920K, used 77845K [0x0000000600000000, 0x0000000800000000)
  region size 4096K, 17 young (69632K), 3 survivors (12288K)
 Metaspace       used 30151K, committed 30784K, reserved 1114112K
  class space    used 3841K, committed 4160K, reserved 1048576K
}
Event: 3.902 GC heap after
{Heap after GC invocations=6 (full 0):
 garbage-first heap   total 98304K, used 23555K [0x0000000600000000, 0x0000000800000000)
  region size 4096K, 2 young (8192K), 2 survivors (8192K)
 Metaspace       used 30151K, committed 30784K, reserved 1114112K
  class space    used 3841K, committed 4160K, reserved 1048576K
}

Dll operation events (3 events):
Event: 0.008 Loaded shared library C:\Program Files\Android\Android Studio\jbr\bin\java.dll
Event: 0.013 Loaded shared library C:\Program Files\Android\Android Studio\jbr\bin\zip.dll
Event: 0.574 Loaded shared library C:\Program Files\Android\Android Studio\jbr\bin\verify.dll

Deoptimization events (20 events):
Event: 3.136 Thread 0x000001a7cf8d0670 DEOPT PACKING pc=0x000001a7acc2b2f0 sp=0x0000001e19dfbd40
Event: 3.136 Thread 0x000001a7cf8d0670 DEOPT UNPACKING pc=0x000001a7ac657da2 sp=0x0000001e19dfbd10 mode 2
Event: 3.225 Thread 0x000001a7cf8d0670 Uncommon trap: trap_request=0xffffff45 fr.pc=0x000001a7acbcc614 relative=0x00000000000000f4
Event: 3.225 Thread 0x000001a7cf8d0670 Uncommon trap: reason=unstable_if action=reinterpret pc=0x000001a7acbcc614 method=java.util.HashMap.hash(Ljava/lang/Object;)I @ 1 c2
Event: 3.225 Thread 0x000001a7cf8d0670 DEOPT PACKING pc=0x000001a7acbcc614 sp=0x0000001e19dfcb50
Event: 3.225 Thread 0x000001a7cf8d0670 DEOPT UNPACKING pc=0x000001a7ac657da2 sp=0x0000001e19dfca90 mode 2
Event: 3.918 Thread 0x000001a7cf8d0670 DEOPT PACKING pc=0x000001a79c9b1f49 sp=0x0000001e19dfa8e0
Event: 3.919 Thread 0x000001a7cf8d0670 DEOPT UNPACKING pc=0x000001a7ac6588e2 sp=0x0000001e19df9de0 mode 0
Event: 4.168 Thread 0x000001a7cf8d0670 Uncommon trap: trap_request=0xffffff45 fr.pc=0x000001a7accbba40 relative=0x00000000000003e0
Event: 4.168 Thread 0x000001a7cf8d0670 Uncommon trap: reason=unstable_if action=reinterpret pc=0x000001a7accbba40 method=jdk.internal.org.objectweb.asm.SymbolTable.addType(Ljava/lang/String;)I @ 33 c2
Event: 4.168 Thread 0x000001a7cf8d0670 DEOPT PACKING pc=0x000001a7accbba40 sp=0x0000001e19dfa280
Event: 4.168 Thread 0x000001a7cf8d0670 DEOPT UNPACKING pc=0x000001a7ac657da2 sp=0x0000001e19dfa208 mode 2
Event: 4.237 Thread 0x000001a7cf8d0670 Uncommon trap: trap_request=0xffffff45 fr.pc=0x000001a7accdf9bc relative=0x0000000000000d7c
Event: 4.237 Thread 0x000001a7cf8d0670 Uncommon trap: reason=unstable_if action=reinterpret pc=0x000001a7accdf9bc method=jdk.internal.org.objectweb.asm.SymbolTable.addType(Ljava/lang/String;)I @ 33 c2
Event: 4.237 Thread 0x000001a7cf8d0670 DEOPT PACKING pc=0x000001a7accdf9bc sp=0x0000001e19dfc140
Event: 4.237 Thread 0x000001a7cf8d0670 DEOPT UNPACKING pc=0x000001a7ac657da2 sp=0x0000001e19dfc078 mode 2
Event: 4.297 Thread 0x000001a7cf8d0670 Uncommon trap: trap_request=0xffffff76 fr.pc=0x000001a7acd18710 relative=0x00000000000001d0
Event: 4.297 Thread 0x000001a7cf8d0670 Uncommon trap: reason=predicate action=maybe_recompile pc=0x000001a7acd18710 method=com.google.common.base.CharMatcher.indexIn(Ljava/lang/CharSequence;I)I @ 19 c2
Event: 4.297 Thread 0x000001a7cf8d0670 DEOPT PACKING pc=0x000001a7acd18710 sp=0x0000001e19dfb320
Event: 4.297 Thread 0x000001a7cf8d0670 DEOPT UNPACKING pc=0x000001a7ac657da2 sp=0x0000001e19dfb2b0 mode 2

Classes loaded (20 events):
Event: 3.781 Loading class javax/xml/xpath/XPathException done
Event: 3.781 Loading class javax/xml/xpath/XPathExpressionException done
Event: 3.781 Loading class org/xml/sax/ErrorHandler
Event: 3.781 Loading class org/xml/sax/ErrorHandler done
Event: 3.992 Loading class java/util/zip/GZIPInputStream
Event: 3.992 Loading class java/util/zip/GZIPInputStream done
Event: 3.992 Loading class java/util/zip/GZIPOutputStream
Event: 3.992 Loading class java/util/zip/DeflaterOutputStream
Event: 3.993 Loading class java/util/zip/DeflaterOutputStream done
Event: 3.993 Loading class java/util/zip/GZIPOutputStream done
Event: 3.994 Loading class java/io/UnsupportedEncodingException
Event: 3.994 Loading class java/io/UnsupportedEncodingException done
Event: 4.024 Loading class java/util/Collections$SingletonMap
Event: 4.025 Loading class java/util/Collections$SingletonMap done
Event: 4.273 Loading class java/util/function/UnaryOperator
Event: 4.273 Loading class java/util/function/UnaryOperator done
Event: 4.291 Loading class java/util/concurrent/TimeoutException
Event: 4.291 Loading class java/util/concurrent/TimeoutException done
Event: 4.291 Loading class java/util/concurrent/CancellationException
Event: 4.291 Loading class java/util/concurrent/CancellationException done

Classes unloaded (0 events):
No events

Classes redefined (0 events):
No events

Internal exceptions (20 events):
Event: 3.328 Thread 0x000001a7cf8d0670 Exception <a 'java/lang/NoSuchMethodError'{0x00000006025a2c38}: 'java.lang.Object java.lang.invoke.DirectMethodHandle$Holder.invokeStatic(java.lang.Object, java.lang.Object, java.lang.Object, java.lang.Object, java.lang.Object, java.lang.Object, java.lang.Object, java.lang.Object, java.lang.Object, java.lang.Object, java.lang.Object, java.lang.Object, java.lang.Object, java.lang.Object, java.lang.Object, java.lang.Object, java.lang.Object, java.lang.Object, java.lang.Object, java.lang.Object, java.lang.Obj
Event: 3.554 Thread 0x000001a7cf8d0670 Exception <a 'java/lang/IncompatibleClassChangeError'{0x0000000601e28538}: Found class java.lang.Object, but interface was expected> (0x0000000601e28538) 
thrown [s\src\hotspot\share\interpreter\linkResolver.cpp, line 851]
Event: 3.561 Thread 0x000001a7cf8d0670 Exception <a 'java/lang/NoSuchMethodError'{0x0000000601e5d7c0}: 'java.lang.Object java.lang.invoke.DirectMethodHandle$Holder.newInvokeSpecial(java.lang.Object, java.lang.Object, java.lang.Object, java.lang.Object, java.lang.Object, java.lang.Object, java.lang.Object, java.lang.Object, java.lang.Object, java.lang.Object, java.lang.Object, java.lang.Object, java.lang.Object)'> (0x0000000601e5d7c0) 
thrown [s\src\hotspot\share\interpreter\linkResolver.cpp, line 784]
Event: 3.561 Thread 0x000001a7cf8d0670 Exception <a 'java/lang/NoSuchMethodError'{0x0000000601e62d30}: 'java.lang.Object java.lang.invoke.DirectMethodHandle$Holder.invokeSpecial(java.lang.Object, java.lang.Object, java.lang.Object, java.lang.Object, java.lang.Object, java.lang.Object, java.lang.Object, java.lang.Object, java.lang.Object, java.lang.Object, java.lang.Object, java.lang.Object, java.lang.Object, java.lang.Object)'> (0x0000000601e62d30) 
thrown [s\src\hotspot\share\interpreter\linkResolver.cpp, line 784]
Event: 3.562 Thread 0x000001a7cf8d0670 Exception <a 'java/lang/NoSuchMethodError'{0x0000000601e67530}: 'java.lang.Object java.lang.invoke.DelegatingMethodHandle$Holder.reinvoke_L(java.lang.Object, java.lang.Object, java.lang.Object, java.lang.Object, java.lang.Object, java.lang.Object, java.lang.Object, java.lang.Object, java.lang.Object, java.lang.Object, java.lang.Object, java.lang.Object, java.lang.Object)'> (0x0000000601e67530) 
thrown [s\src\hotspot\share\interpreter\linkResolver.cpp, line 784]
Event: 3.590 Thread 0x000001a7cf8d0670 Exception <a 'java/lang/NoSuchMethodError'{0x0000000601f97f08}: 'java.lang.Object java.lang.invoke.DirectMethodHandle$Holder.newInvokeSpecial(java.lang.Object, java.lang.Object, java.lang.Object, java.lang.Object, java.lang.Object, java.lang.Object, java.lang.Object, java.lang.Object)'> (0x0000000601f97f08) 
thrown [s\src\hotspot\share\interpreter\linkResolver.cpp, line 784]
Event: 3.596 Thread 0x000001a7cf8d0670 Exception <a 'java/lang/NoSuchMethodError'{0x0000000601fde620}: 'int java.lang.invoke.DirectMethodHandle$Holder.invokeStaticInit(java.lang.Object, java.lang.Object, java.lang.Object)'> (0x0000000601fde620) 
thrown [s\src\hotspot\share\interpreter\linkResolver.cpp, line 784]
Event: 3.699 Thread 0x000001a7cf8d0670 Exception <a 'java/lang/NoSuchMethodError'{0x0000000601545e00}: 'java.lang.Object java.lang.invoke.DirectMethodHandle$Holder.invokeVirtual(java.lang.Object, java.lang.Object, java.lang.Object, java.lang.Object, java.lang.Object, java.lang.Object, java.lang.Object, java.lang.Object, java.lang.Object, java.lang.Object, java.lang.Object, java.lang.Object, java.lang.Object, java.lang.Object, java.lang.Object, java.lang.Object, java.lang.Object, java.lang.Object, java.lang.Object, java.lang.Object, java.lang.Ob
Event: 3.706 Thread 0x000001a7cf8d0670 Exception <a 'java/lang/NoSuchMethodError'{0x00000006015be420}: 'java.lang.Object java.lang.invoke.DirectMethodHandle$Holder.invokeSpecial(java.lang.Object, java.lang.Object, java.lang.Object, java.lang.Object, java.lang.Object, java.lang.Object, java.lang.Object, java.lang.Object, java.lang.Object, java.lang.Object, java.lang.Object, java.lang.Object, java.lang.Object, java.lang.Object, java.lang.Object, java.lang.Object, java.lang.Object, java.lang.Object, java.lang.Object, java.lang.Object, java.lang.Ob
Event: 3.850 Thread 0x000001a7cf8d0670 Exception <a 'java/lang/NoSuchMethodError'{0x0000000600dcf768}: 'java.lang.Object java.lang.invoke.DirectMethodHandle$Holder.newInvokeSpecial(java.lang.Object, java.lang.Object, java.lang.Object, java.lang.Object, java.lang.Object, java.lang.Object, java.lang.Object)'> (0x0000000600dcf768) 
thrown [s\src\hotspot\share\interpreter\linkResolver.cpp, line 784]
Event: 3.889 Thread 0x000001a7cf8d0670 Exception <a 'java/lang/NoSuchMethodError'{0x0000000600fa05e8}: 'java.lang.Object java.lang.invoke.DirectMethodHandle$Holder.invokeVirtual(java.lang.Object, java.lang.Object, java.lang.Object, java.lang.Object, java.lang.Object, java.lang.Object, java.lang.Object, java.lang.Object, java.lang.Object, java.lang.Object, java.lang.Object)'> (0x0000000600fa05e8) 
thrown [s\src\hotspot\share\interpreter\linkResolver.cpp, line 784]
Event: 4.013 Thread 0x000001a7cf8d0670 Exception <a 'java/lang/NoSuchMethodError'{0x00000006063bb1c0}: 'java.lang.Object java.lang.invoke.DirectMethodHandle$Holder.invokeVirtual(java.lang.Object, java.lang.Object, java.lang.Object, java.lang.Object, java.lang.Object, java.lang.Object, java.lang.Object, java.lang.Object, java.lang.Object, java.lang.Object)'> (0x00000006063bb1c0) 
thrown [s\src\hotspot\share\interpreter\linkResolver.cpp, line 784]
Event: 4.035 Thread 0x000001a7cf8d0670 Exception <a 'java/lang/NoSuchMethodError'{0x0000000605cbaf78}: 'java.lang.Object java.lang.invoke.DelegatingMethodHandle$Holder.reinvoke_L(java.lang.Object, java.lang.Object, java.lang.Object, java.lang.Object, java.lang.Object, java.lang.Object, java.lang.Object, java.lang.Object, java.lang.Object, java.lang.Object, java.lang.Object, java.lang.Object, java.lang.Object, java.lang.Object, java.lang.Object, java.lang.Object, java.lang.Object, java.lang.Object, java.lang.Object, java.lang.Object, java.lang.O
Event: 4.035 Thread 0x000001a7cf8d0670 Exception <a 'java/lang/NoSuchMethodError'{0x0000000605cc66e8}: 'java.lang.Object java.lang.invoke.DirectMethodHandle$Holder.invokeSpecial(java.lang.Object, java.lang.Object, java.lang.Object, java.lang.Object, java.lang.Object, java.lang.Object, java.lang.Object, java.lang.Object, java.lang.Object, java.lang.Object, java.lang.Object, java.lang.Object, java.lang.Object, java.lang.Object, java.lang.Object, java.lang.Object, java.lang.Object, java.lang.Object, java.lang.Object, java.lang.Object, java.lang.Ob
Event: 4.036 Thread 0x000001a7cf8d0670 Exception <a 'java/lang/NoSuchMethodError'{0x0000000605ccbf00}: 'java.lang.Object java.lang.invoke.Invokers$Holder.invoker(java.lang.Object, java.lang.Object, java.lang.Object, java.lang.Object, java.lang.Object, java.lang.Object, java.lang.Object, java.lang.Object, java.lang.Object, java.lang.Object, java.lang.Object, java.lang.Object, java.lang.Object, java.lang.Object, java.lang.Object, java.lang.Object, java.lang.Object, java.lang.Object, java.lang.Object, java.lang.Object, java.lang.Object, java.lang.
Event: 4.036 Thread 0x000001a7cf8d0670 Exception <a 'java/lang/NoSuchMethodError'{0x0000000605cd2128}: 'java.lang.Object java.lang.invoke.DelegatingMethodHandle$Holder.delegate(java.lang.Object, java.lang.Object, java.lang.Object, java.lang.Object, java.lang.Object, java.lang.Object, java.lang.Object, java.lang.Object, java.lang.Object, java.lang.Object, java.lang.Object, java.lang.Object, java.lang.Object, java.lang.Object, java.lang.Object, java.lang.Object, java.lang.Object, java.lang.Object, java.lang.Object, java.lang.Object, java.lang.Obj
Event: 4.087 Thread 0x000001a7cf8d0670 Exception <a 'java/lang/NoSuchMethodError'{0x0000000605f119f0}: 'java.lang.Object java.lang.invoke.DirectMethodHandle$Holder.invokeStaticInit(java.lang.Object, java.lang.Object, java.lang.Object, java.lang.Object)'> (0x0000000605f119f0) 
thrown [s\src\hotspot\share\interpreter\linkResolver.cpp, line 784]
Event: 4.132 Thread 0x000001a7cf8d0670 Exception <a 'java/lang/NoSuchMethodError'{0x000000060598fcb0}: 'void java.lang.invoke.DirectMethodHandle$Holder.invokeStatic(java.lang.Object, java.lang.Object, java.lang.Object, java.lang.Object)'> (0x000000060598fcb0) 
thrown [s\src\hotspot\share\interpreter\linkResolver.cpp, line 784]
Event: 4.135 Thread 0x000001a7cf8d0670 Exception <a 'java/lang/IncompatibleClassChangeError'{0x00000006059b7a88}: Found class java.lang.Object, but interface was expected> (0x00000006059b7a88) 
thrown [s\src\hotspot\share\interpreter\linkResolver.cpp, line 851]
Event: 4.220 Thread 0x000001a7cf8d0670 Exception <a 'java/lang/NoSuchMethodError'{0x0000000603d3d0c8}: 'java.lang.Object java.lang.invoke.DirectMethodHandle$Holder.newInvokeSpecial(java.lang.Object, java.lang.Object, java.lang.Object, java.lang.Object, java.lang.Object, java.lang.Object, java.lang.Object, java.lang.Object, java.lang.Object, java.lang.Object)'> (0x0000000603d3d0c8) 
thrown [s\src\hotspot\share\interpreter\linkResolver.cpp, line 784]

ZGC Phase Switch (0 events):
No events

VM Operations (20 events):
Event: 2.580 Executing VM operation: CollectForMetadataAllocation (Metadata GC Threshold)
Event: 2.585 Executing VM operation: CollectForMetadataAllocation (Metadata GC Threshold) done
Event: 2.596 Executing VM operation: G1PauseRemark
Event: 2.597 Executing VM operation: G1PauseRemark done
Event: 2.600 Executing VM operation: G1PauseCleanup
Event: 2.603 Executing VM operation: G1PauseCleanup done
Event: 2.741 Executing VM operation: HandshakeAllThreads (Deoptimize)
Event: 2.741 Executing VM operation: HandshakeAllThreads (Deoptimize) done
Event: 2.814 Executing VM operation: HandshakeAllThreads (Deoptimize)
Event: 2.815 Executing VM operation: HandshakeAllThreads (Deoptimize) done
Event: 3.009 Executing VM operation: HandshakeAllThreads (Deoptimize)
Event: 3.009 Executing VM operation: HandshakeAllThreads (Deoptimize) done
Event: 3.339 Executing VM operation: HandshakeAllThreads (Deoptimize)
Event: 3.339 Executing VM operation: HandshakeAllThreads (Deoptimize) done
Event: 3.340 Executing VM operation: HandshakeAllThreads (Deoptimize)
Event: 3.340 Executing VM operation: HandshakeAllThreads (Deoptimize) done
Event: 3.628 Executing VM operation: ICBufferFull
Event: 3.628 Executing VM operation: ICBufferFull done
Event: 3.894 Executing VM operation: G1CollectForAllocation (G1 Evacuation Pause)
Event: 3.902 Executing VM operation: G1CollectForAllocation (G1 Evacuation Pause) done

Memory protections (0 events):
No events

Nmethod flushes (0 events):
No events

Events (20 events):
Event: 0.894 Thread 0x000001a7c9a58cd0 Thread added: 0x000001a7ce9dd210
Event: 1.419 Thread 0x000001a7ce9dd210 Thread exited: 0x000001a7ce9dd210
Event: 1.836 Loaded shared library C:\Program Files\Android\Android Studio\jbr\bin\management.dll
Event: 1.838 Loaded shared library C:\Program Files\Android\Android Studio\jbr\bin\management_ext.dll
Event: 1.875 Thread 0x000001a799780a90 Thread added: 0x000001a7cf88b830
Event: 2.123 Loaded shared library C:\Program Files\Android\Android Studio\jbr\bin\extnet.dll
Event: 2.172 Thread 0x000001a799780a90 Thread added: 0x000001a7cfac5540
Event: 2.309 Thread 0x000001a799780a90 Thread added: 0x000001a7cfa1ea70
Event: 2.370 Thread 0x000001a7cfac5540 Thread added: 0x000001a7cfdc5210
Event: 2.379 Thread 0x000001a7cfdc5210 Thread added: 0x000001a7cfb73620
Event: 2.433 Thread 0x000001a7cfdc5210 Thread added: 0x000001a7cfcdc1b0
Event: 2.443 Thread 0x000001a7cfdc5210 Thread added: 0x000001a7cf8d0670
Event: 2.463 Thread 0x000001a7cf8d0670 Thread added: 0x000001a7cf8d0cd0
Event: 2.469 Thread 0x000001a7cf8d0670 Thread added: 0x000001a7cf8ecb40
Event: 2.472 Thread 0x000001a7cf8d0670 Thread added: 0x000001a7cf8ed860
Event: 3.009 Thread 0x000001a7cf8d0670 Thread added: 0x000001a7cf8ed1d0
Event: 3.021 Thread 0x000001a7cf8d0670 Thread added: 0x000001a7cf8ec4b0
Event: 3.068 Thread 0x000001a7cf8d0670 Thread added: 0x000001a7cfe99660
Event: 4.015 Thread 0x000001a7cf8d0670 Thread added: 0x000001a7cfe9a380
Event: 4.029 Thread 0x000001a7cf8d0670 Thread added: 0x000001a7cfe9e520


Dynamic libraries:
0x00007ff615d00000 - 0x00007ff615d0a000 	C:\Program Files\Android\Android Studio\jbr\bin\java.exe
0x00007ffa60950000 - 0x00007ffa60b67000 	C:\Windows\SYSTEM32\ntdll.dll
0x00007ffa5edd0000 - 0x00007ffa5ee94000 	C:\Windows\System32\KERNEL32.DLL
0x00007ffa5da40000 - 0x00007ffa5de12000 	C:\Windows\System32\KERNELBASE.dll
0x00007ffa5def0000 - 0x00007ffa5e001000 	C:\Windows\System32\ucrtbase.dll
0x00007ffa1e480000 - 0x00007ffa1e498000 	C:\Program Files\Android\Android Studio\jbr\bin\jli.dll
0x00007ffa5ef30000 - 0x00007ffa5f0e1000 	C:\Windows\System32\USER32.dll
0x00007ffa5e5b0000 - 0x00007ffa5e5d6000 	C:\Windows\System32\win32u.dll
0x00007ffa5ec20000 - 0x00007ffa5ec49000 	C:\Windows\System32\GDI32.dll
0x00007ffa5e310000 - 0x00007ffa5e433000 	C:\Windows\System32\gdi32full.dll
0x00007ffa5de20000 - 0x00007ffa5deba000 	C:\Windows\System32\msvcp_win.dll
0x00007ffa404a0000 - 0x00007ffa404bb000 	C:\Program Files\Android\Android Studio\jbr\bin\VCRUNTIME140.dll
0x00007ffa3f700000 - 0x00007ffa3f99b000 	C:\Windows\WinSxS\amd64_microsoft.windows.common-controls_6595b64144ccf1df_6.0.22621.5547_none_27104afb73855772\COMCTL32.dll
0x00007ffa5fc80000 - 0x00007ffa5fd27000 	C:\Windows\System32\msvcrt.dll
0x00007ffa5eb60000 - 0x00007ffa5eb91000 	C:\Windows\System32\IMM32.DLL
0x00007ffa49fe0000 - 0x00007ffa49fec000 	C:\Program Files\Android\Android Studio\jbr\bin\vcruntime140_1.dll
0x00007ff9f46e0000 - 0x00007ff9f476d000 	C:\Program Files\Android\Android Studio\jbr\bin\msvcp140.dll
0x00007ff9ac2d0000 - 0x00007ff9acf5b000 	C:\Program Files\Android\Android Studio\jbr\bin\server\jvm.dll
0x00007ffa5ffe0000 - 0x00007ffa60091000 	C:\Windows\System32\ADVAPI32.dll
0x00007ffa5ff30000 - 0x00007ffa5ffd8000 	C:\Windows\System32\sechost.dll
0x00007ffa5dec0000 - 0x00007ffa5dee8000 	C:\Windows\System32\bcrypt.dll
0x00007ffa60130000 - 0x00007ffa60244000 	C:\Windows\System32\RPCRT4.dll
0x00007ffa5eba0000 - 0x00007ffa5ec11000 	C:\Windows\System32\WS2_32.dll
0x00007ffa5d910000 - 0x00007ffa5d95d000 	C:\Windows\SYSTEM32\POWRPROF.dll
0x00007ffa54010000 - 0x00007ffa54044000 	C:\Windows\SYSTEM32\WINMM.dll
0x00007ffa5a2f0000 - 0x00007ffa5a2fa000 	C:\Windows\SYSTEM32\VERSION.dll
0x00007ffa5d8f0000 - 0x00007ffa5d903000 	C:\Windows\SYSTEM32\UMPDC.dll
0x00007ffa5ca70000 - 0x00007ffa5ca88000 	C:\Windows\SYSTEM32\kernel.appcore.dll
0x00007ffa49db0000 - 0x00007ffa49dba000 	C:\Program Files\Android\Android Studio\jbr\bin\jimage.dll
0x00007ffa57270000 - 0x00007ffa574a3000 	C:\Windows\SYSTEM32\DBGHELP.DLL
0x00007ffa5e5e0000 - 0x00007ffa5e973000 	C:\Windows\System32\combase.dll
0x00007ffa5f160000 - 0x00007ffa5f237000 	C:\Windows\System32\OLEAUT32.dll
0x00007ffa2fb30000 - 0x00007ffa2fb62000 	C:\Windows\SYSTEM32\dbgcore.DLL
0x00007ffa5e1d0000 - 0x00007ffa5e24b000 	C:\Windows\System32\bcryptPrimitives.dll
0x00007ffa54ba0000 - 0x00007ffa54bae000 	C:\Program Files\Android\Android Studio\jbr\bin\instrument.dll
0x00007ffa194c0000 - 0x00007ffa194e0000 	C:\Program Files\Android\Android Studio\jbr\bin\java.dll
0x00007ffa17f70000 - 0x00007ffa17f88000 	C:\Program Files\Android\Android Studio\jbr\bin\zip.dll
0x00007ffa5f250000 - 0x00007ffa5faf2000 	C:\Windows\System32\SHELL32.dll
0x00007ffa5e090000 - 0x00007ffa5e1cf000 	C:\Windows\System32\wintypes.dll
0x00007ffa5b970000 - 0x00007ffa5c28d000 	C:\Windows\SYSTEM32\windows.storage.dll
0x00007ffa60250000 - 0x00007ffa6035c000 	C:\Windows\System32\SHCORE.dll
0x00007ffa5f0f0000 - 0x00007ffa5f159000 	C:\Windows\System32\shlwapi.dll
0x00007ffa5d970000 - 0x00007ffa5d99b000 	C:\Windows\SYSTEM32\profapi.dll
0x00007ffa49c90000 - 0x00007ffa49ca0000 	C:\Program Files\Android\Android Studio\jbr\bin\net.dll
0x00007ffa5aaf0000 - 0x00007ffa5ac1c000 	C:\Windows\SYSTEM32\WINHTTP.dll
0x00007ffa5cef0000 - 0x00007ffa5cf59000 	C:\Windows\system32\mswsock.dll
0x00007ffa17ec0000 - 0x00007ffa17ed6000 	C:\Program Files\Android\Android Studio\jbr\bin\nio.dll
0x00007ffa42b80000 - 0x00007ffa42b90000 	C:\Program Files\Android\Android Studio\jbr\bin\verify.dll
0x00007ffa41050000 - 0x00007ffa41077000 	C:\Users\Krysthille Tambis\.gradle\native\c067742578af261105cb4f569cf0c3c89f3d7b1fecec35dd04571415982c5e48\windows-amd64\native-platform.dll
0x00007ff9d36a0000 - 0x00007ff9d37e4000 	C:\Users\Krysthille Tambis\.gradle\native\100fb08df4bc3b14c8652ba06237920a3bd2aa13389f12d3474272988ae205f9\windows-amd64\native-platform-file-events.dll
0x00007ffa42b10000 - 0x00007ffa42b19000 	C:\Program Files\Android\Android Studio\jbr\bin\management.dll
0x00007ffa42270000 - 0x00007ffa4227b000 	C:\Program Files\Android\Android Studio\jbr\bin\management_ext.dll
0x00007ffa5eb50000 - 0x00007ffa5eb58000 	C:\Windows\System32\PSAPI.DLL
0x00007ffa5d140000 - 0x00007ffa5d15b000 	C:\Windows\SYSTEM32\CRYPTSP.dll
0x00007ffa5c9d0000 - 0x00007ffa5ca07000 	C:\Windows\system32\rsaenh.dll
0x00007ffa5cfe0000 - 0x00007ffa5d008000 	C:\Windows\SYSTEM32\USERENV.dll
0x00007ffa5d160000 - 0x00007ffa5d16c000 	C:\Windows\SYSTEM32\CRYPTBASE.dll
0x00007ffa5c4f0000 - 0x00007ffa5c51d000 	C:\Windows\SYSTEM32\IPHLPAPI.DLL
0x00007ffa5f240000 - 0x00007ffa5f249000 	C:\Windows\System32\NSI.dll
0x00007ffa42170000 - 0x00007ffa42179000 	C:\Program Files\Android\Android Studio\jbr\bin\extnet.dll
0x00007ffa40f70000 - 0x00007ffa40f78000 	C:\Windows\system32\wshunix.dll

dbghelp: loaded successfully - version: 4.0.5 - missing functions: none
symbol engine: initialized successfully - sym options: 0x614 - pdb path: .;C:\Program Files\Android\Android Studio\jbr\bin;C:\Windows\SYSTEM32;C:\Windows\WinSxS\amd64_microsoft.windows.common-controls_6595b64144ccf1df_6.0.22621.5547_none_27104afb73855772;C:\Program Files\Android\Android Studio\jbr\bin\server;C:\Users\Krysthille Tambis\.gradle\native\c067742578af261105cb4f569cf0c3c89f3d7b1fecec35dd04571415982c5e48\windows-amd64;C:\Users\Krysthille Tambis\.gradle\native\100fb08df4bc3b14c8652ba06237920a3bd2aa13389f12d3474272988ae205f9\windows-amd64

VM Arguments:
jvm_args: -XX:MaxMetaspaceSize=4G -XX:ReservedCodeCacheSize=512m -XX:+HeapDumpOnOutOfMemoryError --add-opens=java.base/java.util=ALL-UNNAMED --add-opens=java.base/java.lang=ALL-UNNAMED --add-opens=java.base/java.lang.invoke=ALL-UNNAMED --add-opens=java.prefs/java.util.prefs=ALL-UNNAMED --add-exports=jdk.compiler/com.sun.tools.javac.api=ALL-UNNAMED --add-exports=jdk.compiler/com.sun.tools.javac.util=ALL-UNNAMED --add-opens=java.base/java.nio.charset=ALL-UNNAMED --add-opens=java.base/java.net=ALL-UNNAMED --add-opens=java.base/java.util.concurrent.atomic=ALL-UNNAMED -Xmx8G -Dfile.encoding=UTF-8 -Duser.country=US -Duser.language=en -Duser.variant -javaagent:C:\Users\Krysthille Tambis\.gradle\wrapper\dists\gradle-8.9-all\6m0mbzute7p0zdleavqlib88a\gradle-8.9\lib\agents\gradle-instrumentation-agent-8.9.jar 
java_command: org.gradle.launcher.daemon.bootstrap.GradleDaemon 8.9
java_class_path (initial): C:\Users\Krysthille Tambis\.gradle\wrapper\dists\gradle-8.9-all\6m0mbzute7p0zdleavqlib88a\gradle-8.9\lib\gradle-daemon-main-8.9.jar
Launcher Type: SUN_STANDARD

[Global flags]
     intx CICompilerCount                          = 4                                         {product} {ergonomic}
     uint ConcGCThreads                            = 2                                         {product} {ergonomic}
     uint G1ConcRefinementThreads                  = 8                                         {product} {ergonomic}
   size_t G1HeapRegionSize                         = 4194304                                   {product} {ergonomic}
    uintx GCDrainStackTargetSize                   = 64                                        {product} {ergonomic}
     bool HeapDumpOnOutOfMemoryError               = true                                   {manageable} {command line}
   size_t InitialHeapSize                          = 134217728                                 {product} {ergonomic}
   size_t MarkStackSize                            = 4194304                                   {product} {ergonomic}
   size_t MaxHeapSize                              = 8589934592                                {product} {command line}
   size_t MaxMetaspaceSize                         = 4294967296                                {product} {command line}
   size_t MaxNewSize                               = 5150605312                                {product} {ergonomic}
   size_t MinHeapDeltaBytes                        = 4194304                                   {product} {ergonomic}
   size_t MinHeapSize                              = 8388608                                   {product} {ergonomic}
    uintx NonNMethodCodeHeapSize                   = 5839372                                {pd product} {ergonomic}
    uintx NonProfiledCodeHeapSize                  = 265515770                              {pd product} {ergonomic}
    uintx ProfiledCodeHeapSize                     = 265515770                              {pd product} {ergonomic}
    uintx ReservedCodeCacheSize                    = 536870912                              {pd product} {command line}
     bool SegmentedCodeCache                       = true                                      {product} {ergonomic}
   size_t SoftMaxHeapSize                          = 8589934592                             {manageable} {ergonomic}
     bool UseCompressedOops                        = true                           {product lp64_product} {ergonomic}
     bool UseG1GC                                  = true                                      {product} {ergonomic}
     bool UseLargePagesIndividualAllocation        = false                                  {pd product} {ergonomic}

Logging:
Log output configuration:
 #0: stdout all=warning uptime,level,tags foldmultilines=false
 #1: stderr all=off uptime,level,tags foldmultilines=false

Environment Variables:
JAVA_HOME=C:\Program Files\Android\Android Studio\jbr
CLASSPATH=D:\ImPawsible\impawsible\android\\gradle\wrapper\gradle-wrapper.jar
PATH=C:\Program Files\Android\Android Studio\jbr\bin;D:\Source\flutter_windows_3.29.3-stable\flutter\bin\;C:\Program Files\Eclipse Adoptium\jdk-21.0.7.6-hotspot\bin;C:\Program Files\Common Files\Oracle\Java\javapath;C:\Windows\System32\HWAudioDriverLibs;C:\Windows\system32;C:\Windows;C:\Windows\System32\Wbem;C:\Windows\System32\WindowsPowerShell\v1.0\;C:\Windows\System32\OpenSSH\;C:\Users\Administrator\AppData\Local\Microsoft\WindowsApps;C:\Program Files\Microsoft SQL Server\Client SDK\ODBC\170\Tools\Binn\;C:\Program Files (x86)\Microchip\MPLAB C32 Suite\bin;D:\Source\flutter_windows_3.29.3-stable\flutter\bin;C:\Program Files\Microsoft SQL Server\150\Tools\Binn\;C:\Program Files\dotnet\;C:\Program Files (x86)\Windows Kits\10\Windows Performance Toolkit\;C:\XAMPP\htdocs;C:\Users\Krysthille Tambis\AppData\Local\Microsoft\WindowsApps;C:\Users\Krysthille Tambis\AppData\Local\Programs\Microsoft VS Code\bin;C:\Program Files\Azure Data Studio\bin;C:\Users\Krysthille Tambis\.dotnet\tools;C:\Users\Krysthille Tambis\AppData\Local\Programs\cursor\resources\app\bin;c:\Users\Krysthille Tambis\.vscode\extensions\ms-python.debugpy-2025.10.0-win32-x64\bundled\scripts\noConfigScripts;D:\Source\flutter_windows_3.29.3-stable\flutter\bin\mingit\cmd
USERNAME=Krysthille Tambis
LANG=en_US.UTF-8
OS=Windows_NT
PROCESSOR_IDENTIFIER=Intel64 Family 6 Model 140 Stepping 2, GenuineIntel
TMP=C:\Users\KRYSTH~1\AppData\Local\Temp
TEMP=C:\Users\KRYSTH~1\AppData\Local\Temp




Periodic native trim disabled

JNI global refs:
JNI global refs: 24, weak refs: 1

JNI global refs memory usage: 835, weak refs: 833

Process memory usage:
Resident Set Size: 219488K (2% of 8166712K total physical memory with 269364K free physical memory)

OOME stack traces (most recent first):
Classloader memory used:
Loader bootstrap                                                                       : 16988K
Loader org.gradle.internal.classloader.VisitableURLClassLoader                         : 14027K
Loader org.gradle.initialization.MixInLegacyTypesClassLoader                           : 1915K
Loader jdk.internal.loader.ClassLoaders$AppClassLoader                                 : 230K
Loader jdk.internal.loader.ClassLoaders$PlatformClassLoader                            : 114K

Classes loaded by more than one classloader:
Class org.gradle.internal.classloader.FilteringClassLoader                            : loaded 2 times (x 101B)
Class org.gradle.internal.classloader.ClassLoaderHierarchy                            : loaded 2 times (x 66B)
Class org.gradle.api.internal.classpath.ManifestUtil                                  : loaded 2 times (x 67B)
Class org.gradle.internal.classloader.DefaultClassLoaderFactory                       : loaded 2 times (x 78B)
Class org.gradle.internal.classloader.ClassLoaderVisitor                              : loaded 2 times (x 72B)
Class org.gradle.api.internal.classpath.EffectiveClassPath                            : loaded 2 times (x 86B)
Class org.gradle.api.internal.DefaultClassPathProvider                                : loaded 2 times (x 72B)
Class [Lorg.gradle.api.internal.ClassPathProvider;                                    : loaded 2 times (x 65B)
Class org.gradle.api.internal.ClassPathProvider                                       : loaded 2 times (x 66B)
Class org.gradle.internal.service.UnknownServiceException                             : loaded 2 times (x 79B)
Class org.gradle.internal.classpath.TransformedClassPath                              : loaded 2 times (x 92B)
Class org.gradle.internal.service.ServiceLocator                                      : loaded 2 times (x 66B)
Class org.gradle.internal.InternalTransformer                                         : loaded 2 times (x 66B)
Class org.gradle.internal.classloader.ClasspathUtil$1                                 : loaded 2 times (x 72B)
Class org.gradle.api.internal.classpath.DefaultModuleRegistry$DefaultModule           : loaded 2 times (x 82B)
Class org.gradle.api.internal.classpath.Module                                        : loaded 2 times (x 66B)
Class org.gradle.api.internal.classpath.UnknownModuleException                        : loaded 2 times (x 78B)
Class org.gradle.api.internal.DefaultClassPathRegistry                                : loaded 2 times (x 72B)
Class org.gradle.api.internal.ClassPathRegistry                                       : loaded 2 times (x 66B)
Class org.gradle.internal.classpath.DefaultClassPath$ImmutableUniqueList              : loaded 2 times (x 195B)
Class org.gradle.internal.classpath.ClassPath                                         : loaded 2 times (x 66B)
Class org.gradle.api.UncheckedIOException                                             : loaded 2 times (x 78B)
Class org.gradle.internal.installation.GradleInstallation$1                           : loaded 2 times (x 71B)
Class org.gradle.api.internal.classpath.ModuleRegistry                                : loaded 2 times (x 66B)
Class org.gradle.api.internal.classpath.DefaultModuleRegistry                         : loaded 2 times (x 79B)
Class org.gradle.internal.service.ServiceLookupException                              : loaded 2 times (x 78B)
Class org.gradle.internal.classloader.ClassLoaderFactory                              : loaded 2 times (x 66B)
Class org.gradle.internal.service.CachingServiceLocator                               : loaded 2 times (x 78B)
Class org.gradle.internal.classloader.ClasspathUtil                                   : loaded 2 times (x 67B)
Class org.gradle.api.specs.Spec                                                       : loaded 2 times (x 66B)
Class org.gradle.internal.classloader.VisitableURLClassLoader$InstrumentingVisitableURLClassLoader: loaded 2 times (x 119B)
Class org.gradle.internal.classloader.VisitableURLClassLoader$Spec                    : loaded 2 times (x 70B)
Class org.gradle.internal.classpath.DefaultClassPath                                  : loaded 2 times (x 86B)
Class org.gradle.internal.classloader.ClassLoaderSpec                                 : loaded 2 times (x 67B)
Class org.gradle.internal.classloader.VisitableURLClassLoader                         : loaded 2 times (x 113B)
Class org.gradle.internal.Cast                                                        : loaded 2 times (x 67B)
Class org.gradle.api.Action                                                           : loaded 2 times (x 66B)
Class org.gradle.internal.agents.InstrumentingClassLoader                             : loaded 2 times (x 66B)
Class org.gradle.internal.classpath.DefaultClassPath$ImmutableUniqueList$Builder      : loaded 2 times (x 71B)
Class org.gradle.api.GradleException                                                  : loaded 2 times (x 78B)
Class org.gradle.internal.IoActions                                                   : loaded 2 times (x 67B)
Class org.gradle.internal.classloader.SystemClassLoaderSpec                           : loaded 2 times (x 67B)
Class org.gradle.internal.installation.CurrentGradleInstallationLocator               : loaded 2 times (x 67B)
Class org.gradle.internal.service.DefaultServiceLocator                               : loaded 2 times (x 79B)
Class org.gradle.internal.installation.CurrentGradleInstallation                      : loaded 2 times (x 69B)
Class org.gradle.util.internal.GUtil                                                  : loaded 2 times (x 67B)
Class org.gradle.internal.installation.GradleInstallation                             : loaded 2 times (x 71B)

---------------  S Y S T E M  ---------------

OS:
 Windows 11 , 64 bit Build 22621 (10.0.22621.5415)
OS uptime: 98 days 2:28 hours

CPU: total 8 (initial active 8) (4 cores per cpu, 2 threads per core) family 6 model 140 stepping 2 microcode 0x16, cx8, cmov, fxsr, ht, mmx, 3dnowpref, sse, sse2, sse3, ssse3, sse4.1, sse4.2, popcnt, lzcnt, tsc, tscinvbit, avx, avx2, aes, erms, clmul, bmi1, bmi2, adx, avx512f, avx512dq, avx512cd, avx512bw, avx512vl, sha, fma, vzeroupper, avx512_vpopcntdq, avx512_vpclmulqdq, avx512_vaes, avx512_vnni, clflush, clflushopt, clwb, avx512_vbmi2, avx512_vbmi, rdtscp, rdpid, fsrm, gfni, avx512_bitalg, f16c, pku, cet_ibt, cet_ss, avx512_ifma
Processor Information for the first 8 processors :
  Max Mhz: 2496, Current Mhz: 2496, Mhz Limit: 2496

Memory: 4k page, system-wide physical 7975M (257M free)
TotalPageFile size 21128M (AvailPageFile size 5M)
current process WorkingSet (physical memory assigned to process): 214M, peak: 214M
current process commit charge ("private bytes"): 259M, peak: 261M

vm_info: OpenJDK 64-Bit Server VM (21.0.6+-13355223-b631.42) for windows-amd64 JRE (21.0.6+-13355223-b631.42), built on 2025-04-14T18:21:23Z by "builder" with MS VC++ 16.10 / 16.11 (VS2019)

END.
