#
# There is insufficient memory for the Java Runtime Environment to continue.
# Native memory allocation (mmap) failed to map 65536 bytes. Error detail: Failed to commit metaspace.
# Possible reasons:
#   The system is out of physical RAM or swap space
#   This process is running with CompressedOops enabled, and the Java Heap may be blocking the growth of the native heap
# Possible solutions:
#   Reduce memory load on the system
#   Increase physical memory or swap space
#   Check if swap backing store is full
#   Decrease Java heap size (-Xmx/-Xms)
#   Decrease number of Java threads
#   Decrease Java thread stack sizes (-Xss)
#   Set larger code cache with -XX:ReservedCodeCacheSize=
#

V  [jvm.dll+0x85ea73]
V  [jvm.dll+0x860fce]
V  [jvm.dll+0x8616b3]
V  [jvm.dll+0x27e6e6]
V  [jvm.dll+0x85994e]
V  [jvm.dll+0x673fc5]
V  [jvm.dll+0x67402a]
V  [jvm.dll+0x676886]
V  [jvm.dll+0x676752]
V  [jvm.dll+0x6749be]
V  [jvm.dll+0x685739]
V  [jvm.dll+0x67ebbe]
V  [jvm.dll+0x3d5901]
C  0x000002045630bfb2

The last pc belongs to method entry point (kind = zerolocals_synchronized) (printed below).
Java frames: (J=compiled Java code, j=interpreted, Vv=VM code)
j  java.lang.StringBuffer.length()I+0 java.base@21.0.6
j  java.lang.String.<init>(Ljava/lang/AbstractStringBuilder;Ljava/lang/Void;)V+10 java.base@21.0.6
j  java.lang.StringBuffer.toString()Ljava/lang/String;+14 java.base@21.0.6
j  java.io.StringWriter.toString()Ljava/lang/String;+4 java.base@21.0.6
j  org.gradle.launcher.daemon.bootstrap.DaemonOutputConsumer.start()V+132
j  org.gradle.process.internal.DefaultExecHandle$CompositeStreamsHandler.start()V+19
j  org.gradle.process.internal.ExecHandleRunner.lambda$run$0()V+25
j  org.gradle.process.internal.ExecHandleRunner$$Lambda+0x000000010020c298.run()V+4
j  org.gradle.internal.operations.CurrentBuildOperationRef.with(Lorg/gradle/internal/operations/BuildOperationRef;Ljava/lang/Runnable;)V+11
j  org.gradle.process.internal.ExecHandleRunner.run()V+13
j  org.gradle.internal.concurrent.ExecutorPolicy$CatchAndRecordFailures.onExecute(Ljava/lang/Runnable;)V+1
j  org.gradle.internal.concurrent.AbstractManagedExecutor$1.run()V+25
j  java.util.concurrent.ThreadPoolExecutor.runWorker(Ljava/util/concurrent/ThreadPoolExecutor$Worker;)V+92 java.base@21.0.6
j  java.util.concurrent.ThreadPoolExecutor$Worker.run()V+5 java.base@21.0.6
j  java.lang.Thread.runWith(Ljava/lang/Object;Ljava/lang/Runnable;)V+5 java.base@21.0.6
j  java.lang.Thread.run()V+19 java.base@21.0.6
v  ~StubRoutines::call_stub 0x00000204563010e7
method entry point (kind = zerolocals_synchronized)  [0x000002045630bde0, 0x000002045630c2a8]  1224 bytes
[MachCode]
  0x000002045630bde0: 488b 5308 | 0fb7 4a2e | 0fb7 522c | 2bd1 81fa | f501 0000 | 0f86 2500 | 0000 488b | c248 c1e0 
  0x000002045630be00: 0348 83c0 | 5849 0387 | c804 0000 | 483b e00f | 870a 0000 | 0058 498b | e550 e961 | a8ff ff58 
  0x000002045630be20: 4c8d 74cc | f885 d20f | 8e09 0000 | 0068 0000 | 0000 ffca | 7ff7 5055 | 488b ec41 | 5568 0000 
  0x000002045630be40: 0000 4c8b | 6b08 4d8d | 6d38 5348 | 8b53 0848 | 8b52 0848 | 8b52 1848 | 8b52 7048 | 8b12 5248 
  0x000002045630be60: 8b53 1048 | 85d2 0f84 | 0700 0000 | 4881 c208 | 0100 0052 | 488b 5308 | 488b 5208 | 488b 5210 
  0x000002045630be80: 5249 8bc6 | 482b c548 | c1e8 0350 | 4155 6800 | 0000 0048 | 8924 2441 | c687 7104 | 0000 0148 
  0x000002045630bea0: 8b45 d848 | 85c0 0f84 | 8800 0000 | 8b48 fc85 | c90f 887d | 0000 0048 | 03c1 488b | 4808 4883 
  0x000002045630bec0: e902 488b | 54c8 1048 | f7da 498b | 14d6 4885 | d275 10f6 | 44c8 1801 | 7554 f048 | 834c c818 
  0x000002045630bee0: 01eb 4b8b | 5208 48c1 | e203 4c8b | d248 3354 | c818 48f7 | c2fc ffff | ff74 33f6 | c202 752e 
  0x000002045630bf00: 4883 7cc8 | 1800 7421 | 4883 7cc8 | 1801 7419 | 498b d248 | 3354 c818 | 48f7 c2fc | ffff ff74 
  0x000002045630bf20: 0d48 834c | c818 02eb | 0548 8954 | c818 4883 | e902 798e | 488b 4310 | 4885 c074 | 208b 88cc 
  0x000002045630bf40: 0000 0083 | c102 8988 | cc00 0000 | 2388 e000 | 0000 0f84 | 9f02 0000 | e9cf 0000 | 0048 8b43 
  0x000002045630bf60: 1848 85c0 | 0f85 b000 | 0000 e805 | 0000 00e9 | 9900 0000 | 488b d348 | 8d44 2408 | 4c89 6dc0 
  0x000002045630bf80: 498b cfc5 | f877 4989 | afa8 0300 | 0049 8987 | 9803 0000 | 4883 ec20 | 40f6 c40f | 0f84 1900 
  0x000002045630bfa0: 0000 4883 | ec08 48b8 | e058 6aac | f97f 0000 | ffd0 4883 | c408 e90c | 0000 0048 | b8e0 586a 
  0x000002045630bfc0: acf9 7f00 | 00ff d048 | 83c4 2049 | c787 9803 | 0000 0000 | 0000 49c7 | 87a8 0300 | 0000 0000 
  0x000002045630bfe0: 0049 c787 | a003 0000 | 0000 0000 | c5f8 7749 | 837f 0800 | 0f84 0500 | 0000 e901 | 4fff ff4c 
  0x000002045630c000: 8b6d c04c | 8b75 c84e | 8d74 f500 | c348 8b43 | 1848 85c0 | 0f84 1200 | 0000 8b48 | 0883 c102 
  0x000002045630c020: 8948 0823 | 481c 0f84 | cb01 0000 | 493b a7e0 | 0400 000f | 8748 0000 | 0089 8424 | 00f0 ffff 
  0x000002045630c040: 8984 2400 | e0ff ff89 | 8424 00d0 | ffff 8984 | 2400 c0ff | ff89 8424 | 00b0 ffff | 8984 2400 
  0x000002045630c060: a0ff ff89 | 8424 0090 | ffff 8984 | 2400 80ff | ff49 3ba7 | d804 0000 | 7607 4989 | a7e0 0400 
  0x000002045630c080: 0041 c687 | 7104 0000 | 008b 4328 | a808 498b | 060f 8413 | 0000 0048 | 8b43 0848 | 8b40 0848 
  0x000002045630c0a0: 8b40 1848 | 8b40 7048 | 8b00 4883 | ec10 4889 | 65b8 4889 | 4424 0848 | 8bd4 4c8b | 4a08 b801 
  0x000002045630c0c0: 0000 0049 | 0b01 4889 | 02f0 490f | b111 0f84 | 1200 0000 | 482b c448 | 2507 f0ff | ff48 8902 
  0x000002045630c0e0: 0f85 0c00 | 0000 49ff | 8748 0500 | 00e9 a000 | 0000 e805 | 0000 00e9 | 9600 0000 | 488d 4424 
  0x000002045630c100: 084c 896d | c049 8bcf | c5f8 7749 | 89af a803 | 0000 4989 | 8798 0300 | 0048 83ec | 2040 f6c4 
  0x000002045630c120: 0f0f 8419 | 0000 0048 | 83ec 0848 | b820 6e6a | acf9 7f00 | 00ff d048 | 83c4 08e9 | 0c00 0000 
  0x000002045630c140: 48b8 206e | 6aac f97f | 0000 ffd0 | 4883 c420 | 49c7 8798 | 0300 0000 | 0000 0049 | c787 a803 
  0x000002045630c160: 0000 0000 | 0000 49c7 | 87a0 0300 | 0000 0000 | 00c5 f877 | 4983 7f08 | 000f 8405 | 0000 00e9 
  0x000002045630c180: 7c4d ffff | 4c8b 6dc0 | 4c8b 75c8 | 4e8d 74f5 | 00c3 49ba | 8057 e6ac | f97f 0000 | 4180 3a00 
  0x000002045630c1a0: 0f84 3e00 | 0000 488b | 55e8 498b | cf48 83ec | 2040 f6c4 | 0f0f 8419 | 0000 0048 | 83ec 0848 
  0x000002045630c1c0: b8c0 76a0 | acf9 7f00 | 00ff d048 | 83c4 08e9 | 0c00 0000 | 48b8 c076 | a0ac f97f | 0000 ffd0 
  0x000002045630c1e0: 4883 c420 | 410f b65d | 0049 ba70 | 29e9 acf9 | 7f00 0041 | ff24 daba | 0000 0000 | e805 0000 
  0x000002045630c200: 00e9 9600 | 0000 488d | 4424 084c | 896d c049 | 8bcf c5f8 | 7749 89af | a803 0000 | 4989 8798 
  0x000002045630c220: 0300 0048 | 83ec 2040 | f6c4 0f0f | 8419 0000 | 0048 83ec | 0848 b890 | 636a acf9 | 7f00 00ff 
  0x000002045630c240: d048 83c4 | 08e9 0c00 | 0000 48b8 | 9063 6aac | f97f 0000 | ffd0 4883 | c420 49c7 | 8798 0300 
  0x000002045630c260: 0000 0000 | 0049 c787 | a803 0000 | 0000 0000 | 49c7 87a0 | 0300 0000 | 0000 00c5 | f877 4983 
  0x000002045630c280: 7f08 000f | 8405 0000 | 00e9 724c | ffff 4c8b | 6dc0 4c8b | 75c8 4e8d | 74f5 00c3 | 488b 5de8 
  0x000002045630c2a0: e987 fdff | ff66 6690 
[/MachCode]

---------------  P R O C E S S  ---------------

Threads class SMR info:
_java_thread_list=0x0000020468a3ccd0, length=14, elements={
0x000002044bc7f170, 0x000002046345ae30, 0x000002046345c550, 0x0000020463440140,
0x0000020463440da0, 0x0000020463438df0, 0x000002046343ac60, 0x00000204634750a0,
0x000002046343efb0, 0x0000020463621090, 0x00000204636262e0, 0x0000020468226b60,
0x000002046899f040, 0x0000020468995750
}

Java Threads: ( => current thread )
  0x000002044bc7f170 JavaThread "main"                              [_thread_blocked, id=28996, stack(0x000000fa85900000,0x000000fa85a00000) (1024K)]
  0x000002046345ae30 JavaThread "Reference Handler"          daemon [_thread_blocked, id=24868, stack(0x000000fa86100000,0x000000fa86200000) (1024K)]
  0x000002046345c550 JavaThread "Finalizer"                  daemon [_thread_blocked, id=17248, stack(0x000000fa86200000,0x000000fa86300000) (1024K)]
  0x0000020463440140 JavaThread "Signal Dispatcher"          daemon [_thread_blocked, id=27100, stack(0x000000fa86300000,0x000000fa86400000) (1024K)]
  0x0000020463440da0 JavaThread "Attach Listener"            daemon [_thread_blocked, id=27896, stack(0x000000fa86400000,0x000000fa86500000) (1024K)]
  0x0000020463438df0 JavaThread "Service Thread"             daemon [_thread_blocked, id=27156, stack(0x000000fa86500000,0x000000fa86600000) (1024K)]
  0x000002046343ac60 JavaThread "Monitor Deflation Thread"   daemon [_thread_blocked, id=14836, stack(0x000000fa86600000,0x000000fa86700000) (1024K)]
  0x00000204634750a0 JavaThread "C2 CompilerThread0"         daemon [_thread_blocked, id=9240, stack(0x000000fa86700000,0x000000fa86800000) (1024K)]
  0x000002046343efb0 JavaThread "C1 CompilerThread0"         daemon [_thread_blocked, id=13064, stack(0x000000fa86800000,0x000000fa86900000) (1024K)]
  0x0000020463621090 JavaThread "Notification Thread"        daemon [_thread_blocked, id=20184, stack(0x000000fa86900000,0x000000fa86a00000) (1024K)]
  0x00000204636262e0 JavaThread "Common-Cleaner"             daemon [_thread_blocked, id=3592, stack(0x000000fa86a00000,0x000000fa86b00000) (1024K)]
  0x0000020468226b60 JavaThread "pool-1-thread-1"                   [_thread_blocked, id=27340, stack(0x000000fa87000000,0x000000fa87100000) (1024K)]
=>0x000002046899f040 JavaThread "Exec process"                      [_thread_in_vm, id=29308, stack(0x000000fa87500000,0x000000fa87600000) (1024K)]
  0x0000020468995750 JavaThread "Exec process Thread 2"             [_thread_blocked, id=19484, stack(0x000000fa87700000,0x000000fa87800000) (1024K)]
Total: 14

Other Threads:
  0x00000204632819c0 VMThread "VM Thread"                           [id=14668, stack(0x000000fa86000000,0x000000fa86100000) (1024K)]
  0x0000020463227b20 WatcherThread "VM Periodic Task Thread"        [id=7272, stack(0x000000fa85f00000,0x000000fa86000000) (1024K)]
  0x000002044bcd17a0 WorkerThread "GC Thread#0"                     [id=18328, stack(0x000000fa85a00000,0x000000fa85b00000) (1024K)]
  0x00000204681f0ff0 WorkerThread "GC Thread#1"                     [id=13252, stack(0x000000fa86d00000,0x000000fa86e00000) (1024K)]
  0x00000204681f1390 WorkerThread "GC Thread#2"                     [id=5272, stack(0x000000fa86e00000,0x000000fa86f00000) (1024K)]
  0x0000020463dcc5a0 WorkerThread "GC Thread#3"                     [id=30628, stack(0x000000fa86f00000,0x000000fa87000000) (1024K)]
  0x0000020468a0a180 WorkerThread "GC Thread#4"                     [id=27292, stack(0x000000fa87100000,0x000000fa87200000) (1024K)]
  0x0000020468a0a930 WorkerThread "GC Thread#5"                     [id=11760, stack(0x000000fa87200000,0x000000fa87300000) (1024K)]
  0x0000020468a0acd0 WorkerThread "GC Thread#6"                     [id=25348, stack(0x000000fa87300000,0x000000fa87400000) (1024K)]
  0x0000020468a0b070 WorkerThread "GC Thread#7"                     [id=2600, stack(0x000000fa87400000,0x000000fa87500000) (1024K)]
  0x000002044bce1fd0 ConcurrentGCThread "G1 Main Marker"            [id=19148, stack(0x000000fa85b00000,0x000000fa85c00000) (1024K)]
  0x000002044bce2b50 WorkerThread "G1 Conc#0"                       [id=8560, stack(0x000000fa85c00000,0x000000fa85d00000) (1024K)]
  0x00000204630f8c70 ConcurrentGCThread "G1 Refine#0"               [id=25904, stack(0x000000fa85d00000,0x000000fa85e00000) (1024K)]
  0x00000204630f95f0 ConcurrentGCThread "G1 Service"                [id=21136, stack(0x000000fa85e00000,0x000000fa85f00000) (1024K)]
Total: 14

Threads with active compile tasks:
Total: 0

VM state: not at safepoint (normal execution)

VM Mutex/Monitor currently owned by a thread:  ([mutex/lock_event])
[0x00007ff9ace7c1a0] Metaspace_lock - owner thread: 0x000002046899f040

Heap address: 0x0000000083600000, size: 1994 MB, Compressed Oops mode: 32-bit

CDS archive(s) not mapped
Compressed class space mapped at: 0x0000000100000000-0x0000000140000000, reserved size: 1073741824
Narrow klass base: 0x0000000000000000, Narrow klass shift: 3, Narrow klass range: 0x140000000

GC Precious Log:
 CardTable entry size: 512
 Card Set container configuration: InlinePtr #cards 5 size 8 Array Of Cards #cards 12 size 40 Howl #buckets 4 coarsen threshold 1843 Howl Bitmap #cards 512 size 80 coarsen threshold 460 Card regions per heap region 1 cards per card region 2048
 CPUs: 8 total, 8 available
 Memory: 7975M
 Large Page Support: Disabled
 NUMA Support: Disabled
 Compressed Oops: Enabled (32-bit)
 Heap Region Size: 1M
 Heap Min Capacity: 8M
 Heap Initial Capacity: 126M
 Heap Max Capacity: 1994M
 Pre-touch: Disabled
 Parallel Workers: 8
 Concurrent Workers: 2
 Concurrent Refinement Workers: 8
 Periodic GC: Disabled

Heap:
 garbage-first heap   total 129024K, used 15534K [0x0000000083600000, 0x0000000100000000)
  region size 1024K, 7 young (7168K), 4 survivors (4096K)
 Metaspace       used 19106K, committed 19392K, reserved 1114112K
  class space    used 2132K, committed 2304K, reserved 1048576K

Heap Regions: E=young(eden), S=young(survivor), O=old, HS=humongous(starts), HC=humongous(continues), CS=collection set, F=free, TAMS=top-at-mark-start, PB=parsable bottom
|   0|0x0000000083600000, 0x0000000083700000, 0x0000000083700000|100%|HS|  |TAMS 0x0000000083600000| PB 0x0000000083600000| Complete 
|   1|0x0000000083700000, 0x0000000083800000, 0x0000000083800000|100%|HC|  |TAMS 0x0000000083700000| PB 0x0000000083700000| Complete 
|   2|0x0000000083800000, 0x0000000083900000, 0x0000000083900000|100%|HC|  |TAMS 0x0000000083800000| PB 0x0000000083800000| Complete 
|   3|0x0000000083900000, 0x0000000083a00000, 0x0000000083a00000|100%|HC|  |TAMS 0x0000000083900000| PB 0x0000000083900000| Complete 
|   4|0x0000000083a00000, 0x0000000083b00000, 0x0000000083b00000|100%| O|  |TAMS 0x0000000083a00000| PB 0x0000000083a00000| Untracked 
|   5|0x0000000083b00000, 0x0000000083c00000, 0x0000000083c00000|100%| O|  |TAMS 0x0000000083b00000| PB 0x0000000083b00000| Untracked 
|   6|0x0000000083c00000, 0x0000000083d00000, 0x0000000083d00000|100%| O|  |TAMS 0x0000000083c00000| PB 0x0000000083c00000| Untracked 
|   7|0x0000000083d00000, 0x0000000083e00000, 0x0000000083e00000|100%| O|  |TAMS 0x0000000083d00000| PB 0x0000000083d00000| Untracked 
|   8|0x0000000083e00000, 0x0000000083f00000, 0x0000000083f00000|100%| O|  |TAMS 0x0000000083e00000| PB 0x0000000083e00000| Untracked 
|   9|0x0000000083f00000, 0x0000000083f567c0, 0x0000000084000000| 33%| O|  |TAMS 0x0000000083f00000| PB 0x0000000083f00000| Untracked 
|  10|0x0000000084000000, 0x0000000084000000, 0x0000000084100000|  0%| F|  |TAMS 0x0000000084000000| PB 0x0000000084000000| Untracked 
|  11|0x0000000084100000, 0x0000000084100000, 0x0000000084200000|  0%| F|  |TAMS 0x0000000084100000| PB 0x0000000084100000| Untracked 
|  12|0x0000000084200000, 0x0000000084200000, 0x0000000084300000|  0%| F|  |TAMS 0x0000000084200000| PB 0x0000000084200000| Untracked 
|  13|0x0000000084300000, 0x0000000084300000, 0x0000000084400000|  0%| F|  |TAMS 0x0000000084300000| PB 0x0000000084300000| Untracked 
|  14|0x0000000084400000, 0x0000000084400000, 0x0000000084500000|  0%| F|  |TAMS 0x0000000084400000| PB 0x0000000084400000| Untracked 
|  15|0x0000000084500000, 0x0000000084500000, 0x0000000084600000|  0%| F|  |TAMS 0x0000000084500000| PB 0x0000000084500000| Untracked 
|  16|0x0000000084600000, 0x0000000084600000, 0x0000000084700000|  0%| F|  |TAMS 0x0000000084600000| PB 0x0000000084600000| Untracked 
|  17|0x0000000084700000, 0x0000000084700000, 0x0000000084800000|  0%| F|  |TAMS 0x0000000084700000| PB 0x0000000084700000| Untracked 
|  18|0x0000000084800000, 0x0000000084800000, 0x0000000084900000|  0%| F|  |TAMS 0x0000000084800000| PB 0x0000000084800000| Untracked 
|  19|0x0000000084900000, 0x0000000084900000, 0x0000000084a00000|  0%| F|  |TAMS 0x0000000084900000| PB 0x0000000084900000| Untracked 
|  20|0x0000000084a00000, 0x0000000084a00000, 0x0000000084b00000|  0%| F|  |TAMS 0x0000000084a00000| PB 0x0000000084a00000| Untracked 
|  21|0x0000000084b00000, 0x0000000084b00000, 0x0000000084c00000|  0%| F|  |TAMS 0x0000000084b00000| PB 0x0000000084b00000| Untracked 
|  22|0x0000000084c00000, 0x0000000084c00000, 0x0000000084d00000|  0%| F|  |TAMS 0x0000000084c00000| PB 0x0000000084c00000| Untracked 
|  23|0x0000000084d00000, 0x0000000084d00000, 0x0000000084e00000|  0%| F|  |TAMS 0x0000000084d00000| PB 0x0000000084d00000| Untracked 
|  24|0x0000000084e00000, 0x0000000084e00000, 0x0000000084f00000|  0%| F|  |TAMS 0x0000000084e00000| PB 0x0000000084e00000| Untracked 
|  25|0x0000000084f00000, 0x0000000084f00000, 0x0000000085000000|  0%| F|  |TAMS 0x0000000084f00000| PB 0x0000000084f00000| Untracked 
|  26|0x0000000085000000, 0x0000000085000000, 0x0000000085100000|  0%| F|  |TAMS 0x0000000085000000| PB 0x0000000085000000| Untracked 
|  27|0x0000000085100000, 0x0000000085100000, 0x0000000085200000|  0%| F|  |TAMS 0x0000000085100000| PB 0x0000000085100000| Untracked 
|  28|0x0000000085200000, 0x0000000085200000, 0x0000000085300000|  0%| F|  |TAMS 0x0000000085200000| PB 0x0000000085200000| Untracked 
|  29|0x0000000085300000, 0x0000000085300000, 0x0000000085400000|  0%| F|  |TAMS 0x0000000085300000| PB 0x0000000085300000| Untracked 
|  30|0x0000000085400000, 0x0000000085400000, 0x0000000085500000|  0%| F|  |TAMS 0x0000000085400000| PB 0x0000000085400000| Untracked 
|  31|0x0000000085500000, 0x0000000085500000, 0x0000000085600000|  0%| F|  |TAMS 0x0000000085500000| PB 0x0000000085500000| Untracked 
|  32|0x0000000085600000, 0x0000000085600000, 0x0000000085700000|  0%| F|  |TAMS 0x0000000085600000| PB 0x0000000085600000| Untracked 
|  33|0x0000000085700000, 0x0000000085700000, 0x0000000085800000|  0%| F|  |TAMS 0x0000000085700000| PB 0x0000000085700000| Untracked 
|  34|0x0000000085800000, 0x0000000085800000, 0x0000000085900000|  0%| F|  |TAMS 0x0000000085800000| PB 0x0000000085800000| Untracked 
|  35|0x0000000085900000, 0x0000000085900000, 0x0000000085a00000|  0%| F|  |TAMS 0x0000000085900000| PB 0x0000000085900000| Untracked 
|  36|0x0000000085a00000, 0x0000000085a00000, 0x0000000085b00000|  0%| F|  |TAMS 0x0000000085a00000| PB 0x0000000085a00000| Untracked 
|  37|0x0000000085b00000, 0x0000000085b00000, 0x0000000085c00000|  0%| F|  |TAMS 0x0000000085b00000| PB 0x0000000085b00000| Untracked 
|  38|0x0000000085c00000, 0x0000000085c00000, 0x0000000085d00000|  0%| F|  |TAMS 0x0000000085c00000| PB 0x0000000085c00000| Untracked 
|  39|0x0000000085d00000, 0x0000000085d00000, 0x0000000085e00000|  0%| F|  |TAMS 0x0000000085d00000| PB 0x0000000085d00000| Untracked 
|  40|0x0000000085e00000, 0x0000000085e00000, 0x0000000085f00000|  0%| F|  |TAMS 0x0000000085e00000| PB 0x0000000085e00000| Untracked 
|  41|0x0000000085f00000, 0x0000000085f00000, 0x0000000086000000|  0%| F|  |TAMS 0x0000000085f00000| PB 0x0000000085f00000| Untracked 
|  42|0x0000000086000000, 0x0000000086000000, 0x0000000086100000|  0%| F|  |TAMS 0x0000000086000000| PB 0x0000000086000000| Untracked 
|  43|0x0000000086100000, 0x0000000086100000, 0x0000000086200000|  0%| F|  |TAMS 0x0000000086100000| PB 0x0000000086100000| Untracked 
|  44|0x0000000086200000, 0x0000000086200000, 0x0000000086300000|  0%| F|  |TAMS 0x0000000086200000| PB 0x0000000086200000| Untracked 
|  45|0x0000000086300000, 0x0000000086300000, 0x0000000086400000|  0%| F|  |TAMS 0x0000000086300000| PB 0x0000000086300000| Untracked 
|  46|0x0000000086400000, 0x0000000086400000, 0x0000000086500000|  0%| F|  |TAMS 0x0000000086400000| PB 0x0000000086400000| Untracked 
|  47|0x0000000086500000, 0x0000000086500000, 0x0000000086600000|  0%| F|  |TAMS 0x0000000086500000| PB 0x0000000086500000| Untracked 
|  48|0x0000000086600000, 0x0000000086600000, 0x0000000086700000|  0%| F|  |TAMS 0x0000000086600000| PB 0x0000000086600000| Untracked 
|  49|0x0000000086700000, 0x0000000086700000, 0x0000000086800000|  0%| F|  |TAMS 0x0000000086700000| PB 0x0000000086700000| Untracked 
|  50|0x0000000086800000, 0x0000000086800000, 0x0000000086900000|  0%| F|  |TAMS 0x0000000086800000| PB 0x0000000086800000| Untracked 
|  51|0x0000000086900000, 0x0000000086900000, 0x0000000086a00000|  0%| F|  |TAMS 0x0000000086900000| PB 0x0000000086900000| Untracked 
|  52|0x0000000086a00000, 0x0000000086a00000, 0x0000000086b00000|  0%| F|  |TAMS 0x0000000086a00000| PB 0x0000000086a00000| Untracked 
|  53|0x0000000086b00000, 0x0000000086b00000, 0x0000000086c00000|  0%| F|  |TAMS 0x0000000086b00000| PB 0x0000000086b00000| Untracked 
|  54|0x0000000086c00000, 0x0000000086c00000, 0x0000000086d00000|  0%| F|  |TAMS 0x0000000086c00000| PB 0x0000000086c00000| Untracked 
|  55|0x0000000086d00000, 0x0000000086d00000, 0x0000000086e00000|  0%| F|  |TAMS 0x0000000086d00000| PB 0x0000000086d00000| Untracked 
|  56|0x0000000086e00000, 0x0000000086e00000, 0x0000000086f00000|  0%| F|  |TAMS 0x0000000086e00000| PB 0x0000000086e00000| Untracked 
|  57|0x0000000086f00000, 0x0000000086f00000, 0x0000000087000000|  0%| F|  |TAMS 0x0000000086f00000| PB 0x0000000086f00000| Untracked 
|  58|0x0000000087000000, 0x0000000087000000, 0x0000000087100000|  0%| F|  |TAMS 0x0000000087000000| PB 0x0000000087000000| Untracked 
|  59|0x0000000087100000, 0x0000000087100000, 0x0000000087200000|  0%| F|  |TAMS 0x0000000087100000| PB 0x0000000087100000| Untracked 
|  60|0x0000000087200000, 0x0000000087200000, 0x0000000087300000|  0%| F|  |TAMS 0x0000000087200000| PB 0x0000000087200000| Untracked 
|  61|0x0000000087300000, 0x0000000087300000, 0x0000000087400000|  0%| F|  |TAMS 0x0000000087300000| PB 0x0000000087300000| Untracked 
|  62|0x0000000087400000, 0x0000000087400000, 0x0000000087500000|  0%| F|  |TAMS 0x0000000087400000| PB 0x0000000087400000| Untracked 
|  63|0x0000000087500000, 0x0000000087500000, 0x0000000087600000|  0%| F|  |TAMS 0x0000000087500000| PB 0x0000000087500000| Untracked 
|  64|0x0000000087600000, 0x0000000087600000, 0x0000000087700000|  0%| F|  |TAMS 0x0000000087600000| PB 0x0000000087600000| Untracked 
|  65|0x0000000087700000, 0x0000000087700000, 0x0000000087800000|  0%| F|  |TAMS 0x0000000087700000| PB 0x0000000087700000| Untracked 
|  66|0x0000000087800000, 0x0000000087800000, 0x0000000087900000|  0%| F|  |TAMS 0x0000000087800000| PB 0x0000000087800000| Untracked 
|  67|0x0000000087900000, 0x0000000087900000, 0x0000000087a00000|  0%| F|  |TAMS 0x0000000087900000| PB 0x0000000087900000| Untracked 
|  68|0x0000000087a00000, 0x0000000087a00000, 0x0000000087b00000|  0%| F|  |TAMS 0x0000000087a00000| PB 0x0000000087a00000| Untracked 
|  69|0x0000000087b00000, 0x0000000087b00000, 0x0000000087c00000|  0%| F|  |TAMS 0x0000000087b00000| PB 0x0000000087b00000| Untracked 
|  70|0x0000000087c00000, 0x0000000087c00000, 0x0000000087d00000|  0%| F|  |TAMS 0x0000000087c00000| PB 0x0000000087c00000| Untracked 
|  71|0x0000000087d00000, 0x0000000087d00000, 0x0000000087e00000|  0%| F|  |TAMS 0x0000000087d00000| PB 0x0000000087d00000| Untracked 
|  72|0x0000000087e00000, 0x0000000087e00000, 0x0000000087f00000|  0%| F|  |TAMS 0x0000000087e00000| PB 0x0000000087e00000| Untracked 
|  73|0x0000000087f00000, 0x0000000087f00000, 0x0000000088000000|  0%| F|  |TAMS 0x0000000087f00000| PB 0x0000000087f00000| Untracked 
|  74|0x0000000088000000, 0x0000000088000000, 0x0000000088100000|  0%| F|  |TAMS 0x0000000088000000| PB 0x0000000088000000| Untracked 
|  75|0x0000000088100000, 0x0000000088100000, 0x0000000088200000|  0%| F|  |TAMS 0x0000000088100000| PB 0x0000000088100000| Untracked 
|  76|0x0000000088200000, 0x0000000088200000, 0x0000000088300000|  0%| F|  |TAMS 0x0000000088200000| PB 0x0000000088200000| Untracked 
|  77|0x0000000088300000, 0x0000000088300000, 0x0000000088400000|  0%| F|  |TAMS 0x0000000088300000| PB 0x0000000088300000| Untracked 
|  78|0x0000000088400000, 0x0000000088400000, 0x0000000088500000|  0%| F|  |TAMS 0x0000000088400000| PB 0x0000000088400000| Untracked 
|  79|0x0000000088500000, 0x0000000088500000, 0x0000000088600000|  0%| F|  |TAMS 0x0000000088500000| PB 0x0000000088500000| Untracked 
|  80|0x0000000088600000, 0x0000000088600000, 0x0000000088700000|  0%| F|  |TAMS 0x0000000088600000| PB 0x0000000088600000| Untracked 
|  81|0x0000000088700000, 0x0000000088700000, 0x0000000088800000|  0%| F|  |TAMS 0x0000000088700000| PB 0x0000000088700000| Untracked 
|  82|0x0000000088800000, 0x0000000088800000, 0x0000000088900000|  0%| F|  |TAMS 0x0000000088800000| PB 0x0000000088800000| Untracked 
|  83|0x0000000088900000, 0x0000000088900000, 0x0000000088a00000|  0%| F|  |TAMS 0x0000000088900000| PB 0x0000000088900000| Untracked 
|  84|0x0000000088a00000, 0x0000000088a00000, 0x0000000088b00000|  0%| F|  |TAMS 0x0000000088a00000| PB 0x0000000088a00000| Untracked 
|  85|0x0000000088b00000, 0x0000000088b00000, 0x0000000088c00000|  0%| F|  |TAMS 0x0000000088b00000| PB 0x0000000088b00000| Untracked 
|  86|0x0000000088c00000, 0x0000000088c00000, 0x0000000088d00000|  0%| F|  |TAMS 0x0000000088c00000| PB 0x0000000088c00000| Untracked 
|  87|0x0000000088d00000, 0x0000000088d00000, 0x0000000088e00000|  0%| F|  |TAMS 0x0000000088d00000| PB 0x0000000088d00000| Untracked 
|  88|0x0000000088e00000, 0x0000000088ed5428, 0x0000000088f00000| 83%| S|CS|TAMS 0x0000000088e00000| PB 0x0000000088e00000| Complete 
|  89|0x0000000088f00000, 0x0000000089000000, 0x0000000089000000|100%| S|CS|TAMS 0x0000000088f00000| PB 0x0000000088f00000| Complete 
|  90|0x0000000089000000, 0x0000000089100000, 0x0000000089100000|100%| S|CS|TAMS 0x0000000089000000| PB 0x0000000089000000| Complete 
|  91|0x0000000089100000, 0x0000000089200000, 0x0000000089200000|100%| S|CS|TAMS 0x0000000089100000| PB 0x0000000089100000| Complete 
|  92|0x0000000089200000, 0x0000000089200000, 0x0000000089300000|  0%| F|  |TAMS 0x0000000089200000| PB 0x0000000089200000| Untracked 
|  93|0x0000000089300000, 0x0000000089300000, 0x0000000089400000|  0%| F|  |TAMS 0x0000000089300000| PB 0x0000000089300000| Untracked 
|  94|0x0000000089400000, 0x0000000089400000, 0x0000000089500000|  0%| F|  |TAMS 0x0000000089400000| PB 0x0000000089400000| Untracked 
|  95|0x0000000089500000, 0x0000000089500000, 0x0000000089600000|  0%| F|  |TAMS 0x0000000089500000| PB 0x0000000089500000| Untracked 
|  96|0x0000000089600000, 0x0000000089600000, 0x0000000089700000|  0%| F|  |TAMS 0x0000000089600000| PB 0x0000000089600000| Untracked 
|  97|0x0000000089700000, 0x0000000089700000, 0x0000000089800000|  0%| F|  |TAMS 0x0000000089700000| PB 0x0000000089700000| Untracked 
|  98|0x0000000089800000, 0x0000000089800000, 0x0000000089900000|  0%| F|  |TAMS 0x0000000089800000| PB 0x0000000089800000| Untracked 
|  99|0x0000000089900000, 0x0000000089900000, 0x0000000089a00000|  0%| F|  |TAMS 0x0000000089900000| PB 0x0000000089900000| Untracked 
| 100|0x0000000089a00000, 0x0000000089a00000, 0x0000000089b00000|  0%| F|  |TAMS 0x0000000089a00000| PB 0x0000000089a00000| Untracked 
| 101|0x0000000089b00000, 0x0000000089b00000, 0x0000000089c00000|  0%| F|  |TAMS 0x0000000089b00000| PB 0x0000000089b00000| Untracked 
| 102|0x0000000089c00000, 0x0000000089c00000, 0x0000000089d00000|  0%| F|  |TAMS 0x0000000089c00000| PB 0x0000000089c00000| Untracked 
| 103|0x0000000089d00000, 0x0000000089d00000, 0x0000000089e00000|  0%| F|  |TAMS 0x0000000089d00000| PB 0x0000000089d00000| Untracked 
| 104|0x0000000089e00000, 0x0000000089e00000, 0x0000000089f00000|  0%| F|  |TAMS 0x0000000089e00000| PB 0x0000000089e00000| Untracked 
| 105|0x0000000089f00000, 0x0000000089f00000, 0x000000008a000000|  0%| F|  |TAMS 0x0000000089f00000| PB 0x0000000089f00000| Untracked 
| 106|0x000000008a000000, 0x000000008a000000, 0x000000008a100000|  0%| F|  |TAMS 0x000000008a000000| PB 0x000000008a000000| Untracked 
| 107|0x000000008a100000, 0x000000008a100000, 0x000000008a200000|  0%| F|  |TAMS 0x000000008a100000| PB 0x000000008a100000| Untracked 
| 108|0x000000008a200000, 0x000000008a200000, 0x000000008a300000|  0%| F|  |TAMS 0x000000008a200000| PB 0x000000008a200000| Untracked 
| 109|0x000000008a300000, 0x000000008a300000, 0x000000008a400000|  0%| F|  |TAMS 0x000000008a300000| PB 0x000000008a300000| Untracked 
| 110|0x000000008a400000, 0x000000008a400000, 0x000000008a500000|  0%| F|  |TAMS 0x000000008a400000| PB 0x000000008a400000| Untracked 
| 111|0x000000008a500000, 0x000000008a500000, 0x000000008a600000|  0%| F|  |TAMS 0x000000008a500000| PB 0x000000008a500000| Untracked 
| 112|0x000000008a600000, 0x000000008a600000, 0x000000008a700000|  0%| F|  |TAMS 0x000000008a600000| PB 0x000000008a600000| Untracked 
| 113|0x000000008a700000, 0x000000008a700000, 0x000000008a800000|  0%| F|  |TAMS 0x000000008a700000| PB 0x000000008a700000| Untracked 
| 114|0x000000008a800000, 0x000000008a800000, 0x000000008a900000|  0%| F|  |TAMS 0x000000008a800000| PB 0x000000008a800000| Untracked 
| 115|0x000000008a900000, 0x000000008a900000, 0x000000008aa00000|  0%| F|  |TAMS 0x000000008a900000| PB 0x000000008a900000| Untracked 
| 116|0x000000008aa00000, 0x000000008aa00000, 0x000000008ab00000|  0%| F|  |TAMS 0x000000008aa00000| PB 0x000000008aa00000| Untracked 
| 117|0x000000008ab00000, 0x000000008ab00000, 0x000000008ac00000|  0%| F|  |TAMS 0x000000008ab00000| PB 0x000000008ab00000| Untracked 
| 118|0x000000008ac00000, 0x000000008ac00000, 0x000000008ad00000|  0%| F|  |TAMS 0x000000008ac00000| PB 0x000000008ac00000| Untracked 
| 119|0x000000008ad00000, 0x000000008ad00000, 0x000000008ae00000|  0%| F|  |TAMS 0x000000008ad00000| PB 0x000000008ad00000| Untracked 
| 120|0x000000008ae00000, 0x000000008ae00000, 0x000000008af00000|  0%| F|  |TAMS 0x000000008ae00000| PB 0x000000008ae00000| Untracked 
| 121|0x000000008af00000, 0x000000008af00000, 0x000000008b000000|  0%| F|  |TAMS 0x000000008af00000| PB 0x000000008af00000| Untracked 
| 122|0x000000008b000000, 0x000000008b000000, 0x000000008b100000|  0%| F|  |TAMS 0x000000008b000000| PB 0x000000008b000000| Untracked 
| 123|0x000000008b100000, 0x000000008b149640, 0x000000008b200000| 28%| E|  |TAMS 0x000000008b100000| PB 0x000000008b100000| Complete 
| 124|0x000000008b200000, 0x000000008b300000, 0x000000008b300000|100%| E|CS|TAMS 0x000000008b200000| PB 0x000000008b200000| Complete 
| 125|0x000000008b300000, 0x000000008b400000, 0x000000008b400000|100%| E|CS|TAMS 0x000000008b300000| PB 0x000000008b300000| Complete 

Card table byte_map: [0x000002045e4f0000,0x000002045e8e0000] _byte_map_base: 0x000002045e0d5000

Marking Bits: (CMBitMap*) 0x000002044bcd1db0
 Bits: [0x000002045e8e0000, 0x0000020460808000)

Polling page: 0x0000020449ab0000

Metaspace:

Usage:
  Non-class:     16.58 MB used.
      Class:      2.08 MB used.
       Both:     18.66 MB used.

Virtual space:
  Non-class space:       64.00 MB reserved,      16.69 MB ( 26%) committed,  1 nodes.
      Class space:        1.00 GB reserved,       2.25 MB ( <1%) committed,  1 nodes.
             Both:        1.06 GB reserved,      18.94 MB (  2%) committed. 

Chunk freelists:
   Non-Class:  14.77 MB
       Class:  13.68 MB
        Both:  28.45 MB

MaxMetaspaceSize: unlimited
CompressedClassSpaceSize: 1.00 GB
Initial GC threshold: 21.00 MB
Current GC threshold: 21.00 MB
CDS: off
 - commit_granule_bytes: 65536.
 - commit_granule_words: 8192.
 - virtual_space_node_default_size: 8388608.
 - enlarge_chunks_in_place: 1.
 - use_allocation_guard: 0.


Internal statistics:

num_allocs_failed_limit: 0.
num_arena_births: 232.
num_arena_deaths: 0.
num_vsnodes_births: 2.
num_vsnodes_deaths: 0.
num_space_committed: 303.
num_space_uncommitted: 0.
num_chunks_returned_to_freelist: 0.
num_chunks_taken_from_freelist: 537.
num_chunk_merges: 0.
num_chunk_splits: 340.
num_chunks_enlarged: 250.
num_inconsistent_stats: 0.

CodeHeap 'non-profiled nmethods': size=120000Kb used=761Kb max_used=761Kb free=119238Kb
 bounds [0x00000204568a0000, 0x0000020456b10000, 0x000002045ddd0000]
CodeHeap 'profiled nmethods': size=120000Kb used=3243Kb max_used=3243Kb free=116756Kb
 bounds [0x000002044edd0000, 0x000002044f100000, 0x0000020456300000]
CodeHeap 'non-nmethods': size=5760Kb used=1528Kb max_used=1540Kb free=4231Kb
 bounds [0x0000020456300000, 0x0000020456570000, 0x00000204568a0000]
 total_blobs=2249 nmethods=1744 adapters=410
 compilation: enabled
              stopped_count=0, restarted_count=0
 full_count=0

Compilation events (20 events):
Event: 1.104 Thread 0x000002046343efb0 1735       3       java.lang.invoke.MethodHandleNatives::findMethodHandleType (7 bytes)
Event: 1.104 Thread 0x000002046343efb0 nmethod 1735 0x000002044f0f7f10 code [0x000002044f0f80c0, 0x000002044f0f81e0]
Event: 1.105 Thread 0x000002046343efb0 1736       3       jdk.internal.org.objectweb.asm.Handler::putExceptionTable (63 bytes)
Event: 1.106 Thread 0x000002046343efb0 nmethod 1736 0x000002044f0f8290 code [0x000002044f0f84a0, 0x000002044f0f88e0]
Event: 1.106 Thread 0x000002046343efb0 1737       3       jdk.internal.misc.VM::isSystemDomainLoader (17 bytes)
Event: 1.106 Thread 0x000002046343efb0 nmethod 1737 0x000002044f0f8b90 code [0x000002044f0f8d60, 0x000002044f0f90c8]
Event: 1.106 Thread 0x000002046343efb0 1738       3       java.lang.invoke.MethodHandle::isAncestorLoaderOf (35 bytes)
Event: 1.106 Thread 0x000002046343efb0 nmethod 1738 0x000002044f0f9210 code [0x000002044f0f9440, 0x000002044f0f9bb0]
Event: 1.112 Thread 0x000002046343efb0 1739       3       java.lang.StringUTF16::getChar (60 bytes)
Event: 1.112 Thread 0x000002046343efb0 nmethod 1739 0x000002044f0f9e10 code [0x000002044f0f9fc0, 0x000002044f0fa130]
Event: 1.112 Thread 0x00000204638d4610 1740       4       java.lang.StringUTF16::getChar (60 bytes)
Event: 1.113 Thread 0x00000204638d4610 nmethod 1740 0x000002045695dc10 code [0x000002045695dda0, 0x000002045695de88]
Event: 2.597 Thread 0x000002046343efb0 1741       1       java.util.concurrent.atomic.AtomicInteger::get (5 bytes)
Event: 2.597 Thread 0x000002046343efb0 nmethod 1741 0x000002045695df90 code [0x000002045695e120, 0x000002045695e1e8]
Event: 2.825 Thread 0x00000204634750a0 1742       4       java.lang.Character::charCount (12 bytes)
Event: 2.826 Thread 0x000002046343efb0 1743       3       java.nio.CharBuffer::charAt (16 bytes)
Event: 2.826 Thread 0x00000204634750a0 nmethod 1742 0x000002045695e290 code [0x000002045695e420, 0x000002045695e4a8]
Event: 2.826 Thread 0x000002046343efb0 nmethod 1743 0x000002044f0fa210 code [0x000002044f0fa3e0, 0x000002044f0fa780]
Event: 2.826 Thread 0x000002046343efb0 1744       3       java.nio.Buffer::checkIndex (16 bytes)
Event: 2.826 Thread 0x000002046343efb0 nmethod 1744 0x000002044f0fa990 code [0x000002044f0fab40, 0x000002044f0faca0]

GC Heap History (4 events):
Event: 0.440 GC heap before
{Heap before GC invocations=0 (full 0):
 garbage-first heap   total 129024K, used 26624K [0x0000000083600000, 0x0000000100000000)
  region size 1024K, 23 young (23552K), 0 survivors (0K)
 Metaspace       used 8665K, committed 8896K, reserved 1114112K
  class space    used 758K, committed 896K, reserved 1048576K
}
Event: 0.443 GC heap after
{Heap after GC invocations=1 (full 0):
 garbage-first heap   total 129024K, used 9410K [0x0000000083600000, 0x0000000100000000)
  region size 1024K, 3 young (3072K), 3 survivors (3072K)
 Metaspace       used 8665K, committed 8896K, reserved 1114112K
  class space    used 758K, committed 896K, reserved 1048576K
}
Event: 1.080 GC heap before
{Heap before GC invocations=1 (full 0):
 garbage-first heap   total 129024K, used 41154K [0x0000000083600000, 0x0000000100000000)
  region size 1024K, 34 young (34816K), 3 survivors (3072K)
 Metaspace       used 18469K, committed 18752K, reserved 1114112K
  class space    used 2081K, committed 2176K, reserved 1048576K
}
Event: 1.085 GC heap after
{Heap after GC invocations=2 (full 0):
 garbage-first heap   total 129024K, used 13486K [0x0000000083600000, 0x0000000100000000)
  region size 1024K, 4 young (4096K), 4 survivors (4096K)
 Metaspace       used 18469K, committed 18752K, reserved 1114112K
  class space    used 2081K, committed 2176K, reserved 1048576K
}

Dll operation events (3 events):
Event: 0.005 Loaded shared library C:\Program Files\Android\Android Studio\jbr\bin\java.dll
Event: 0.008 Loaded shared library C:\Program Files\Android\Android Studio\jbr\bin\zip.dll
Event: 0.083 Loaded shared library C:\Program Files\Android\Android Studio\jbr\bin\verify.dll

Deoptimization events (20 events):
Event: 1.115 Thread 0x000002046899f040 Uncommon trap: trap_request=0xffffff45 fr.pc=0x00000204568e8934 relative=0x0000000000000114
Event: 1.115 Thread 0x000002046899f040 Uncommon trap: reason=unstable_if action=reinterpret pc=0x00000204568e8934 method=java.lang.String.getBytes([BIB)V @ 5 c2
Event: 1.115 Thread 0x000002046899f040 DEOPT PACKING pc=0x00000204568e8934 sp=0x000000fa875fed00
Event: 1.115 Thread 0x000002046899f040 DEOPT UNPACKING pc=0x0000020456357da2 sp=0x000000fa875fecc8 mode 2
Event: 1.115 Thread 0x000002046899f040 Uncommon trap: trap_request=0xffffff45 fr.pc=0x000002045692f090 relative=0x0000000000000550
Event: 1.115 Thread 0x000002046899f040 Uncommon trap: reason=unstable_if action=reinterpret pc=0x000002045692f090 method=java.lang.AbstractStringBuilder.isLatin1()Z @ 10 c2
Event: 1.115 Thread 0x000002046899f040 DEOPT PACKING pc=0x000002045692f090 sp=0x000000fa875fee40
Event: 1.115 Thread 0x000002046899f040 DEOPT UNPACKING pc=0x0000020456357da2 sp=0x000000fa875fecd8 mode 2
Event: 2.825 Thread 0x000002046899f040 Uncommon trap: trap_request=0xffffffde fr.pc=0x00000204569472c0 relative=0x0000000000000e00
Event: 2.825 Thread 0x000002046899f040 Uncommon trap: reason=class_check action=maybe_recompile pc=0x00000204569472c0 method=java.io.BufferedInputStream.implRead([BII)I @ 100 c2
Event: 2.825 Thread 0x000002046899f040 DEOPT PACKING pc=0x00000204569472c0 sp=0x000000fa875febc0
Event: 2.825 Thread 0x000002046899f040 DEOPT UNPACKING pc=0x0000020456357da2 sp=0x000000fa875feb28 mode 2
Event: 2.825 Thread 0x000002046899f040 Uncommon trap: trap_request=0xffffff45 fr.pc=0x00000204569422e4 relative=0x00000000000000c4
Event: 2.825 Thread 0x000002046899f040 Uncommon trap: reason=unstable_if action=reinterpret pc=0x00000204569422e4 method=java.lang.String.codePointAt(I)I @ 4 c2
Event: 2.825 Thread 0x000002046899f040 DEOPT PACKING pc=0x00000204569422e4 sp=0x000000fa875fede0
Event: 2.825 Thread 0x000002046899f040 DEOPT UNPACKING pc=0x0000020456357da2 sp=0x000000fa875fed68 mode 2
Event: 2.825 Thread 0x000002046899f040 Uncommon trap: trap_request=0xffffffde fr.pc=0x0000020456945724 relative=0x0000000000000484
Event: 2.825 Thread 0x000002046899f040 Uncommon trap: reason=class_check action=maybe_recompile pc=0x0000020456945724 method=java.util.regex.Pattern$Start.match(Ljava/util/regex/Matcher;ILjava/lang/CharSequence;)Z @ 44 c2
Event: 2.825 Thread 0x000002046899f040 DEOPT PACKING pc=0x0000020456945724 sp=0x000000fa875fee60
Event: 2.825 Thread 0x000002046899f040 DEOPT UNPACKING pc=0x0000020456357da2 sp=0x000000fa875fedc0 mode 2

Classes loaded (20 events):
Event: 1.106 Loading class sun/text/resources/cldr/FormatData
Event: 1.107 Loading class sun/text/resources/cldr/FormatData done
Event: 1.108 Loading class sun/text/resources/cldr/FormatData_en
Event: 1.108 Loading class sun/text/resources/cldr/FormatData_en done
Event: 1.108 Loading class sun/text/resources/cldr/FormatData_en_US
Event: 1.108 Loading class sun/text/resources/cldr/FormatData_en_US done
Event: 1.110 Loading class java/text/DecimalFormatSymbols
Event: 1.110 Loading class java/text/DecimalFormatSymbols done
Event: 1.111 Loading class sun/util/locale/provider/DecimalFormatSymbolsProviderImpl
Event: 1.111 Loading class sun/util/locale/provider/DecimalFormatSymbolsProviderImpl done
Event: 1.111 Loading class java/lang/CharacterData00
Event: 1.111 Loading class java/lang/CharacterData00 done
Event: 1.113 Loading class java/text/DecimalFormat
Event: 1.114 Loading class java/text/DecimalFormat done
Event: 1.114 Loading class java/text/FieldPosition
Event: 1.114 Loading class java/text/FieldPosition done
Event: 1.114 Loading class java/text/DigitList
Event: 1.114 Loading class java/text/DigitList done
Event: 2.826 Loading class java/util/regex/Matcher$ImmutableMatchResult
Event: 2.826 Loading class java/util/regex/Matcher$ImmutableMatchResult done

Classes unloaded (0 events):
No events

Classes redefined (0 events):
No events

Internal exceptions (20 events):
Event: 0.650 Thread 0x000002044bc7f170 Exception <a 'java/lang/NoSuchMethodError'{0x000000008aa40688}: 'java.lang.Object java.lang.invoke.DirectMethodHandle$Holder.invokeStatic(java.lang.Object, java.lang.Object, int)'> (0x000000008aa40688) 
thrown [s\src\hotspot\share\interpreter\linkResolver.cpp, line 784]
Event: 0.651 Thread 0x000002044bc7f170 Exception <a 'java/lang/NoSuchMethodError'{0x000000008aa4be38}: 'void java.lang.invoke.DelegatingMethodHandle$Holder.delegate(java.lang.Object, java.lang.Object, int, java.lang.Object)'> (0x000000008aa4be38) 
thrown [s\src\hotspot\share\interpreter\linkResolver.cpp, line 784]
Event: 0.652 Thread 0x000002044bc7f170 Exception <a 'java/lang/NoSuchMethodError'{0x000000008aa4fd48}: 'int java.lang.invoke.DirectMethodHandle$Holder.invokeSpecial(java.lang.Object, java.lang.Object, java.lang.Object)'> (0x000000008aa4fd48) 
thrown [s\src\hotspot\share\interpreter\linkResolver.cpp, line 784]
Event: 0.724 Thread 0x000002044bc7f170 Exception <a 'java/lang/NoSuchMethodError'{0x000000008a7bf078}: 'java.lang.Object java.lang.invoke.Invokers$Holder.invokeExact_MT(java.lang.Object, java.lang.Object, java.lang.Object, java.lang.Object, java.lang.Object)'> (0x000000008a7bf078) 
thrown [s\src\hotspot\share\interpreter\linkResolver.cpp, line 784]
Event: 0.728 Thread 0x000002044bc7f170 Exception <a 'java/lang/NoSuchMethodError'{0x000000008a7eefe0}: 'java.lang.Object java.lang.invoke.DirectMethodHandle$Holder.invokeVirtual(java.lang.Object, java.lang.Object, java.lang.Object, java.lang.Object, java.lang.Object, java.lang.Object, java.lang.Object)'> (0x000000008a7eefe0) 
thrown [s\src\hotspot\share\interpreter\linkResolver.cpp, line 784]
Event: 0.736 Thread 0x000002044bc7f170 Exception <a 'java/lang/NoSuchMethodError'{0x000000008a63b270}: 'java.lang.Object java.lang.invoke.DirectMethodHandle$Holder.invokeVirtual(java.lang.Object, java.lang.Object, java.lang.Object, java.lang.Object)'> (0x000000008a63b270) 
thrown [s\src\hotspot\share\interpreter\linkResolver.cpp, line 784]
Event: 0.748 Thread 0x000002044bc7f170 Exception <a 'java/lang/NoSuchMethodError'{0x000000008a6ff1f0}: 'java.lang.Object java.lang.invoke.DirectMethodHandle$Holder.invokeVirtual(java.lang.Object, java.lang.Object, java.lang.Object, java.lang.Object, java.lang.Object, java.lang.Object)'> (0x000000008a6ff1f0) 
thrown [s\src\hotspot\share\interpreter\linkResolver.cpp, line 784]
Event: 0.774 Thread 0x000002044bc7f170 Implicit null exception at 0x00000204569175ba to 0x0000020456917824
Event: 0.774 Thread 0x000002044bc7f170 Implicit null exception at 0x00000204568e84bd to 0x00000204568e8539
Event: 0.803 Thread 0x000002044bc7f170 Exception <a 'java/lang/NoSuchMethodError'{0x000000008a249510}: 'int java.lang.invoke.DirectMethodHandle$Holder.invokeVirtual(java.lang.Object, java.lang.Object, java.lang.Object)'> (0x000000008a249510) 
thrown [s\src\hotspot\share\interpreter\linkResolver.cpp, line 784]
Event: 0.828 Thread 0x000002044bc7f170 Exception <a 'java/lang/NoSuchMethodError'{0x000000008a1f4060}: 'java.lang.Object java.lang.invoke.DirectMethodHandle$Holder.invokeVirtual(java.lang.Object, java.lang.Object, java.lang.Object, java.lang.Object, java.lang.Object)'> (0x000000008a1f4060) 
thrown [s\src\hotspot\share\interpreter\linkResolver.cpp, line 784]
Event: 0.829 Thread 0x000002044bc7f170 Exception <a 'java/lang/NoSuchMethodError'{0x000000008a0077b0}: 'java.lang.Object java.lang.invoke.Invokers$Holder.invokeExact_MT(java.lang.Object, java.lang.Object, java.lang.Object, java.lang.Object, java.lang.Object, java.lang.Object)'> (0x000000008a0077b0) 
thrown [s\src\hotspot\share\interpreter\linkResolver.cpp, line 784]
Event: 0.843 Thread 0x000002044bc7f170 Exception <a 'java/lang/NoSuchMethodError'{0x000000008a0acbb0}: 'java.lang.Object java.lang.invoke.DirectMethodHandle$Holder.invokeVirtual(java.lang.Object, java.lang.Object, java.lang.Object, java.lang.Object, java.lang.Object, java.lang.Object, java.lang.Object, java.lang.Object)'> (0x000000008a0acbb0) 
thrown [s\src\hotspot\share\interpreter\linkResolver.cpp, line 784]
Event: 0.890 Thread 0x000002044bc7f170 Exception <a 'java/lang/NoSuchMethodError'{0x0000000089d62048}: 'java.lang.Object java.lang.invoke.DirectMethodHandle$Holder.invokeStaticInit(java.lang.Object, int, int, int, int)'> (0x0000000089d62048) 
thrown [s\src\hotspot\share\interpreter\linkResolver.cpp, line 784]
Event: 0.906 Thread 0x000002044bc7f170 Exception <a 'java/lang/NoSuchMethodError'{0x0000000089de5d10}: 'java.lang.Object java.lang.invoke.DirectMethodHandle$Holder.invokeStaticInit(java.lang.Object, java.lang.Object, int, int, int, int)'> (0x0000000089de5d10) 
thrown [s\src\hotspot\share\interpreter\linkResolver.cpp, line 784]
Event: 0.918 Thread 0x000002044bc7f170 Exception <a 'java/lang/NoSuchMethodError'{0x000000008990ea90}: 'void java.lang.invoke.DirectMethodHandle$Holder.invokeStatic(java.lang.Object, java.lang.Object, java.lang.Object)'> (0x000000008990ea90) 
thrown [s\src\hotspot\share\interpreter\linkResolver.cpp, line 784]
Event: 1.095 Thread 0x000002046899f040 Exception <a 'java/lang/NoSuchMethodError'{0x000000008b3f36c8}: 'void java.lang.invoke.DirectMethodHandle$Holder.invokeStatic(java.lang.Object, long)'> (0x000000008b3f36c8) 
thrown [s\src\hotspot\share\interpreter\linkResolver.cpp, line 784]
Event: 1.095 Thread 0x000002046899f040 Exception <a 'java/lang/NoSuchMethodError'{0x000000008b3f8ab0}: 'java.lang.Object java.lang.invoke.DirectMethodHandle$Holder.newInvokeSpecial(java.lang.Object, long)'> (0x000000008b3f8ab0) 
thrown [s\src\hotspot\share\interpreter\linkResolver.cpp, line 784]
Event: 1.097 Thread 0x000002046899f040 Exception <a 'java/lang/NoSuchMethodError'{0x000000008b3ffb28}: 'java.lang.Object java.lang.invoke.DirectMethodHandle$Holder.invokeStatic(java.lang.Object, long, java.lang.Object)'> (0x000000008b3ffb28) 
thrown [s\src\hotspot\share\interpreter\linkResolver.cpp, line 784]
Event: 1.097 Thread 0x000002046899f040 Exception <a 'java/lang/NoSuchMethodError'{0x000000008b21cfb0}: 'java.lang.Object java.lang.invoke.DirectMethodHandle$Holder.invokeStaticInit(java.lang.Object, long, java.lang.Object)'> (0x000000008b21cfb0) 
thrown [s\src\hotspot\share\interpreter\linkResolver.cpp, line 784]

ZGC Phase Switch (0 events):
No events

VM Operations (20 events):
Event: 0.711 Executing VM operation: HandshakeAllThreads (Deoptimize)
Event: 0.711 Executing VM operation: HandshakeAllThreads (Deoptimize) done
Event: 0.726 Executing VM operation: HandshakeAllThreads (Deoptimize)
Event: 0.726 Executing VM operation: HandshakeAllThreads (Deoptimize) done
Event: 0.797 Executing VM operation: HandshakeAllThreads (Deoptimize)
Event: 0.797 Executing VM operation: HandshakeAllThreads (Deoptimize) done
Event: 0.899 Executing VM operation: HandshakeAllThreads (Deoptimize)
Event: 0.899 Executing VM operation: HandshakeAllThreads (Deoptimize) done
Event: 0.943 Executing VM operation: HandshakeAllThreads (Deoptimize)
Event: 0.943 Executing VM operation: HandshakeAllThreads (Deoptimize) done
Event: 1.055 Executing VM operation: ICBufferFull
Event: 1.055 Executing VM operation: ICBufferFull done
Event: 1.080 Executing VM operation: G1CollectForAllocation (G1 Evacuation Pause)
Event: 1.085 Executing VM operation: G1CollectForAllocation (G1 Evacuation Pause) done
Event: 1.103 Executing VM operation: HandshakeAllThreads (Deoptimize)
Event: 1.103 Executing VM operation: HandshakeAllThreads (Deoptimize) done
Event: 1.112 Executing VM operation: HandshakeAllThreads (Deoptimize)
Event: 1.112 Executing VM operation: HandshakeAllThreads (Deoptimize) done
Event: 2.114 Executing VM operation: Cleanup
Event: 2.114 Executing VM operation: Cleanup done

Memory protections (0 events):
No events

Nmethod flushes (0 events):
No events

Events (20 events):
Event: 0.040 Thread 0x000002044bc7f170 Thread added: 0x000002046343efb0
Event: 0.063 Thread 0x000002044bc7f170 Thread added: 0x0000020463621090
Event: 0.067 Thread 0x000002044bc7f170 Thread added: 0x00000204636262e0
Event: 0.072 Loaded shared library C:\Program Files\Android\Android Studio\jbr\bin\net.dll
Event: 0.073 Loaded shared library C:\Program Files\Android\Android Studio\jbr\bin\nio.dll
Event: 0.078 Loaded shared library C:\Program Files\Android\Android Studio\jbr\bin\zip.dll
Event: 0.120 Loaded shared library C:\Program Files\Android\Android Studio\jbr\bin\jimage.dll
Event: 0.305 Thread 0x00000204634750a0 Thread added: 0x00000204638c44c0
Event: 0.317 Thread 0x000002046343efb0 Thread added: 0x00000204638d4610
Event: 0.663 Loaded shared library C:\Users\Krysthille Tambis\.gradle\native\c067742578af261105cb4f569cf0c3c89f3d7b1fecec35dd04571415982c5e48\windows-amd64\native-platform.dll
Event: 0.682 Thread 0x000002044bc7f170 Thread added: 0x0000020468226b60
Event: 0.786 Loaded shared library C:\Program Files\Android\Android Studio\jbr\bin\management.dll
Event: 0.788 Loaded shared library C:\Program Files\Android\Android Studio\jbr\bin\management_ext.dll
Event: 0.916 Loaded shared library C:\Program Files\Android\Android Studio\jbr\bin\extnet.dll
Event: 1.090 Thread 0x000002044bc7f170 Thread added: 0x000002046899f040
Event: 1.101 Thread 0x000002046899f040 Thread added: 0x000002046899be00
Event: 1.103 Thread 0x000002046899f040 Thread added: 0x0000020468995750
Event: 1.103 Thread 0x000002046899be00 Thread exited: 0x000002046899be00
Event: 2.597 Thread 0x00000204638d4610 Thread exited: 0x00000204638d4610
Event: 2.825 Thread 0x00000204638c44c0 Thread exited: 0x00000204638c44c0


Dynamic libraries:
0x00007ff615d00000 - 0x00007ff615d0a000 	C:\Program Files\Android\Android Studio\jbr\bin\java.exe
0x00007ffa60950000 - 0x00007ffa60b67000 	C:\Windows\SYSTEM32\ntdll.dll
0x00007ffa5edd0000 - 0x00007ffa5ee94000 	C:\Windows\System32\KERNEL32.DLL
0x00007ffa5da40000 - 0x00007ffa5de12000 	C:\Windows\System32\KERNELBASE.dll
0x00007ffa5def0000 - 0x00007ffa5e001000 	C:\Windows\System32\ucrtbase.dll
0x00007ffa1e480000 - 0x00007ffa1e498000 	C:\Program Files\Android\Android Studio\jbr\bin\jli.dll
0x00007ffa404a0000 - 0x00007ffa404bb000 	C:\Program Files\Android\Android Studio\jbr\bin\VCRUNTIME140.dll
0x00007ffa5ef30000 - 0x00007ffa5f0e1000 	C:\Windows\System32\USER32.dll
0x00007ffa5e5b0000 - 0x00007ffa5e5d6000 	C:\Windows\System32\win32u.dll
0x00007ffa3f700000 - 0x00007ffa3f99b000 	C:\Windows\WinSxS\amd64_microsoft.windows.common-controls_6595b64144ccf1df_6.0.22621.5547_none_27104afb73855772\COMCTL32.dll
0x00007ffa5ec20000 - 0x00007ffa5ec49000 	C:\Windows\System32\GDI32.dll
0x00007ffa5fc80000 - 0x00007ffa5fd27000 	C:\Windows\System32\msvcrt.dll
0x00007ffa5e310000 - 0x00007ffa5e433000 	C:\Windows\System32\gdi32full.dll
0x00007ffa5de20000 - 0x00007ffa5deba000 	C:\Windows\System32\msvcp_win.dll
0x00007ffa5eb60000 - 0x00007ffa5eb91000 	C:\Windows\System32\IMM32.DLL
0x00007ffa49fe0000 - 0x00007ffa49fec000 	C:\Program Files\Android\Android Studio\jbr\bin\vcruntime140_1.dll
0x00007ff9f46e0000 - 0x00007ff9f476d000 	C:\Program Files\Android\Android Studio\jbr\bin\msvcp140.dll
0x00007ff9ac2d0000 - 0x00007ff9acf5b000 	C:\Program Files\Android\Android Studio\jbr\bin\server\jvm.dll
0x00007ffa5ffe0000 - 0x00007ffa60091000 	C:\Windows\System32\ADVAPI32.dll
0x00007ffa5ff30000 - 0x00007ffa5ffd8000 	C:\Windows\System32\sechost.dll
0x00007ffa5dec0000 - 0x00007ffa5dee8000 	C:\Windows\System32\bcrypt.dll
0x00007ffa60130000 - 0x00007ffa60244000 	C:\Windows\System32\RPCRT4.dll
0x00007ffa5eba0000 - 0x00007ffa5ec11000 	C:\Windows\System32\WS2_32.dll
0x00007ffa5d910000 - 0x00007ffa5d95d000 	C:\Windows\SYSTEM32\POWRPROF.dll
0x00007ffa54010000 - 0x00007ffa54044000 	C:\Windows\SYSTEM32\WINMM.dll
0x00007ffa5a2f0000 - 0x00007ffa5a2fa000 	C:\Windows\SYSTEM32\VERSION.dll
0x00007ffa5d8f0000 - 0x00007ffa5d903000 	C:\Windows\SYSTEM32\UMPDC.dll
0x00007ffa5ca70000 - 0x00007ffa5ca88000 	C:\Windows\SYSTEM32\kernel.appcore.dll
0x00007ffa49db0000 - 0x00007ffa49dba000 	C:\Program Files\Android\Android Studio\jbr\bin\jimage.dll
0x00007ffa57270000 - 0x00007ffa574a3000 	C:\Windows\SYSTEM32\DBGHELP.DLL
0x00007ffa5e5e0000 - 0x00007ffa5e973000 	C:\Windows\System32\combase.dll
0x00007ffa5f160000 - 0x00007ffa5f237000 	C:\Windows\System32\OLEAUT32.dll
0x00007ffa2fb30000 - 0x00007ffa2fb62000 	C:\Windows\SYSTEM32\dbgcore.DLL
0x00007ffa5e1d0000 - 0x00007ffa5e24b000 	C:\Windows\System32\bcryptPrimitives.dll
0x00007ffa194c0000 - 0x00007ffa194e0000 	C:\Program Files\Android\Android Studio\jbr\bin\java.dll
0x00007ffa17f70000 - 0x00007ffa17f88000 	C:\Program Files\Android\Android Studio\jbr\bin\zip.dll
0x00007ffa5f250000 - 0x00007ffa5faf2000 	C:\Windows\System32\SHELL32.dll
0x00007ffa5e090000 - 0x00007ffa5e1cf000 	C:\Windows\System32\wintypes.dll
0x00007ffa5b970000 - 0x00007ffa5c28d000 	C:\Windows\SYSTEM32\windows.storage.dll
0x00007ffa60250000 - 0x00007ffa6035c000 	C:\Windows\System32\SHCORE.dll
0x00007ffa5f0f0000 - 0x00007ffa5f159000 	C:\Windows\System32\shlwapi.dll
0x00007ffa5d970000 - 0x00007ffa5d99b000 	C:\Windows\SYSTEM32\profapi.dll
0x00007ffa49c90000 - 0x00007ffa49ca0000 	C:\Program Files\Android\Android Studio\jbr\bin\net.dll
0x00007ffa5aaf0000 - 0x00007ffa5ac1c000 	C:\Windows\SYSTEM32\WINHTTP.dll
0x00007ffa5cef0000 - 0x00007ffa5cf59000 	C:\Windows\system32\mswsock.dll
0x00007ffa17ec0000 - 0x00007ffa17ed6000 	C:\Program Files\Android\Android Studio\jbr\bin\nio.dll
0x00007ffa42b80000 - 0x00007ffa42b90000 	C:\Program Files\Android\Android Studio\jbr\bin\verify.dll
0x00007ffa41080000 - 0x00007ffa410a7000 	C:\Users\Krysthille Tambis\.gradle\native\c067742578af261105cb4f569cf0c3c89f3d7b1fecec35dd04571415982c5e48\windows-amd64\native-platform.dll
0x00007ffa42b10000 - 0x00007ffa42b19000 	C:\Program Files\Android\Android Studio\jbr\bin\management.dll
0x00007ffa42270000 - 0x00007ffa4227b000 	C:\Program Files\Android\Android Studio\jbr\bin\management_ext.dll
0x00007ffa5eb50000 - 0x00007ffa5eb58000 	C:\Windows\System32\PSAPI.DLL
0x00007ffa5d140000 - 0x00007ffa5d15b000 	C:\Windows\SYSTEM32\CRYPTSP.dll
0x00007ffa5c9d0000 - 0x00007ffa5ca07000 	C:\Windows\system32\rsaenh.dll
0x00007ffa5cfe0000 - 0x00007ffa5d008000 	C:\Windows\SYSTEM32\USERENV.dll
0x00007ffa5d160000 - 0x00007ffa5d16c000 	C:\Windows\SYSTEM32\CRYPTBASE.dll
0x00007ffa5c4f0000 - 0x00007ffa5c51d000 	C:\Windows\SYSTEM32\IPHLPAPI.DLL
0x00007ffa5f240000 - 0x00007ffa5f249000 	C:\Windows\System32\NSI.dll
0x00007ffa42170000 - 0x00007ffa42179000 	C:\Program Files\Android\Android Studio\jbr\bin\extnet.dll

dbghelp: loaded successfully - version: 4.0.5 - missing functions: none
symbol engine: initialized successfully - sym options: 0x614 - pdb path: .;C:\Program Files\Android\Android Studio\jbr\bin;C:\Windows\SYSTEM32;C:\Windows\WinSxS\amd64_microsoft.windows.common-controls_6595b64144ccf1df_6.0.22621.5547_none_27104afb73855772;C:\Program Files\Android\Android Studio\jbr\bin\server;C:\Users\Krysthille Tambis\.gradle\native\c067742578af261105cb4f569cf0c3c89f3d7b1fecec35dd04571415982c5e48\windows-amd64

VM Arguments:
jvm_args: -Dorg.gradle.appname=gradlew 
java_command: org.gradle.wrapper.GradleWrapperMain -q -Ptarget-platform=android-arm64 -Ptarget=D:\ImPawsible\impawsible\lib\main.dart -Pbase-application-name=android.app.Application -Pdart-obfuscation=false -Ptrack-widget-creation=true -Ptree-shake-icons=false -Pfilesystem-scheme=org-dartlang-root assembleDebug
java_class_path (initial): D:\ImPawsible\impawsible\android\\gradle\wrapper\gradle-wrapper.jar
Launcher Type: SUN_STANDARD

[Global flags]
     intx CICompilerCount                          = 4                                         {product} {ergonomic}
     uint ConcGCThreads                            = 2                                         {product} {ergonomic}
     uint G1ConcRefinementThreads                  = 8                                         {product} {ergonomic}
   size_t G1HeapRegionSize                         = 1048576                                   {product} {ergonomic}
    uintx GCDrainStackTargetSize                   = 64                                        {product} {ergonomic}
   size_t InitialHeapSize                          = 132120576                                 {product} {ergonomic}
   size_t MarkStackSize                            = 4194304                                   {product} {ergonomic}
   size_t MaxHeapSize                              = 2090860544                                {product} {ergonomic}
   size_t MaxNewSize                               = 1254096896                                {product} {ergonomic}
   size_t MinHeapDeltaBytes                        = 1048576                                   {product} {ergonomic}
   size_t MinHeapSize                              = 8388608                                   {product} {ergonomic}
    uintx NonNMethodCodeHeapSize                   = 5839372                                {pd product} {ergonomic}
    uintx NonProfiledCodeHeapSize                  = 122909434                              {pd product} {ergonomic}
    uintx ProfiledCodeHeapSize                     = 122909434                              {pd product} {ergonomic}
    uintx ReservedCodeCacheSize                    = 251658240                              {pd product} {ergonomic}
     bool SegmentedCodeCache                       = true                                      {product} {ergonomic}
   size_t SoftMaxHeapSize                          = 2090860544                             {manageable} {ergonomic}
     bool UseCompressedOops                        = true                           {product lp64_product} {ergonomic}
     bool UseG1GC                                  = true                                      {product} {ergonomic}
     bool UseLargePagesIndividualAllocation        = false                                  {pd product} {ergonomic}

Logging:
Log output configuration:
 #0: stdout all=warning uptime,level,tags foldmultilines=false
 #1: stderr all=off uptime,level,tags foldmultilines=false

Environment Variables:
JAVA_HOME=C:\Program Files\Android\Android Studio\jbr
CLASSPATH=D:\ImPawsible\impawsible\android\\gradle\wrapper\gradle-wrapper.jar
PATH=C:\Program Files\Android\Android Studio\jbr\bin;D:\Source\flutter_windows_3.29.3-stable\flutter\bin\;C:\Program Files\Eclipse Adoptium\jdk-21.0.7.6-hotspot\bin;C:\Program Files\Common Files\Oracle\Java\javapath;C:\Windows\System32\HWAudioDriverLibs;C:\Windows\system32;C:\Windows;C:\Windows\System32\Wbem;C:\Windows\System32\WindowsPowerShell\v1.0\;C:\Windows\System32\OpenSSH\;C:\Users\Administrator\AppData\Local\Microsoft\WindowsApps;C:\Program Files\Microsoft SQL Server\Client SDK\ODBC\170\Tools\Binn\;C:\Program Files (x86)\Microchip\MPLAB C32 Suite\bin;D:\Source\flutter_windows_3.29.3-stable\flutter\bin;C:\Program Files\Microsoft SQL Server\150\Tools\Binn\;C:\Program Files\dotnet\;C:\Program Files (x86)\Windows Kits\10\Windows Performance Toolkit\;C:\XAMPP\htdocs;C:\Users\Krysthille Tambis\AppData\Local\Microsoft\WindowsApps;C:\Users\Krysthille Tambis\AppData\Local\Programs\Microsoft VS Code\bin;C:\Program Files\Azure Data Studio\bin;C:\Users\Krysthille Tambis\.dotnet\tools;C:\Users\Krysthille Tambis\AppData\Local\Programs\cursor\resources\app\bin;c:\Users\Krysthille Tambis\.vscode\extensions\ms-python.debugpy-2025.10.0-win32-x64\bundled\scripts\noConfigScripts;D:\Source\flutter_windows_3.29.3-stable\flutter\bin\mingit\cmd
USERNAME=Krysthille Tambis
LANG=en_US.UTF-8
OS=Windows_NT
PROCESSOR_IDENTIFIER=Intel64 Family 6 Model 140 Stepping 2, GenuineIntel
TMP=C:\Users\KRYSTH~1\AppData\Local\Temp
TEMP=C:\Users\KRYSTH~1\AppData\Local\Temp




Periodic native trim disabled

JNI global refs:
JNI global refs: 19, weak refs: 0

JNI global refs memory usage: 835, weak refs: 201

Process memory usage:
Resident Set Size: 122756K (1% of 8166712K total physical memory with 101320K free physical memory)

OOME stack traces (most recent first):
Classloader memory used:
Loader bootstrap                                                                       : 13712K
Loader org.gradle.internal.classloader.VisitableURLClassLoader                         : 5014K
Loader java.net.URLClassLoader                                                         : 228K
Loader jdk.internal.loader.ClassLoaders$AppClassLoader                                 : 146K
Loader jdk.internal.loader.ClassLoaders$PlatformClassLoader                            : 6080B

Classes loaded by more than one classloader:
Class org.gradle.internal.classloader.ClassLoaderHierarchy                            : loaded 2 times (x 66B)
Class org.gradle.cli.AbstractPropertiesCommandLineConverter                           : loaded 2 times (x 79B)
Class org.gradle.api.internal.classpath.ManifestUtil                                  : loaded 2 times (x 67B)
Class org.gradle.cli.CommandLineParser                                                : loaded 2 times (x 75B)
Class org.gradle.internal.classloader.ClassLoaderVisitor                              : loaded 2 times (x 72B)
Class org.gradle.api.internal.classpath.EffectiveClassPath                            : loaded 2 times (x 86B)
Class org.gradle.internal.service.UnknownServiceException                             : loaded 2 times (x 79B)
Class org.gradle.cli.SystemPropertiesCommandLineConverter                             : loaded 2 times (x 79B)
Class org.gradle.cli.CommandLineArgumentException                                     : loaded 2 times (x 78B)
Class org.gradle.cli.CommandLineParser$KnownOptionParserState                         : loaded 2 times (x 72B)
Class org.gradle.internal.InternalTransformer                                         : loaded 2 times (x 66B)
Class org.gradle.internal.classloader.ClasspathUtil$1                                 : loaded 2 times (x 72B)
Class org.gradle.api.internal.classpath.DefaultModuleRegistry$DefaultModule           : loaded 2 times (x 82B)
Class org.gradle.api.internal.classpath.Module                                        : loaded 2 times (x 66B)
Class org.gradle.api.internal.classpath.UnknownModuleException                        : loaded 2 times (x 78B)
Class org.gradle.internal.classpath.DefaultClassPath$ImmutableUniqueList              : loaded 2 times (x 195B)
Class org.gradle.cli.CommandLineParser$OptionAwareParserState                         : loaded 2 times (x 73B)
Class org.gradle.cli.ParsedCommandLine                                                : loaded 2 times (x 76B)
Class org.gradle.internal.classpath.ClassPath                                         : loaded 2 times (x 66B)
Class org.gradle.cli.CommandLineParser$UnknownOptionParserState                       : loaded 2 times (x 72B)
Class org.gradle.cli.ParsedCommandLineOption                                          : loaded 2 times (x 72B)
Class org.gradle.api.UncheckedIOException                                             : loaded 2 times (x 78B)
Class org.gradle.cli.CommandLineParser$AfterFirstSubCommand                           : loaded 2 times (x 73B)
Class org.gradle.api.internal.classpath.ModuleRegistry                                : loaded 2 times (x 66B)
Class org.gradle.internal.installation.GradleInstallation$1                           : loaded 2 times (x 71B)
Class org.gradle.api.internal.classpath.DefaultModuleRegistry                         : loaded 2 times (x 79B)
Class org.gradle.cli.CommandLineOption                                                : loaded 2 times (x 82B)
Class org.gradle.cli.CommandLineParser$BeforeFirstSubCommand                          : loaded 2 times (x 73B)
Class org.gradle.internal.service.ServiceLookupException                              : loaded 2 times (x 78B)
Class org.gradle.cli.CommandLineParser$OptionParserState                              : loaded 2 times (x 71B)
Class org.gradle.internal.classloader.ClasspathUtil                                   : loaded 2 times (x 67B)
Class org.gradle.api.specs.Spec                                                       : loaded 2 times (x 66B)
Class org.gradle.internal.classpath.DefaultClassPath                                  : loaded 2 times (x 86B)
Class org.gradle.internal.classloader.ClassLoaderSpec                                 : loaded 2 times (x 67B)
Class org.gradle.internal.Cast                                                        : loaded 2 times (x 67B)
Class org.gradle.api.Action                                                           : loaded 2 times (x 66B)
Class org.gradle.internal.classpath.DefaultClassPath$ImmutableUniqueList$Builder      : loaded 2 times (x 71B)
Class org.gradle.cli.AbstractCommandLineConverter                                     : loaded 2 times (x 75B)
Class org.gradle.api.GradleException                                                  : loaded 2 times (x 78B)
Class org.gradle.internal.IoActions                                                   : loaded 2 times (x 67B)
Class org.gradle.internal.classloader.SystemClassLoaderSpec                           : loaded 2 times (x 67B)
Class org.gradle.cli.CommandLineConverter                                             : loaded 2 times (x 66B)
Class org.gradle.cli.CommandLineParser$MissingOptionArgState                          : loaded 2 times (x 73B)
Class org.gradle.cli.CommandLineParser$ParserState                                    : loaded 2 times (x 72B)
Class org.gradle.cli.CommandLineParser$OptionString                                   : loaded 2 times (x 69B)
Class org.gradle.internal.installation.CurrentGradleInstallationLocator               : loaded 2 times (x 67B)
Class org.gradle.internal.installation.CurrentGradleInstallation                      : loaded 2 times (x 69B)
Class org.gradle.util.internal.GUtil                                                  : loaded 2 times (x 67B)
Class org.gradle.cli.CommandLineParser$AfterOptions                                   : loaded 2 times (x 73B)
Class org.gradle.internal.installation.GradleInstallation                             : loaded 2 times (x 71B)

---------------  S Y S T E M  ---------------

OS:
 Windows 11 , 64 bit Build 22621 (10.0.22621.5415)
OS uptime: 98 days 2:25 hours

CPU: total 8 (initial active 8) (4 cores per cpu, 2 threads per core) family 6 model 140 stepping 2 microcode 0x16, cx8, cmov, fxsr, ht, mmx, 3dnowpref, sse, sse2, sse3, ssse3, sse4.1, sse4.2, popcnt, lzcnt, tsc, tscinvbit, avx, avx2, aes, erms, clmul, bmi1, bmi2, adx, avx512f, avx512dq, avx512cd, avx512bw, avx512vl, sha, fma, vzeroupper, avx512_vpopcntdq, avx512_vpclmulqdq, avx512_vaes, avx512_vnni, clflush, clflushopt, clwb, avx512_vbmi2, avx512_vbmi, rdtscp, rdpid, fsrm, gfni, avx512_bitalg, f16c, pku, cet_ibt, cet_ss, avx512_ifma
Processor Information for the first 8 processors :
  Max Mhz: 2496, Current Mhz: 2496, Mhz Limit: 2496

Memory: 4k page, system-wide physical 7975M (99M free)
TotalPageFile size 21128M (AvailPageFile size 1M)
current process WorkingSet (physical memory assigned to process): 119M, peak: 119M
current process commit charge ("private bytes"): 237M, peak: 238M

vm_info: OpenJDK 64-Bit Server VM (21.0.6+-13355223-b631.42) for windows-amd64 JRE (21.0.6+-13355223-b631.42), built on 2025-04-14T18:21:23Z by "builder" with MS VC++ 16.10 / 16.11 (VS2019)

END.
