#
# There is insufficient memory for the Java Runtime Environment to continue.
# Native memory allocation (malloc) failed to allocate 1934576 bytes. Error detail: Chunk::new
# Possible reasons:
#   The system is out of physical RAM or swap space
#   This process is running with CompressedOops enabled, and the Java Heap may be blocking the growth of the native heap
# Possible solutions:
#   Reduce memory load on the system
#   Increase physical memory or swap space
#   Check if swap backing store is full
#   Decrease Java heap size (-Xmx/-Xms)
#   Decrease number of Java threads
#   Decrease Java thread stack sizes (-Xss)
#   Set larger code cache with -XX:ReservedCodeCacheSize=
#   JVM is running with Zero Based Compressed Oops mode in which the Java heap is
#     placed in the first 32GB address space. The Java Heap base address is the
#     maximum limit for the native heap growth. Please use -XX:HeapBaseMinAddress
#     to set the Java Heap base and to place the Java Heap above 32GB virtual address.
# This output file may be truncated or incomplete.
#
#  Out of Memory Error (arena.cpp:168), pid=29884, tid=17176
#
# JRE version: OpenJDK Runtime Environment (21.0.6) (build 21.0.6+-13355223-b631.42)
# Java VM: OpenJDK 64-Bit Server VM (21.0.6+-13355223-b631.42, mixed mode, tiered, compressed oops, compressed class ptrs, g1 gc, windows-amd64)
# No core dump will be written. Minidumps are not enabled by default on client versions of Windows
#

---------------  S U M M A R Y ------------

Command Line: -XX:MaxMetaspaceSize=4G -XX:ReservedCodeCacheSize=512m -XX:+HeapDumpOnOutOfMemoryError --add-opens=java.base/java.util=ALL-UNNAMED --add-opens=java.base/java.lang=ALL-UNNAMED --add-opens=java.base/java.lang.invoke=ALL-UNNAMED --add-opens=java.prefs/java.util.prefs=ALL-UNNAMED --add-exports=jdk.compiler/com.sun.tools.javac.api=ALL-UNNAMED --add-exports=jdk.compiler/com.sun.tools.javac.util=ALL-UNNAMED --add-opens=java.base/java.nio.charset=ALL-UNNAMED --add-opens=java.base/java.net=ALL-UNNAMED --add-opens=java.base/java.util.concurrent.atomic=ALL-UNNAMED -Xmx8G -Dfile.encoding=UTF-8 -Duser.country=US -Duser.language=en -Duser.variant -javaagent:C:\Users\Krysthille Tambis\.gradle\wrapper\dists\gradle-8.9-all\6m0mbzute7p0zdleavqlib88a\gradle-8.9\lib\agents\gradle-instrumentation-agent-8.9.jar org.gradle.launcher.daemon.bootstrap.GradleDaemon 8.9

Host: 11th Gen Intel(R) Core(TM) i5-1155G7 @ 2.50GHz, 8 cores, 7G,  Windows 11 , 64 bit Build 22621 (10.0.22621.5415)
Time: Sat Feb 14 16:08:38 2026 Malay Peninsula Standard Time elapsed time: 4.847870 seconds (0d 0h 0m 4s)

---------------  T H R E A D  ---------------

Current thread (0x000002ac329bba00):  JavaThread "C2 CompilerThread0" daemon [_thread_in_native, id=17176, stack(0x000000dc35f00000,0x000000dc36000000) (1024K)]


Current CompileTask:
C2:4847 2698       4       java.lang.invoke.MethodType::makeImpl (109 bytes)

Stack: [0x000000dc35f00000,0x000000dc36000000]
Native frames: (J=compiled Java code, j=interpreted, Vv=VM code, C=native code)
V  [jvm.dll+0x6d05a9]
V  [jvm.dll+0x85ea73]
V  [jvm.dll+0x860fce]
V  [jvm.dll+0x8616b3]
V  [jvm.dll+0x27e6e6]
V  [jvm.dll+0xbff6d]
V  [jvm.dll+0xc04a3]
V  [jvm.dll+0x3b6131]
V  [jvm.dll+0x382097]
V  [jvm.dll+0x38150a]
V  [jvm.dll+0x247c82]
V  [jvm.dll+0x247251]
V  [jvm.dll+0x1c5f04]
V  [jvm.dll+0x2569ac]
V  [jvm.dll+0x254ef6]
V  [jvm.dll+0x3f0e56]
V  [jvm.dll+0x806e48]
V  [jvm.dll+0x6cee7d]
C  [ucrtbase.dll+0x29333]
C  [KERNEL32.DLL+0x1259d]
C  [ntdll.dll+0x5af78]


---------------  P R O C E S S  ---------------

Threads class SMR info:
_java_thread_list=0x000002ac38f9f6c0, length=24, elements={
0x000002ac026e1320, 0x000002ac329961d0, 0x000002ac32996fe0, 0x000002ac3299c590,
0x000002ac329a5ba0, 0x000002ac329a65f0, 0x000002ac329b10c0, 0x000002ac329bba00,
0x000002ac329c9030, 0x000002ac32a6a0b0, 0x000002ac32d28870, 0x000002ac38973ee0,
0x000002ac38c4f090, 0x000002ac38c66060, 0x000002ac38a8a940, 0x000002ac38a9e7b0,
0x000002ac38a9fa30, 0x000002ac38c8ee50, 0x000002ac38ac6ee0, 0x000002ac38ac8040,
0x000002ac38ab9070, 0x000002ac38ab9d90, 0x000002ac38abb140, 0x000002ac38ab9700
}

Java Threads: ( => current thread )
  0x000002ac026e1320 JavaThread "main"                              [_thread_blocked, id=3028, stack(0x000000dc35100000,0x000000dc35200000) (1024K)]
  0x000002ac329961d0 JavaThread "Reference Handler"          daemon [_thread_blocked, id=20828, stack(0x000000dc35900000,0x000000dc35a00000) (1024K)]
  0x000002ac32996fe0 JavaThread "Finalizer"                  daemon [_thread_blocked, id=23356, stack(0x000000dc35a00000,0x000000dc35b00000) (1024K)]
  0x000002ac3299c590 JavaThread "Signal Dispatcher"          daemon [_thread_blocked, id=22976, stack(0x000000dc35b00000,0x000000dc35c00000) (1024K)]
  0x000002ac329a5ba0 JavaThread "Attach Listener"            daemon [_thread_blocked, id=18536, stack(0x000000dc35c00000,0x000000dc35d00000) (1024K)]
  0x000002ac329a65f0 JavaThread "Service Thread"             daemon [_thread_blocked, id=22716, stack(0x000000dc35d00000,0x000000dc35e00000) (1024K)]
  0x000002ac329b10c0 JavaThread "Monitor Deflation Thread"   daemon [_thread_blocked, id=5216, stack(0x000000dc35e00000,0x000000dc35f00000) (1024K)]
=>0x000002ac329bba00 JavaThread "C2 CompilerThread0"         daemon [_thread_in_native, id=17176, stack(0x000000dc35f00000,0x000000dc36000000) (1024K)]
  0x000002ac329c9030 JavaThread "C1 CompilerThread0"         daemon [_thread_blocked, id=13324, stack(0x000000dc36000000,0x000000dc36100000) (1024K)]
  0x000002ac32a6a0b0 JavaThread "Common-Cleaner"             daemon [_thread_blocked, id=24048, stack(0x000000dc36100000,0x000000dc36200000) (1024K)]
  0x000002ac32d28870 JavaThread "Notification Thread"        daemon [_thread_blocked, id=27160, stack(0x000000dc36200000,0x000000dc36300000) (1024K)]
  0x000002ac38973ee0 JavaThread "Daemon health stats"               [_thread_blocked, id=19688, stack(0x000000dc36900000,0x000000dc36a00000) (1024K)]
  0x000002ac38c4f090 JavaThread "Incoming local TCP Connector on port 12567"        [_thread_in_native, id=24344, stack(0x000000dc36a00000,0x000000dc36b00000) (1024K)]
  0x000002ac38c66060 JavaThread "Daemon periodic checks"            [_thread_blocked, id=10404, stack(0x000000dc36b00000,0x000000dc36c00000) (1024K)]
  0x000002ac38a8a940 JavaThread "Daemon"                            [_thread_blocked, id=24776, stack(0x000000dc36c00000,0x000000dc36d00000) (1024K)]
  0x000002ac38a9e7b0 JavaThread "Handler for socket connection from /127.0.0.1:12567 to /127.0.0.1:12569"        [_thread_in_native, id=11132, stack(0x000000dc36d00000,0x000000dc36e00000) (1024K)]
  0x000002ac38a9fa30 JavaThread "Cancel handler"                    [_thread_blocked, id=28892, stack(0x000000dc36e00000,0x000000dc36f00000) (1024K)]
  0x000002ac38c8ee50 JavaThread "Daemon worker"                     [_thread_in_vm, id=28992, stack(0x000000dc36f00000,0x000000dc37000000) (1024K)]
  0x000002ac38ac6ee0 JavaThread "Asynchronous log dispatcher for DefaultDaemonConnection: socket connection from /127.0.0.1:12567 to /127.0.0.1:12569"        [_thread_blocked, id=28988, stack(0x000000dc37000000,0x000000dc37100000) (1024K)]
  0x000002ac38ac8040 JavaThread "Stdin handler"                     [_thread_blocked, id=25544, stack(0x000000dc37100000,0x000000dc37200000) (1024K)]
  0x000002ac38ab9070 JavaThread "Daemon client event forwarder"        [_thread_blocked, id=12564, stack(0x000000dc37200000,0x000000dc37300000) (1024K)]
  0x000002ac38ab9d90 JavaThread "Cache worker for journal cache (C:\Users\Krysthille Tambis\.gradle\caches\journal-1)"        [_thread_blocked, id=27328, stack(0x000000dc37500000,0x000000dc37600000) (1024K)]
  0x000002ac38abb140 JavaThread "File lock request listener"        [_thread_in_native, id=18780, stack(0x000000dc37600000,0x000000dc37700000) (1024K)]
  0x000002ac38ab9700 JavaThread "Cache worker for file hash cache (C:\Users\Krysthille Tambis\.gradle\caches\8.9\fileHashes)"        [_thread_blocked, id=19768, stack(0x000000dc37700000,0x000000dc37800000) (1024K)]
Total: 24

Other Threads:
  0x000002ac32948050 VMThread "VM Thread"                           [id=13676, stack(0x000000dc35800000,0x000000dc35900000) (1024K)]
  0x000002ac3200eb00 WatcherThread "VM Periodic Task Thread"        [id=21736, stack(0x000000dc35700000,0x000000dc35800000) (1024K)]
  0x000002ac02789f00 WorkerThread "GC Thread#0"                     [id=11932, stack(0x000000dc35200000,0x000000dc35300000) (1024K)]
  0x000002ac37522460 WorkerThread "GC Thread#1"                     [id=22456, stack(0x000000dc36300000,0x000000dc36400000) (1024K)]
  0x000002ac37522800 WorkerThread "GC Thread#2"                     [id=21404, stack(0x000000dc36400000,0x000000dc36500000) (1024K)]
  0x000002ac37aa1610 WorkerThread "GC Thread#3"                     [id=14128, stack(0x000000dc36500000,0x000000dc36600000) (1024K)]
  0x000002ac37d33000 WorkerThread "GC Thread#4"                     [id=18344, stack(0x000000dc36600000,0x000000dc36700000) (1024K)]
  0x000002ac37f460e0 WorkerThread "GC Thread#5"                     [id=13296, stack(0x000000dc36700000,0x000000dc36800000) (1024K)]
  0x000002ac37aa0e10 WorkerThread "GC Thread#6"                     [id=2840, stack(0x000000dc36800000,0x000000dc36900000) (1024K)]
  0x000002ac38cff020 WorkerThread "GC Thread#7"                     [id=25384, stack(0x000000dc37300000,0x000000dc37400000) (1024K)]
  0x000002ac0279aee0 ConcurrentGCThread "G1 Main Marker"            [id=28428, stack(0x000000dc35300000,0x000000dc35400000) (1024K)]
  0x000002ac0279bb50 WorkerThread "G1 Conc#0"                       [id=2308, stack(0x000000dc35400000,0x000000dc35500000) (1024K)]
  0x000002ac38b13fd0 WorkerThread "G1 Conc#1"                       [id=10248, stack(0x000000dc37400000,0x000000dc37500000) (1024K)]
  0x000002ac31ee1da0 ConcurrentGCThread "G1 Refine#0"               [id=16536, stack(0x000000dc35500000,0x000000dc35600000) (1024K)]
  0x000002ac31ee2910 ConcurrentGCThread "G1 Service"                [id=17548, stack(0x000000dc35600000,0x000000dc35700000) (1024K)]
Total: 15

Threads with active compile tasks:
C2 CompilerThread0  4879 2698       4       java.lang.invoke.MethodType::makeImpl (109 bytes)
Total: 1

VM state: not at safepoint (normal execution)

VM Mutex/Monitor currently owned by a thread: None

Heap address: 0x0000000600000000, size: 8192 MB, Compressed Oops mode: Zero based, Oop shift amount: 3

CDS archive(s) not mapped
Compressed class space mapped at: 0x0000000800000000-0x0000000840000000, reserved size: 1073741824
Narrow klass base: 0x0000000800000000, Narrow klass shift: 0, Narrow klass range: 0x40000000

GC Precious Log:
 CardTable entry size: 512
 Card Set container configuration: InlinePtr #cards 4 size 8 Array Of Cards #cards 32 size 80 Howl #buckets 8 coarsen threshold 7372 Howl Bitmap #cards 1024 size 144 coarsen threshold 921 Card regions per heap region 1 cards per card region 8192
 CPUs: 8 total, 8 available
 Memory: 7975M
 Large Page Support: Disabled
 NUMA Support: Disabled
 Compressed Oops: Enabled (Zero based)
 Heap Region Size: 4M
 Heap Min Capacity: 8M
 Heap Initial Capacity: 128M
 Heap Max Capacity: 8G
 Pre-touch: Disabled
 Parallel Workers: 8
 Concurrent Workers: 2
 Concurrent Refinement Workers: 8
 Periodic GC: Disabled

Heap:
 garbage-first heap   total 81920K, used 45546K [0x0000000600000000, 0x0000000800000000)
  region size 4096K, 10 young (40960K), 3 survivors (12288K)
 Metaspace       used 25977K, committed 26432K, reserved 1114112K
  class space    used 3141K, committed 3328K, reserved 1048576K

Heap Regions: E=young(eden), S=young(survivor), O=old, HS=humongous(starts), HC=humongous(continues), CS=collection set, F=free, TAMS=top-at-mark-start, PB=parsable bottom
|   0|0x0000000600000000, 0x0000000600400000, 0x0000000600400000|100%|HS|  |TAMS 0x0000000600000000| PB 0x0000000600000000| Complete 
|   1|0x0000000600400000, 0x0000000600800000, 0x0000000600800000|100%| O|  |TAMS 0x0000000600400000| PB 0x0000000600400000| Untracked 
|   2|0x0000000600800000, 0x0000000600b4e890, 0x0000000600c00000| 82%| O|Cm|TAMS 0x0000000600800000| PB 0x0000000600800000| Complete 
|   3|0x0000000600c00000, 0x0000000600c00000, 0x0000000601000000|  0%| F|  |TAMS 0x0000000600c00000| PB 0x0000000600c00000| Untracked 
|   4|0x0000000601000000, 0x0000000601000000, 0x0000000601400000|  0%| F|  |TAMS 0x0000000601000000| PB 0x0000000601000000| Untracked 
|   5|0x0000000601400000, 0x0000000601400000, 0x0000000601800000|  0%| F|  |TAMS 0x0000000601400000| PB 0x0000000601400000| Untracked 
|   6|0x0000000601800000, 0x0000000601800000, 0x0000000601c00000|  0%| F|  |TAMS 0x0000000601800000| PB 0x0000000601800000| Untracked 
|   7|0x0000000601c00000, 0x0000000601c00000, 0x0000000602000000|  0%| F|  |TAMS 0x0000000601c00000| PB 0x0000000601c00000| Untracked 
|   8|0x0000000602000000, 0x0000000602000000, 0x0000000602400000|  0%| F|  |TAMS 0x0000000602000000| PB 0x0000000602000000| Untracked 
|   9|0x0000000602400000, 0x0000000602400000, 0x0000000602800000|  0%| F|  |TAMS 0x0000000602400000| PB 0x0000000602400000| Untracked 
|  10|0x0000000602800000, 0x0000000602a8fa18, 0x0000000602c00000| 64%| E|  |TAMS 0x0000000602800000| PB 0x0000000602800000| Complete 
|  11|0x0000000602c00000, 0x0000000603000000, 0x0000000603000000|100%| E|CS|TAMS 0x0000000602c00000| PB 0x0000000602c00000| Complete 
|  12|0x0000000603000000, 0x0000000603400000, 0x0000000603400000|100%| E|CS|TAMS 0x0000000603000000| PB 0x0000000603000000| Complete 
|  13|0x0000000603400000, 0x0000000603800000, 0x0000000603800000|100%| E|CS|TAMS 0x0000000603400000| PB 0x0000000603400000| Complete 
|  14|0x0000000603800000, 0x0000000603c00000, 0x0000000603c00000|100%| E|CS|TAMS 0x0000000603800000| PB 0x0000000603800000| Complete 
|  15|0x0000000603c00000, 0x0000000604000000, 0x0000000604000000|100%| E|CS|TAMS 0x0000000603c00000| PB 0x0000000603c00000| Complete 
|  22|0x0000000605800000, 0x000000060592c110, 0x0000000605c00000| 29%| S|CS|TAMS 0x0000000605800000| PB 0x0000000605800000| Complete 
|  23|0x0000000605c00000, 0x0000000606000000, 0x0000000606000000|100%| S|CS|TAMS 0x0000000605c00000| PB 0x0000000605c00000| Complete 
|  24|0x0000000606000000, 0x0000000606400000, 0x0000000606400000|100%| S|CS|TAMS 0x0000000606000000| PB 0x0000000606000000| Complete 
|  31|0x0000000607c00000, 0x0000000608000000, 0x0000000608000000|100%| E|CS|TAMS 0x0000000607c00000| PB 0x0000000607c00000| Complete 

Card table byte_map: [0x000002ac26d80000,0x000002ac27d80000] _byte_map_base: 0x000002ac23d80000

Marking Bits: (CMBitMap*) 0x000002ac0278a600
 Bits: [0x000002ac27d80000, 0x000002ac2fd80000)

Polling page: 0x000002ac006a0000

Metaspace:

Usage:
  Non-class:     22.30 MB used.
      Class:      3.07 MB used.
       Both:     25.37 MB used.

Virtual space:
  Non-class space:       64.00 MB reserved,      22.56 MB ( 35%) committed,  1 nodes.
      Class space:        1.00 GB reserved,       3.25 MB ( <1%) committed,  1 nodes.
             Both:        1.06 GB reserved,      25.81 MB (  2%) committed. 

Chunk freelists:
   Non-Class:  9.42 MB
       Class:  12.70 MB
        Both:  22.12 MB

MaxMetaspaceSize: 4.00 GB
CompressedClassSpaceSize: 1.00 GB
Initial GC threshold: 21.00 MB
Current GC threshold: 35.31 MB
CDS: off
 - commit_granule_bytes: 65536.
 - commit_granule_words: 8192.
 - virtual_space_node_default_size: 8388608.
 - enlarge_chunks_in_place: 1.
 - use_allocation_guard: 0.


Internal statistics:

num_allocs_failed_limit: 3.
num_arena_births: 590.
num_arena_deaths: 0.
num_vsnodes_births: 2.
num_vsnodes_deaths: 0.
num_space_committed: 413.
num_space_uncommitted: 0.
num_chunks_returned_to_freelist: 3.
num_chunks_taken_from_freelist: 1180.
num_chunk_merges: 3.
num_chunk_splits: 762.
num_chunks_enlarged: 535.
num_inconsistent_stats: 0.

CodeHeap 'non-profiled nmethods': size=259264Kb used=1329Kb max_used=1329Kb free=257934Kb
 bounds [0x000002ac15b00000, 0x000002ac15d70000, 0x000002ac25830000]
CodeHeap 'profiled nmethods': size=259264Kb used=5580Kb max_used=5580Kb free=253683Kb
 bounds [0x000002ac05830000, 0x000002ac05db0000, 0x000002ac15560000]
CodeHeap 'non-nmethods': size=5760Kb used=1612Kb max_used=1632Kb free=4147Kb
 bounds [0x000002ac15560000, 0x000002ac157d0000, 0x000002ac15b00000]
 total_blobs=3283 nmethods=2727 adapters=460
 compilation: enabled
              stopped_count=0, restarted_count=0
 full_count=0

Compilation events (20 events):
Event: 4.765 Thread 0x000002ac329c9030 2715       3       jdk.internal.reflect.DirectMethodHandleAccessor::checkArgumentCount (53 bytes)
Event: 4.765 Thread 0x000002ac329c9030 nmethod 2715 0x000002ac05d99710 code [0x000002ac05d99980, 0x000002ac05d9a0f0]
Event: 4.765 Thread 0x000002ac329c9030 2716       3       jdk.internal.reflect.DirectMethodHandleAccessor::invokeImpl (108 bytes)
Event: 4.766 Thread 0x000002ac329c9030 nmethod 2716 0x000002ac05d9a410 code [0x000002ac05d9a800, 0x000002ac05d9c828]
Event: 4.766 Thread 0x000002ac329c9030 2711       3       jdk.internal.reflect.MethodHandleAccessorFactory::ensureClassInitialized (18 bytes)
Event: 4.767 Thread 0x000002ac329c9030 nmethod 2711 0x000002ac05d9d190 code [0x000002ac05d9d3a0, 0x000002ac05d9d808]
Event: 4.780 Thread 0x000002ac329c9030 2718       3       java.lang.invoke.InfoFromMemberName::getModifiers (8 bytes)
Event: 4.781 Thread 0x000002ac329c9030 nmethod 2718 0x000002ac05d9d990 code [0x000002ac05d9db40, 0x000002ac05d9dcc0]
Event: 4.792 Thread 0x000002ac329c9030 2719       3       sun.security.provider.MD5::FF (27 bytes)
Event: 4.792 Thread 0x000002ac329c9030 nmethod 2719 0x000002ac05d9dd90 code [0x000002ac05d9df40, 0x000002ac05d9e0c0]
Event: 4.792 Thread 0x000002ac329c9030 2722       3       sun.security.provider.MD5::II (25 bytes)
Event: 4.793 Thread 0x000002ac329c9030 nmethod 2722 0x000002ac05d9e190 code [0x000002ac05d9e340, 0x000002ac05d9e4b0]
Event: 4.793 Thread 0x000002ac329c9030 2720       3       sun.security.provider.MD5::GG (27 bytes)
Event: 4.793 Thread 0x000002ac329c9030 nmethod 2720 0x000002ac05d9e590 code [0x000002ac05d9e740, 0x000002ac05d9e8b8]
Event: 4.793 Thread 0x000002ac329c9030 2721       3       sun.security.provider.MD5::HH (23 bytes)
Event: 4.793 Thread 0x000002ac329c9030 nmethod 2721 0x000002ac05d9e990 code [0x000002ac05d9eb40, 0x000002ac05d9ecb8]
Event: 4.808 Thread 0x000002ac329c9030 2723       3       jdk.internal.reflect.ReflectionFactory::useMethodHandleAccessor (18 bytes)
Event: 4.808 Thread 0x000002ac329c9030 nmethod 2723 0x000002ac05d9ed90 code [0x000002ac05d9ef40, 0x000002ac05d9f0c0]
Event: 4.808 Thread 0x000002ac329c9030 2724       3       jdk.internal.reflect.MethodHandleAccessorFactory::useNativeAccessor (74 bytes)
Event: 4.809 Thread 0x000002ac329c9030 nmethod 2724 0x000002ac05d9f190 code [0x000002ac05d9f3e0, 0x000002ac05d9fc00]

GC Heap History (8 events):
Event: 0.738 GC heap before
{Heap before GC invocations=0 (full 0):
 garbage-first heap   total 131072K, used 20480K [0x0000000600000000, 0x0000000800000000)
  region size 4096K, 5 young (20480K), 0 survivors (0K)
 Metaspace       used 8014K, committed 8192K, reserved 1114112K
  class space    used 713K, committed 768K, reserved 1048576K
}
Event: 0.742 GC heap after
{Heap after GC invocations=1 (full 0):
 garbage-first heap   total 131072K, used 2500K [0x0000000600000000, 0x0000000800000000)
  region size 4096K, 1 young (4096K), 1 survivors (4096K)
 Metaspace       used 8014K, committed 8192K, reserved 1114112K
  class space    used 713K, committed 768K, reserved 1048576K
}
Event: 1.839 GC heap before
{Heap before GC invocations=1 (full 0):
 garbage-first heap   total 131072K, used 43460K [0x0000000600000000, 0x0000000800000000)
  region size 4096K, 10 young (40960K), 1 survivors (4096K)
 Metaspace       used 12110K, committed 12352K, reserved 1114112K
  class space    used 1266K, committed 1408K, reserved 1048576K
}
Event: 1.845 GC heap after
{Heap after GC invocations=2 (full 0):
 garbage-first heap   total 131072K, used 11738K [0x0000000600000000, 0x0000000800000000)
  region size 4096K, 2 young (8192K), 2 survivors (8192K)
 Metaspace       used 12110K, committed 12352K, reserved 1114112K
  class space    used 1266K, committed 1408K, reserved 1048576K
}
Event: 2.802 GC heap before
{Heap before GC invocations=2 (full 0):
 garbage-first heap   total 131072K, used 52698K [0x0000000600000000, 0x0000000800000000)
  region size 4096K, 13 young (53248K), 2 survivors (8192K)
 Metaspace       used 14202K, committed 14464K, reserved 1114112K
  class space    used 1551K, committed 1664K, reserved 1048576K
}
Event: 2.812 GC heap after
{Heap after GC invocations=3 (full 0):
 garbage-first heap   total 131072K, used 17682K [0x0000000600000000, 0x0000000800000000)
  region size 4096K, 2 young (8192K), 2 survivors (8192K)
 Metaspace       used 14202K, committed 14464K, reserved 1114112K
  class space    used 1551K, committed 1664K, reserved 1048576K
}
Event: 3.800 GC heap before
{Heap before GC invocations=3 (full 0):
 garbage-first heap   total 131072K, used 42258K [0x0000000600000000, 0x0000000800000000)
  region size 4096K, 9 young (36864K), 2 survivors (8192K)
 Metaspace       used 21178K, committed 21504K, reserved 1114112K
  class space    used 2426K, committed 2624K, reserved 1048576K
}
Event: 3.805 GC heap after
{Heap after GC invocations=4 (full 0):
 garbage-first heap   total 131072K, used 20970K [0x0000000600000000, 0x0000000800000000)
  region size 4096K, 3 young (12288K), 3 survivors (12288K)
 Metaspace       used 21178K, committed 21504K, reserved 1114112K
  class space    used 2426K, committed 2624K, reserved 1048576K
}

Dll operation events (3 events):
Event: 0.011 Loaded shared library C:\Program Files\Android\Android Studio\jbr\bin\java.dll
Event: 0.016 Loaded shared library C:\Program Files\Android\Android Studio\jbr\bin\zip.dll
Event: 0.818 Loaded shared library C:\Program Files\Android\Android Studio\jbr\bin\verify.dll

Deoptimization events (20 events):
Event: 4.459 Thread 0x000002ac38c8ee50 DEOPT PACKING pc=0x000002ac15b25ffc sp=0x000000dc36ffad70
Event: 4.459 Thread 0x000002ac38c8ee50 DEOPT UNPACKING pc=0x000002ac155b7da2 sp=0x000000dc36ffad20 mode 2
Event: 4.494 Thread 0x000002ac38c8ee50 DEOPT PACKING pc=0x000002ac05911a59 sp=0x000000dc36ffaaf0
Event: 4.494 Thread 0x000002ac38c8ee50 DEOPT UNPACKING pc=0x000002ac155b88e2 sp=0x000000dc36ff9f88 mode 0
Event: 4.535 Thread 0x000002ac38ab9700 Uncommon trap: trap_request=0xffffffc6 fr.pc=0x000002ac15c4083c relative=0x00000000000001fc
Event: 4.535 Thread 0x000002ac38ab9700 Uncommon trap: reason=bimorphic_or_optimized_type_check action=maybe_recompile pc=0x000002ac15c4083c method=java.util.concurrent.locks.AbstractQueuedSynchronizer.release(I)Z @ 2 c2
Event: 4.536 Thread 0x000002ac38ab9700 DEOPT PACKING pc=0x000002ac15c4083c sp=0x000000dc377ff200
Event: 4.536 Thread 0x000002ac38ab9700 DEOPT UNPACKING pc=0x000002ac155b7da2 sp=0x000000dc377ff1b8 mode 2
Event: 4.580 Thread 0x000002ac38c8ee50 Uncommon trap: trap_request=0xffffff45 fr.pc=0x000002ac15b2aa44 relative=0x0000000000000e44
Event: 4.581 Thread 0x000002ac38c8ee50 Uncommon trap: reason=unstable_if action=reinterpret pc=0x000002ac15b2aa44 method=java.io.WinNTFileSystem.resolve(Ljava/lang/String;Ljava/lang/String;)Ljava/lang/String; @ 19 c2
Event: 4.581 Thread 0x000002ac38c8ee50 DEOPT PACKING pc=0x000002ac15b2aa44 sp=0x000000dc36ffbb70
Event: 4.581 Thread 0x000002ac38c8ee50 DEOPT UNPACKING pc=0x000002ac155b7da2 sp=0x000000dc36ffbb08 mode 2
Event: 4.583 Thread 0x000002ac38c8ee50 Uncommon trap: trap_request=0xffffff45 fr.pc=0x000002ac15b92670 relative=0x0000000000000690
Event: 4.583 Thread 0x000002ac38c8ee50 Uncommon trap: reason=unstable_if action=reinterpret pc=0x000002ac15b92670 method=java.io.File.getName()Ljava/lang/String; @ 16 c2
Event: 4.583 Thread 0x000002ac38c8ee50 DEOPT PACKING pc=0x000002ac15b92670 sp=0x000000dc36ffbb30
Event: 4.583 Thread 0x000002ac38c8ee50 DEOPT UNPACKING pc=0x000002ac155b7da2 sp=0x000000dc36ffbb00 mode 2
Event: 4.836 Thread 0x000002ac38c8ee50 Uncommon trap: trap_request=0xffffff45 fr.pc=0x000002ac15b2d794 relative=0x00000000000000f4
Event: 4.836 Thread 0x000002ac38c8ee50 Uncommon trap: reason=unstable_if action=reinterpret pc=0x000002ac15b2d794 method=java.util.HashMap.hash(Ljava/lang/Object;)I @ 1 c2
Event: 4.836 Thread 0x000002ac38c8ee50 DEOPT PACKING pc=0x000002ac15b2d794 sp=0x000000dc36ffc8e0
Event: 4.837 Thread 0x000002ac38c8ee50 DEOPT UNPACKING pc=0x000002ac155b7da2 sp=0x000000dc36ffc820 mode 2

Classes loaded (20 events):
Event: 4.522 Loading class sun/security/provider/MD5
Event: 4.523 Loading class sun/security/provider/MD5 done
Event: 4.523 Loading class sun/security/provider/SHA5$SHA512
Event: 4.523 Loading class sun/security/provider/SHA5
Event: 4.524 Loading class sun/security/provider/SHA5 done
Event: 4.524 Loading class sun/security/provider/SHA5$SHA512 done
Event: 4.526 Loading class sun/security/provider/ByteArrayAccess$LE
Event: 4.526 Loading class sun/security/provider/ByteArrayAccess$LE done
Event: 4.582 Loading class java/io/File$TempDirectory
Event: 4.582 Loading class java/io/File$TempDirectory done
Event: 4.615 Loading class java/io/PrintWriter
Event: 4.615 Loading class java/io/PrintWriter done
Event: 4.739 Loading class java/util/concurrent/Semaphore
Event: 4.740 Loading class java/util/concurrent/Semaphore done
Event: 4.746 Loading class java/nio/file/FileVisitOption
Event: 4.746 Loading class java/nio/file/FileVisitOption done
Event: 4.759 Loading class java/util/stream/ReduceOps$1
Event: 4.759 Loading class java/util/stream/ReduceOps$1 done
Event: 4.759 Loading class java/util/stream/ReduceOps$1ReducingSink
Event: 4.759 Loading class java/util/stream/ReduceOps$1ReducingSink done

Classes unloaded (0 events):
No events

Classes redefined (0 events):
No events

Internal exceptions (20 events):
Event: 3.656 Thread 0x000002ac38a8a940 Exception <a 'java/lang/NoSuchMethodError'{0x0000000606d54b68}: 'void java.lang.invoke.DirectMethodHandle$Holder.invokeSpecial(java.lang.Object, java.lang.Object, java.lang.Object)'> (0x0000000606d54b68) 
thrown [s\src\hotspot\share\interpreter\linkResolver.cpp, line 784]
Event: 3.762 Thread 0x000002ac38c8ee50 Exception <a 'java/lang/NoSuchMethodError'{0x0000000606ad0398}: 'long java.lang.invoke.DirectMethodHandle$Holder.invokeInterface(java.lang.Object, java.lang.Object)'> (0x0000000606ad0398) 
thrown [s\src\hotspot\share\interpreter\linkResolver.cpp, line 784]
Event: 3.877 Thread 0x000002ac38c8ee50 Exception <a 'java/lang/NoSuchMethodError'{0x0000000603c19c68}: 'void java.lang.invoke.DirectMethodHandle$Holder.invokeStatic(java.lang.Object, java.lang.Object)'> (0x0000000603c19c68) 
thrown [s\src\hotspot\share\interpreter\linkResolver.cpp, line 784]
Event: 3.886 Thread 0x000002ac38c8ee50 Exception <a 'java/lang/NoSuchMethodError'{0x0000000603c5f940}: 'java.lang.Object java.lang.invoke.DirectMethodHandle$Holder.invokeVirtual(java.lang.Object, java.lang.Object, java.lang.Object, java.lang.Object, java.lang.Object, java.lang.Object, java.lang.Object, java.lang.Object, java.lang.Object, java.lang.Object, java.lang.Object, java.lang.Object)'> (0x0000000603c5f940) 
thrown [s\src\hotspot\share\interpreter\linkResolver.cpp, line 784]
Event: 3.886 Thread 0x000002ac38c8ee50 Exception <a 'java/lang/NoSuchMethodError'{0x0000000603c64a90}: 'java.lang.Object java.lang.invoke.DirectMethodHandle$Holder.invokeSpecial(java.lang.Object, java.lang.Object, java.lang.Object, java.lang.Object, java.lang.Object, java.lang.Object, java.lang.Object, java.lang.Object, java.lang.Object, java.lang.Object, java.lang.Object, java.lang.Object, java.lang.Object)'> (0x0000000603c64a90) 
thrown [s\src\hotspot\share\interpreter\linkResolver.cpp, line 784]
Event: 3.934 Thread 0x000002ac38c8ee50 Exception <a 'java/lang/NoSuchMethodError'{0x0000000603e53cc8}: 'java.lang.Object java.lang.invoke.DirectMethodHandle$Holder.newInvokeSpecial(java.lang.Object, java.lang.Object, java.lang.Object, java.lang.Object, java.lang.Object)'> (0x0000000603e53cc8) 
thrown [s\src\hotspot\share\interpreter\linkResolver.cpp, line 784]
Event: 3.968 Thread 0x000002ac38c8ee50 Exception <a 'java/lang/NoSuchMethodError'{0x0000000603eabdc8}: 'int java.lang.invoke.DirectMethodHandle$Holder.invokeVirtual(java.lang.Object, java.lang.Object, java.lang.Object)'> (0x0000000603eabdc8) 
thrown [s\src\hotspot\share\interpreter\linkResolver.cpp, line 784]
Event: 4.044 Thread 0x000002ac38c8ee50 Exception <a 'java/lang/NoSuchMethodError'{0x00000006039728a8}: 'java.lang.Object java.lang.invoke.DirectMethodHandle$Holder.newInvokeSpecial(java.lang.Object, java.lang.Object, java.lang.Object, java.lang.Object, java.lang.Object, java.lang.Object)'> (0x00000006039728a8) 
thrown [s\src\hotspot\share\interpreter\linkResolver.cpp, line 784]
Event: 4.049 Thread 0x000002ac38c8ee50 Exception <a 'java/lang/NoSuchMethodError'{0x00000006039983c8}: 'void java.lang.invoke.DirectMethodHandle$Holder.invokeStaticInit(java.lang.Object, java.lang.Object)'> (0x00000006039983c8) 
thrown [s\src\hotspot\share\interpreter\linkResolver.cpp, line 784]
Event: 4.153 Thread 0x000002ac38c8ee50 Exception <a 'java/lang/NoSuchMethodError'{0x000000060342a030}: 'void java.lang.invoke.DelegatingMethodHandle$Holder.reinvoke_L(java.lang.Object, java.lang.Object, java.lang.Object, java.lang.Object, java.lang.Object, java.lang.Object, java.lang.Object, java.lang.Object, java.lang.Object, java.lang.Object)'> (0x000000060342a030) 
thrown [s\src\hotspot\share\interpreter\linkResolver.cpp, line 784]
Event: 4.156 Thread 0x000002ac38c8ee50 Exception <a 'java/lang/NoSuchMethodError'{0x0000000603431b10}: 'java.lang.Object java.lang.invoke.Invokers$Holder.invoker(java.lang.Object, java.lang.Object, java.lang.Object, java.lang.Object, java.lang.Object, java.lang.Object, java.lang.Object, java.lang.Object, java.lang.Object, java.lang.Object)'> (0x0000000603431b10) 
thrown [s\src\hotspot\share\interpreter\linkResolver.cpp, line 784]
Event: 4.318 Thread 0x000002ac38c8ee50 Exception <a 'java/lang/NoSuchMethodError'{0x0000000603006618}: 'void java.lang.invoke.DirectMethodHandle$Holder.invokeVirtual(java.lang.Object, java.lang.Object, java.lang.Object, java.lang.Object, java.lang.Object)'> (0x0000000603006618) 
thrown [s\src\hotspot\share\interpreter\linkResolver.cpp, line 784]
Event: 4.397 Thread 0x000002ac38c8ee50 Exception <a 'java/lang/NoSuchMethodError'{0x00000006031937a0}: 'void java.lang.invoke.DirectMethodHandle$Holder.invokeInterface(java.lang.Object, java.lang.Object)'> (0x00000006031937a0) 
thrown [s\src\hotspot\share\interpreter\linkResolver.cpp, line 784]
Event: 4.398 Thread 0x000002ac38c8ee50 Exception <a 'java/lang/IncompatibleClassChangeError'{0x0000000603196d20}: Found class java.lang.Object, but interface was expected> (0x0000000603196d20) 
thrown [s\src\hotspot\share\interpreter\linkResolver.cpp, line 851]
Event: 4.434 Thread 0x000002ac38c8ee50 Exception <a 'java/lang/NoSuchMethodError'{0x00000006032b87d8}: 'java.lang.Object java.lang.invoke.DirectMethodHandle$Holder.newInvokeSpecial(java.lang.Object, java.lang.Object, int)'> (0x00000006032b87d8) 
thrown [s\src\hotspot\share\interpreter\linkResolver.cpp, line 784]
Event: 4.452 Thread 0x000002ac38c8ee50 Exception <a 'java/lang/NoSuchMethodError'{0x00000006033603e8}: 'java.lang.Object java.lang.invoke.DirectMethodHandle$Holder.invokeVirtual(java.lang.Object, java.lang.Object, java.lang.Object, java.lang.Object, java.lang.Object, java.lang.Object, java.lang.Object, java.lang.Object)'> (0x00000006033603e8) 
thrown [s\src\hotspot\share\interpreter\linkResolver.cpp, line 784]
Event: 4.749 Thread 0x000002ac38c8ee50 Exception <a 'java/lang/NoSuchMethodError'{0x000000060288dee0}: 'int java.lang.invoke.DirectMethodHandle$Holder.invokeSpecialIFC(java.lang.Object, java.lang.Object, java.lang.Object, java.lang.Object)'> (0x000000060288dee0) 
thrown [s\src\hotspot\share\interpreter\linkResolver.cpp, line 784]
Event: 4.751 Thread 0x000002ac38c8ee50 Exception <a 'java/lang/NoSuchMethodError'{0x000000060289b478}: 'java.lang.Object java.lang.invoke.DirectMethodHandle$Holder.invokeInterface(java.lang.Object, java.lang.Object, java.lang.Object)'> (0x000000060289b478) 
thrown [s\src\hotspot\share\interpreter\linkResolver.cpp, line 784]
Event: 4.751 Thread 0x000002ac38c8ee50 Exception <a 'java/lang/IncompatibleClassChangeError'{0x000000060289ede0}: Found class java.lang.Object, but interface was expected> (0x000000060289ede0) 
thrown [s\src\hotspot\share\interpreter\linkResolver.cpp, line 851]
Event: 4.836 Thread 0x000002ac38c8ee50 Implicit null exception at 0x000002ac15b2d6e6 to 0x000002ac15b2d78a

ZGC Phase Switch (0 events):
No events

VM Operations (20 events):
Event: 3.242 Executing VM operation: HandshakeAllThreads (Deoptimize)
Event: 3.242 Executing VM operation: HandshakeAllThreads (Deoptimize) done
Event: 3.396 Executing VM operation: HandshakeAllThreads (Deoptimize)
Event: 3.397 Executing VM operation: HandshakeAllThreads (Deoptimize) done
Event: 3.514 Executing VM operation: HandshakeAllThreads (Deoptimize)
Event: 3.514 Executing VM operation: HandshakeAllThreads (Deoptimize) done
Event: 3.749 Executing VM operation: ICBufferFull
Event: 3.749 Executing VM operation: ICBufferFull done
Event: 3.800 Executing VM operation: CollectForMetadataAllocation (Metadata GC Threshold)
Event: 3.805 Executing VM operation: CollectForMetadataAllocation (Metadata GC Threshold) done
Event: 3.815 Executing VM operation: G1PauseRemark
Event: 3.817 Executing VM operation: G1PauseRemark done
Event: 3.818 Executing VM operation: G1PauseCleanup
Event: 3.822 Executing VM operation: G1PauseCleanup done
Event: 4.006 Executing VM operation: HandshakeAllThreads (Deoptimize)
Event: 4.006 Executing VM operation: HandshakeAllThreads (Deoptimize) done
Event: 4.101 Executing VM operation: HandshakeAllThreads (Deoptimize)
Event: 4.101 Executing VM operation: HandshakeAllThreads (Deoptimize) done
Event: 4.432 Executing VM operation: HandshakeAllThreads (Deoptimize)
Event: 4.432 Executing VM operation: HandshakeAllThreads (Deoptimize) done

Memory protections (0 events):
No events

Nmethod flushes (0 events):
No events

Events (20 events):
Event: 0.295 Thread 0x000002ac026e1320 Thread added: 0x000002ac32d28870
Event: 0.661 Loaded shared library C:\Program Files\Android\Android Studio\jbr\bin\jimage.dll
Event: 0.957 Loaded shared library C:\Users\Krysthille Tambis\.gradle\native\c067742578af261105cb4f569cf0c3c89f3d7b1fecec35dd04571415982c5e48\windows-amd64\native-platform.dll
Event: 0.972 Loaded shared library C:\Users\Krysthille Tambis\.gradle\native\100fb08df4bc3b14c8652ba06237920a3bd2aa13389f12d3474272988ae205f9\windows-amd64\native-platform-file-events.dll
Event: 2.959 Loaded shared library C:\Program Files\Android\Android Studio\jbr\bin\management.dll
Event: 2.963 Loaded shared library C:\Program Files\Android\Android Studio\jbr\bin\management_ext.dll
Event: 3.012 Thread 0x000002ac026e1320 Thread added: 0x000002ac38973ee0
Event: 3.278 Loaded shared library C:\Program Files\Android\Android Studio\jbr\bin\extnet.dll
Event: 3.332 Thread 0x000002ac026e1320 Thread added: 0x000002ac38c4f090
Event: 3.480 Thread 0x000002ac026e1320 Thread added: 0x000002ac38c66060
Event: 3.566 Thread 0x000002ac38c4f090 Thread added: 0x000002ac38a8a940
Event: 3.582 Thread 0x000002ac38a8a940 Thread added: 0x000002ac38a9e7b0
Event: 3.647 Thread 0x000002ac38a8a940 Thread added: 0x000002ac38a9fa30
Event: 3.657 Thread 0x000002ac38a8a940 Thread added: 0x000002ac38c8ee50
Event: 3.692 Thread 0x000002ac38c8ee50 Thread added: 0x000002ac38ac6ee0
Event: 3.700 Thread 0x000002ac38c8ee50 Thread added: 0x000002ac38ac8040
Event: 3.704 Thread 0x000002ac38c8ee50 Thread added: 0x000002ac38ab9070
Event: 4.433 Thread 0x000002ac38c8ee50 Thread added: 0x000002ac38ab9d90
Event: 4.447 Thread 0x000002ac38c8ee50 Thread added: 0x000002ac38abb140
Event: 4.512 Thread 0x000002ac38c8ee50 Thread added: 0x000002ac38ab9700


Dynamic libraries:
0x00007ff615d00000 - 0x00007ff615d0a000 	C:\Program Files\Android\Android Studio\jbr\bin\java.exe
0x00007ffa60950000 - 0x00007ffa60b67000 	C:\Windows\SYSTEM32\ntdll.dll
0x00007ffa5edd0000 - 0x00007ffa5ee94000 	C:\Windows\System32\KERNEL32.DLL
0x00007ffa5da40000 - 0x00007ffa5de12000 	C:\Windows\System32\KERNELBASE.dll
0x00007ffa5def0000 - 0x00007ffa5e001000 	C:\Windows\System32\ucrtbase.dll
0x00007ffa1e480000 - 0x00007ffa1e498000 	C:\Program Files\Android\Android Studio\jbr\bin\jli.dll
0x00007ffa404a0000 - 0x00007ffa404bb000 	C:\Program Files\Android\Android Studio\jbr\bin\VCRUNTIME140.dll
0x00007ffa5ef30000 - 0x00007ffa5f0e1000 	C:\Windows\System32\USER32.dll
0x00007ffa5e5b0000 - 0x00007ffa5e5d6000 	C:\Windows\System32\win32u.dll
0x00007ffa3f700000 - 0x00007ffa3f99b000 	C:\Windows\WinSxS\amd64_microsoft.windows.common-controls_6595b64144ccf1df_6.0.22621.5547_none_27104afb73855772\COMCTL32.dll
0x00007ffa5fc80000 - 0x00007ffa5fd27000 	C:\Windows\System32\msvcrt.dll
0x00007ffa5ec20000 - 0x00007ffa5ec49000 	C:\Windows\System32\GDI32.dll
0x00007ffa5e310000 - 0x00007ffa5e433000 	C:\Windows\System32\gdi32full.dll
0x00007ffa5de20000 - 0x00007ffa5deba000 	C:\Windows\System32\msvcp_win.dll
0x00007ffa5eb60000 - 0x00007ffa5eb91000 	C:\Windows\System32\IMM32.DLL
0x00007ffa49fe0000 - 0x00007ffa49fec000 	C:\Program Files\Android\Android Studio\jbr\bin\vcruntime140_1.dll
0x00007ff9f46e0000 - 0x00007ff9f476d000 	C:\Program Files\Android\Android Studio\jbr\bin\msvcp140.dll
0x00007ff9ac2d0000 - 0x00007ff9acf5b000 	C:\Program Files\Android\Android Studio\jbr\bin\server\jvm.dll
0x00007ffa5ffe0000 - 0x00007ffa60091000 	C:\Windows\System32\ADVAPI32.dll
0x00007ffa5ff30000 - 0x00007ffa5ffd8000 	C:\Windows\System32\sechost.dll
0x00007ffa5dec0000 - 0x00007ffa5dee8000 	C:\Windows\System32\bcrypt.dll
0x00007ffa60130000 - 0x00007ffa60244000 	C:\Windows\System32\RPCRT4.dll
0x00007ffa5eba0000 - 0x00007ffa5ec11000 	C:\Windows\System32\WS2_32.dll
0x00007ffa5d910000 - 0x00007ffa5d95d000 	C:\Windows\SYSTEM32\POWRPROF.dll
0x00007ffa54010000 - 0x00007ffa54044000 	C:\Windows\SYSTEM32\WINMM.dll
0x00007ffa5a2f0000 - 0x00007ffa5a2fa000 	C:\Windows\SYSTEM32\VERSION.dll
0x00007ffa5d8f0000 - 0x00007ffa5d903000 	C:\Windows\SYSTEM32\UMPDC.dll
0x00007ffa5ca70000 - 0x00007ffa5ca88000 	C:\Windows\SYSTEM32\kernel.appcore.dll
0x00007ffa49db0000 - 0x00007ffa49dba000 	C:\Program Files\Android\Android Studio\jbr\bin\jimage.dll
0x00007ffa57270000 - 0x00007ffa574a3000 	C:\Windows\SYSTEM32\DBGHELP.DLL
0x00007ffa5e5e0000 - 0x00007ffa5e973000 	C:\Windows\System32\combase.dll
0x00007ffa5f160000 - 0x00007ffa5f237000 	C:\Windows\System32\OLEAUT32.dll
0x00007ffa2fb30000 - 0x00007ffa2fb62000 	C:\Windows\SYSTEM32\dbgcore.DLL
0x00007ffa5e1d0000 - 0x00007ffa5e24b000 	C:\Windows\System32\bcryptPrimitives.dll
0x00007ffa58420000 - 0x00007ffa5842e000 	C:\Program Files\Android\Android Studio\jbr\bin\instrument.dll
0x00007ffa194c0000 - 0x00007ffa194e0000 	C:\Program Files\Android\Android Studio\jbr\bin\java.dll
0x00007ffa17f70000 - 0x00007ffa17f88000 	C:\Program Files\Android\Android Studio\jbr\bin\zip.dll
0x00007ffa5f250000 - 0x00007ffa5faf2000 	C:\Windows\System32\SHELL32.dll
0x00007ffa5e090000 - 0x00007ffa5e1cf000 	C:\Windows\System32\wintypes.dll
0x00007ffa5b970000 - 0x00007ffa5c28d000 	C:\Windows\SYSTEM32\windows.storage.dll
0x00007ffa60250000 - 0x00007ffa6035c000 	C:\Windows\System32\SHCORE.dll
0x00007ffa5f0f0000 - 0x00007ffa5f159000 	C:\Windows\System32\shlwapi.dll
0x00007ffa5d970000 - 0x00007ffa5d99b000 	C:\Windows\SYSTEM32\profapi.dll
0x00007ffa49c90000 - 0x00007ffa49ca0000 	C:\Program Files\Android\Android Studio\jbr\bin\net.dll
0x00007ffa5aaf0000 - 0x00007ffa5ac1c000 	C:\Windows\SYSTEM32\WINHTTP.dll
0x00007ffa5cef0000 - 0x00007ffa5cf59000 	C:\Windows\system32\mswsock.dll
0x00007ffa17ec0000 - 0x00007ffa17ed6000 	C:\Program Files\Android\Android Studio\jbr\bin\nio.dll
0x00007ffa42b80000 - 0x00007ffa42b90000 	C:\Program Files\Android\Android Studio\jbr\bin\verify.dll
0x00007ff9f4fa0000 - 0x00007ff9f4fc7000 	C:\Users\Krysthille Tambis\.gradle\native\c067742578af261105cb4f569cf0c3c89f3d7b1fecec35dd04571415982c5e48\windows-amd64\native-platform.dll
0x00007ff9d3a30000 - 0x00007ff9d3b74000 	C:\Users\Krysthille Tambis\.gradle\native\100fb08df4bc3b14c8652ba06237920a3bd2aa13389f12d3474272988ae205f9\windows-amd64\native-platform-file-events.dll
0x00007ffa42b10000 - 0x00007ffa42b19000 	C:\Program Files\Android\Android Studio\jbr\bin\management.dll
0x00007ffa42270000 - 0x00007ffa4227b000 	C:\Program Files\Android\Android Studio\jbr\bin\management_ext.dll
0x00007ffa5eb50000 - 0x00007ffa5eb58000 	C:\Windows\System32\PSAPI.DLL
0x00007ffa5d140000 - 0x00007ffa5d15b000 	C:\Windows\SYSTEM32\CRYPTSP.dll
0x00007ffa5c9d0000 - 0x00007ffa5ca07000 	C:\Windows\system32\rsaenh.dll
0x00007ffa5cfe0000 - 0x00007ffa5d008000 	C:\Windows\SYSTEM32\USERENV.dll
0x00007ffa5d160000 - 0x00007ffa5d16c000 	C:\Windows\SYSTEM32\CRYPTBASE.dll
0x00007ffa5c4f0000 - 0x00007ffa5c51d000 	C:\Windows\SYSTEM32\IPHLPAPI.DLL
0x00007ffa5f240000 - 0x00007ffa5f249000 	C:\Windows\System32\NSI.dll
0x00007ffa42170000 - 0x00007ffa42179000 	C:\Program Files\Android\Android Studio\jbr\bin\extnet.dll
0x00007ffa40f70000 - 0x00007ffa40f78000 	C:\Windows\system32\wshunix.dll

dbghelp: loaded successfully - version: 4.0.5 - missing functions: none
symbol engine: initialized successfully - sym options: 0x614 - pdb path: .;C:\Program Files\Android\Android Studio\jbr\bin;C:\Windows\SYSTEM32;C:\Windows\WinSxS\amd64_microsoft.windows.common-controls_6595b64144ccf1df_6.0.22621.5547_none_27104afb73855772;C:\Program Files\Android\Android Studio\jbr\bin\server;C:\Users\Krysthille Tambis\.gradle\native\c067742578af261105cb4f569cf0c3c89f3d7b1fecec35dd04571415982c5e48\windows-amd64;C:\Users\Krysthille Tambis\.gradle\native\100fb08df4bc3b14c8652ba06237920a3bd2aa13389f12d3474272988ae205f9\windows-amd64

VM Arguments:
jvm_args: -XX:MaxMetaspaceSize=4G -XX:ReservedCodeCacheSize=512m -XX:+HeapDumpOnOutOfMemoryError --add-opens=java.base/java.util=ALL-UNNAMED --add-opens=java.base/java.lang=ALL-UNNAMED --add-opens=java.base/java.lang.invoke=ALL-UNNAMED --add-opens=java.prefs/java.util.prefs=ALL-UNNAMED --add-exports=jdk.compiler/com.sun.tools.javac.api=ALL-UNNAMED --add-exports=jdk.compiler/com.sun.tools.javac.util=ALL-UNNAMED --add-opens=java.base/java.nio.charset=ALL-UNNAMED --add-opens=java.base/java.net=ALL-UNNAMED --add-opens=java.base/java.util.concurrent.atomic=ALL-UNNAMED -Xmx8G -Dfile.encoding=UTF-8 -Duser.country=US -Duser.language=en -Duser.variant -javaagent:C:\Users\Krysthille Tambis\.gradle\wrapper\dists\gradle-8.9-all\6m0mbzute7p0zdleavqlib88a\gradle-8.9\lib\agents\gradle-instrumentation-agent-8.9.jar 
java_command: org.gradle.launcher.daemon.bootstrap.GradleDaemon 8.9
java_class_path (initial): C:\Users\Krysthille Tambis\.gradle\wrapper\dists\gradle-8.9-all\6m0mbzute7p0zdleavqlib88a\gradle-8.9\lib\gradle-daemon-main-8.9.jar
Launcher Type: SUN_STANDARD

[Global flags]
     intx CICompilerCount                          = 4                                         {product} {ergonomic}
     uint ConcGCThreads                            = 2                                         {product} {ergonomic}
     uint G1ConcRefinementThreads                  = 8                                         {product} {ergonomic}
   size_t G1HeapRegionSize                         = 4194304                                   {product} {ergonomic}
    uintx GCDrainStackTargetSize                   = 64                                        {product} {ergonomic}
     bool HeapDumpOnOutOfMemoryError               = true                                   {manageable} {command line}
   size_t InitialHeapSize                          = 134217728                                 {product} {ergonomic}
   size_t MarkStackSize                            = 4194304                                   {product} {ergonomic}
   size_t MaxHeapSize                              = 8589934592                                {product} {command line}
   size_t MaxMetaspaceSize                         = 4294967296                                {product} {command line}
   size_t MaxNewSize                               = 5150605312                                {product} {ergonomic}
   size_t MinHeapDeltaBytes                        = 4194304                                   {product} {ergonomic}
   size_t MinHeapSize                              = 8388608                                   {product} {ergonomic}
    uintx NonNMethodCodeHeapSize                   = 5839372                                {pd product} {ergonomic}
    uintx NonProfiledCodeHeapSize                  = 265515770                              {pd product} {ergonomic}
    uintx ProfiledCodeHeapSize                     = 265515770                              {pd product} {ergonomic}
    uintx ReservedCodeCacheSize                    = 536870912                              {pd product} {command line}
     bool SegmentedCodeCache                       = true                                      {product} {ergonomic}
   size_t SoftMaxHeapSize                          = 8589934592                             {manageable} {ergonomic}
     bool UseCompressedOops                        = true                           {product lp64_product} {ergonomic}
     bool UseG1GC                                  = true                                      {product} {ergonomic}
     bool UseLargePagesIndividualAllocation        = false                                  {pd product} {ergonomic}

Logging:
Log output configuration:
 #0: stdout all=warning uptime,level,tags foldmultilines=false
 #1: stderr all=off uptime,level,tags foldmultilines=false

Environment Variables:
JAVA_HOME=C:\Program Files\Android\Android Studio\jbr
CLASSPATH=D:\ImPawsible\impawsible\android\\gradle\wrapper\gradle-wrapper.jar
PATH=C:\Program Files\Android\Android Studio\jbr\bin;D:\Source\flutter_windows_3.29.3-stable\flutter\bin\;C:\Program Files\Eclipse Adoptium\jdk-21.0.7.6-hotspot\bin;C:\Program Files\Common Files\Oracle\Java\javapath;C:\Windows\System32\HWAudioDriverLibs;C:\Windows\system32;C:\Windows;C:\Windows\System32\Wbem;C:\Windows\System32\WindowsPowerShell\v1.0\;C:\Windows\System32\OpenSSH\;C:\Users\Administrator\AppData\Local\Microsoft\WindowsApps;C:\Program Files\Microsoft SQL Server\Client SDK\ODBC\170\Tools\Binn\;C:\Program Files (x86)\Microchip\MPLAB C32 Suite\bin;D:\Source\flutter_windows_3.29.3-stable\flutter\bin;C:\Program Files\Microsoft SQL Server\150\Tools\Binn\;C:\Program Files\dotnet\;C:\Program Files (x86)\Windows Kits\10\Windows Performance Toolkit\;C:\XAMPP\htdocs;C:\Users\Krysthille Tambis\AppData\Local\Microsoft\WindowsApps;C:\Users\Krysthille Tambis\AppData\Local\Programs\Microsoft VS Code\bin;C:\Program Files\Azure Data Studio\bin;C:\Users\Krysthille Tambis\.dotnet\tools;C:\Users\Krysthille Tambis\AppData\Local\Programs\cursor\resources\app\bin;c:\Users\Krysthille Tambis\.vscode\extensions\ms-python.debugpy-2025.10.0-win32-x64\bundled\scripts\noConfigScripts;D:\Source\flutter_windows_3.29.3-stable\flutter\bin\mingit\cmd
USERNAME=Krysthille Tambis
LANG=en_US.UTF-8
OS=Windows_NT
PROCESSOR_IDENTIFIER=Intel64 Family 6 Model 140 Stepping 2, GenuineIntel
TMP=C:\Users\KRYSTH~1\AppData\Local\Temp
TEMP=C:\Users\KRYSTH~1\AppData\Local\Temp




Periodic native trim disabled

JNI global refs:
JNI global refs: 23, weak refs: 0

JNI global refs memory usage: 835, weak refs: 833

Process memory usage:
Resident Set Size: 155312K (1% of 8166712K total physical memory with 27628K free physical memory)

OOME stack traces (most recent first):
Classloader memory used:
Loader bootstrap                                                                       : 15879K
Loader org.gradle.internal.classloader.VisitableURLClassLoader                         : 9205K
Loader org.gradle.initialization.MixInLegacyTypesClassLoader                           : 591K
Loader jdk.internal.loader.ClassLoaders$AppClassLoader                                 : 230K
Loader jdk.internal.loader.ClassLoaders$PlatformClassLoader                            : 114K

Classes loaded by more than one classloader:
Class org.gradle.internal.classloader.FilteringClassLoader                            : loaded 2 times (x 101B)
Class org.gradle.internal.classloader.ClassLoaderHierarchy                            : loaded 2 times (x 66B)
Class org.gradle.api.internal.classpath.ManifestUtil                                  : loaded 2 times (x 67B)
Class org.gradle.internal.classloader.DefaultClassLoaderFactory                       : loaded 2 times (x 78B)
Class org.gradle.internal.classloader.ClassLoaderVisitor                              : loaded 2 times (x 72B)
Class org.gradle.api.internal.classpath.EffectiveClassPath                            : loaded 2 times (x 86B)
Class org.gradle.api.internal.DefaultClassPathProvider                                : loaded 2 times (x 72B)
Class [Lorg.gradle.api.internal.ClassPathProvider;                                    : loaded 2 times (x 65B)
Class org.gradle.api.internal.ClassPathProvider                                       : loaded 2 times (x 66B)
Class org.gradle.internal.service.UnknownServiceException                             : loaded 2 times (x 79B)
Class org.gradle.internal.classpath.TransformedClassPath                              : loaded 2 times (x 92B)
Class org.gradle.internal.service.ServiceLocator                                      : loaded 2 times (x 66B)
Class org.gradle.internal.InternalTransformer                                         : loaded 2 times (x 66B)
Class org.gradle.internal.classloader.ClasspathUtil$1                                 : loaded 2 times (x 72B)
Class org.gradle.api.internal.classpath.DefaultModuleRegistry$DefaultModule           : loaded 2 times (x 82B)
Class org.gradle.api.internal.classpath.Module                                        : loaded 2 times (x 66B)
Class org.gradle.api.internal.classpath.UnknownModuleException                        : loaded 2 times (x 78B)
Class org.gradle.api.internal.DefaultClassPathRegistry                                : loaded 2 times (x 72B)
Class org.gradle.api.internal.ClassPathRegistry                                       : loaded 2 times (x 66B)
Class org.gradle.internal.classpath.DefaultClassPath$ImmutableUniqueList              : loaded 2 times (x 195B)
Class org.gradle.internal.classpath.ClassPath                                         : loaded 2 times (x 66B)
Class org.gradle.api.UncheckedIOException                                             : loaded 2 times (x 78B)
Class org.gradle.internal.installation.GradleInstallation$1                           : loaded 2 times (x 71B)
Class org.gradle.api.internal.classpath.ModuleRegistry                                : loaded 2 times (x 66B)
Class org.gradle.api.internal.classpath.DefaultModuleRegistry                         : loaded 2 times (x 79B)
Class org.gradle.internal.service.ServiceLookupException                              : loaded 2 times (x 78B)
Class org.gradle.internal.classloader.ClassLoaderFactory                              : loaded 2 times (x 66B)
Class org.gradle.internal.service.CachingServiceLocator                               : loaded 2 times (x 78B)
Class org.gradle.internal.classloader.ClasspathUtil                                   : loaded 2 times (x 67B)
Class org.gradle.api.specs.Spec                                                       : loaded 2 times (x 66B)
Class org.gradle.internal.classloader.VisitableURLClassLoader$InstrumentingVisitableURLClassLoader: loaded 2 times (x 119B)
Class org.gradle.internal.classloader.VisitableURLClassLoader$Spec                    : loaded 2 times (x 70B)
Class org.gradle.internal.classpath.DefaultClassPath                                  : loaded 2 times (x 86B)
Class org.gradle.internal.classloader.ClassLoaderSpec                                 : loaded 2 times (x 67B)
Class org.gradle.internal.classloader.VisitableURLClassLoader                         : loaded 2 times (x 113B)
Class org.gradle.internal.Cast                                                        : loaded 2 times (x 67B)
Class org.gradle.api.Action                                                           : loaded 2 times (x 66B)
Class org.gradle.internal.agents.InstrumentingClassLoader                             : loaded 2 times (x 66B)
Class org.gradle.internal.classpath.DefaultClassPath$ImmutableUniqueList$Builder      : loaded 2 times (x 71B)
Class org.gradle.api.GradleException                                                  : loaded 2 times (x 78B)
Class org.gradle.internal.IoActions                                                   : loaded 2 times (x 67B)
Class org.gradle.internal.classloader.SystemClassLoaderSpec                           : loaded 2 times (x 67B)
Class org.gradle.internal.installation.CurrentGradleInstallationLocator               : loaded 2 times (x 67B)
Class org.gradle.internal.service.DefaultServiceLocator                               : loaded 2 times (x 79B)
Class org.gradle.internal.installation.CurrentGradleInstallation                      : loaded 2 times (x 69B)
Class org.gradle.util.internal.GUtil                                                  : loaded 2 times (x 67B)
Class org.gradle.internal.installation.GradleInstallation                             : loaded 2 times (x 71B)

---------------  S Y S T E M  ---------------

OS:
 Windows 11 , 64 bit Build 22621 (10.0.22621.5415)
OS uptime: 98 days 2:25 hours

CPU: total 8 (initial active 8) (4 cores per cpu, 2 threads per core) family 6 model 140 stepping 2 microcode 0x16, cx8, cmov, fxsr, ht, mmx, 3dnowpref, sse, sse2, sse3, ssse3, sse4.1, sse4.2, popcnt, lzcnt, tsc, tscinvbit, avx, avx2, aes, erms, clmul, bmi1, bmi2, adx, avx512f, avx512dq, avx512cd, avx512bw, avx512vl, sha, fma, vzeroupper, avx512_vpopcntdq, avx512_vpclmulqdq, avx512_vaes, avx512_vnni, clflush, clflushopt, clwb, avx512_vbmi2, avx512_vbmi, rdtscp, rdpid, fsrm, gfni, avx512_bitalg, f16c, pku, cet_ibt, cet_ss, avx512_ifma
Processor Information for the first 8 processors :
  Max Mhz: 2496, Current Mhz: 2496, Mhz Limit: 2496

Memory: 4k page, system-wide physical 7975M (34M free)
TotalPageFile size 21128M (AvailPageFile size 5M)
current process WorkingSet (physical memory assigned to process): 151M, peak: 153M
current process commit charge ("private bytes"): 220M, peak: 253M

vm_info: OpenJDK 64-Bit Server VM (21.0.6+-13355223-b631.42) for windows-amd64 JRE (21.0.6+-13355223-b631.42), built on 2025-04-14T18:21:23Z by "builder" with MS VC++ 16.10 / 16.11 (VS2019)

END.
