#
# There is insufficient memory for the Java Runtime Environment to continue.
# Native memory allocation (malloc) failed to allocate 1929776 bytes. Error detail: Chunk::new
# Possible reasons:
#   The system is out of physical RAM or swap space
#   This process is running with CompressedOops enabled, and the Java Heap may be blocking the growth of the native heap
# Possible solutions:
#   Reduce memory load on the system
#   Increase physical memory or swap space
#   Check if swap backing store is full
#   Decrease Java heap size (-Xmx/-Xms)
#   Decrease number of Java threads
#   Decrease Java thread stack sizes (-Xss)
#   Set larger code cache with -XX:ReservedCodeCacheSize=
#   JVM is running with Zero Based Compressed Oops mode in which the Java heap is
#     placed in the first 32GB address space. The Java Heap base address is the
#     maximum limit for the native heap growth. Please use -XX:HeapBaseMinAddress
#     to set the Java Heap base and to place the Java Heap above 32GB virtual address.
# This output file may be truncated or incomplete.
#
#  Out of Memory Error (arena.cpp:168), pid=13028, tid=25768
#
# JRE version: OpenJDK Runtime Environment (21.0.6) (build 21.0.6+-13355223-b631.42)
# Java VM: OpenJDK 64-Bit Server VM (21.0.6+-13355223-b631.42, mixed mode, tiered, compressed oops, compressed class ptrs, g1 gc, windows-amd64)
# No core dump will be written. Minidumps are not enabled by default on client versions of Windows
#

---------------  S U M M A R Y ------------

Command Line: -XX:MaxMetaspaceSize=4G -XX:ReservedCodeCacheSize=512m -XX:+HeapDumpOnOutOfMemoryError --add-opens=java.base/java.util=ALL-UNNAMED --add-opens=java.base/java.lang=ALL-UNNAMED --add-opens=java.base/java.lang.invoke=ALL-UNNAMED --add-opens=java.prefs/java.util.prefs=ALL-UNNAMED --add-exports=jdk.compiler/com.sun.tools.javac.api=ALL-UNNAMED --add-exports=jdk.compiler/com.sun.tools.javac.util=ALL-UNNAMED --add-opens=java.base/java.nio.charset=ALL-UNNAMED --add-opens=java.base/java.net=ALL-UNNAMED --add-opens=java.base/java.util.concurrent.atomic=ALL-UNNAMED -Xmx8G -Dfile.encoding=UTF-8 -Duser.country=US -Duser.language=en -Duser.variant -javaagent:C:\Users\Krysthille Tambis\.gradle\wrapper\dists\gradle-8.9-all\6m0mbzute7p0zdleavqlib88a\gradle-8.9\lib\agents\gradle-instrumentation-agent-8.9.jar org.gradle.launcher.daemon.bootstrap.GradleDaemon 8.9

Host: 11th Gen Intel(R) Core(TM) i5-1155G7 @ 2.50GHz, 8 cores, 7G,  Windows 11 , 64 bit Build 22621 (10.0.22621.5415)
Time: Sat Feb 14 16:13:36 2026 Malay Peninsula Standard Time elapsed time: 5.624437 seconds (0d 0h 0m 5s)

---------------  T H R E A D  ---------------

Current thread (0x0000022870663fb0):  JavaThread "C2 CompilerThread0" daemon [_thread_in_native, id=25768, stack(0x00000076d9900000,0x00000076d9a00000) (1024K)]


Current CompileTask:
C2:5624 4663   !   4       java.net.URLClassLoader::findClass (47 bytes)

Stack: [0x00000076d9900000,0x00000076d9a00000]
Native frames: (J=compiled Java code, j=interpreted, Vv=VM code, C=native code)
V  [jvm.dll+0x6d05a9]
V  [jvm.dll+0x85ea73]
V  [jvm.dll+0x860fce]
V  [jvm.dll+0x8616b3]
V  [jvm.dll+0x27e6e6]
V  [jvm.dll+0xbff6d]
V  [jvm.dll+0xc04a3]
V  [jvm.dll+0x3b6131]
V  [jvm.dll+0x382097]
V  [jvm.dll+0x38150a]
V  [jvm.dll+0x247c82]
V  [jvm.dll+0x247251]
V  [jvm.dll+0x1c5f04]
V  [jvm.dll+0x2569ac]
V  [jvm.dll+0x254ef6]
V  [jvm.dll+0x3f0e56]
V  [jvm.dll+0x806e48]
V  [jvm.dll+0x6cee7d]
C  [ucrtbase.dll+0x29333]
C  [KERNEL32.DLL+0x1259d]
C  [ntdll.dll+0x5af78]


---------------  P R O C E S S  ---------------

Threads class SMR info:
_java_thread_list=0x00000228708a6f20, length=34, elements={
0x00000228403b1230, 0x000002287067d630, 0x0000022870680bf0, 0x000002287065df50,
0x000002287065f810, 0x0000022870660f00, 0x0000022870662960, 0x0000022870663fb0,
0x0000022870669620, 0x0000022870817190, 0x00000228709363d0, 0x0000022876874520,
0x0000022876999460, 0x0000022876a933f0, 0x0000022876b2b360, 0x0000022876868ec0,
0x000002287686b530, 0x0000022876af93a0, 0x0000022876af9cb0, 0x0000022876be1020,
0x0000022876be3780, 0x0000022876be23d0, 0x0000022876be3e10, 0x0000022876be0990,
0x0000022876be16b0, 0x0000022876be2a60, 0x0000022876be30f0, 0x0000022876be1d40,
0x0000022878a7cda0, 0x0000022878a797d0, 0x0000022878a79e60, 0x0000022878a78420,
0x0000022878a7b210, 0x0000022878a78ab0
}

Java Threads: ( => current thread )
  0x00000228403b1230 JavaThread "main"                              [_thread_blocked, id=30280, stack(0x00000076d8b00000,0x00000076d8c00000) (1024K)]
  0x000002287067d630 JavaThread "Reference Handler"          daemon [_thread_blocked, id=6264, stack(0x00000076d9300000,0x00000076d9400000) (1024K)]
  0x0000022870680bf0 JavaThread "Finalizer"                  daemon [_thread_blocked, id=29256, stack(0x00000076d9400000,0x00000076d9500000) (1024K)]
  0x000002287065df50 JavaThread "Signal Dispatcher"          daemon [_thread_blocked, id=9464, stack(0x00000076d9500000,0x00000076d9600000) (1024K)]
  0x000002287065f810 JavaThread "Attach Listener"            daemon [_thread_blocked, id=6856, stack(0x00000076d9600000,0x00000076d9700000) (1024K)]
  0x0000022870660f00 JavaThread "Service Thread"             daemon [_thread_blocked, id=7164, stack(0x00000076d9700000,0x00000076d9800000) (1024K)]
  0x0000022870662960 JavaThread "Monitor Deflation Thread"   daemon [_thread_blocked, id=12320, stack(0x00000076d9800000,0x00000076d9900000) (1024K)]
=>0x0000022870663fb0 JavaThread "C2 CompilerThread0"         daemon [_thread_in_native, id=25768, stack(0x00000076d9900000,0x00000076d9a00000) (1024K)]
  0x0000022870669620 JavaThread "C1 CompilerThread0"         daemon [_thread_blocked, id=16164, stack(0x00000076d9a00000,0x00000076d9b00000) (1024K)]
  0x0000022870817190 JavaThread "Common-Cleaner"             daemon [_thread_blocked, id=13296, stack(0x00000076d9b00000,0x00000076d9c00000) (1024K)]
  0x00000228709363d0 JavaThread "Notification Thread"        daemon [_thread_blocked, id=3396, stack(0x00000076d9c00000,0x00000076d9d00000) (1024K)]
  0x0000022876874520 JavaThread "Daemon health stats"               [_thread_blocked, id=26476, stack(0x00000076da400000,0x00000076da500000) (1024K)]
  0x0000022876999460 JavaThread "Incoming local TCP Connector on port 8942"        [_thread_in_native, id=8140, stack(0x00000076da500000,0x00000076da600000) (1024K)]
  0x0000022876a933f0 JavaThread "Daemon periodic checks"            [_thread_blocked, id=11524, stack(0x00000076da600000,0x00000076da700000) (1024K)]
  0x0000022876b2b360 JavaThread "Daemon"                            [_thread_blocked, id=1356, stack(0x00000076da700000,0x00000076da800000) (1024K)]
  0x0000022876868ec0 JavaThread "Handler for socket connection from /127.0.0.1:8942 to /127.0.0.1:8943"        [_thread_in_native, id=19288, stack(0x00000076da800000,0x00000076da900000) (1024K)]
  0x000002287686b530 JavaThread "Cancel handler"                    [_thread_blocked, id=15280, stack(0x00000076da900000,0x00000076daa00000) (1024K)]
  0x0000022876af93a0 JavaThread "Daemon worker"                     [_thread_in_native, id=24376, stack(0x00000076daa00000,0x00000076dab00000) (1024K)]
  0x0000022876af9cb0 JavaThread "Asynchronous log dispatcher for DefaultDaemonConnection: socket connection from /127.0.0.1:8942 to /127.0.0.1:8943"        [_thread_blocked, id=19232, stack(0x00000076dab00000,0x00000076dac00000) (1024K)]
  0x0000022876be1020 JavaThread "Stdin handler"                     [_thread_blocked, id=25068, stack(0x00000076dac00000,0x00000076dad00000) (1024K)]
  0x0000022876be3780 JavaThread "Daemon client event forwarder"        [_thread_blocked, id=25964, stack(0x00000076dad00000,0x00000076dae00000) (1024K)]
  0x0000022876be23d0 JavaThread "Cache worker for journal cache (C:\Users\Krysthille Tambis\.gradle\caches\journal-1)"        [_thread_blocked, id=1100, stack(0x00000076db000000,0x00000076db100000) (1024K)]
  0x0000022876be3e10 JavaThread "File lock request listener"        [_thread_in_native, id=16040, stack(0x00000076db100000,0x00000076db200000) (1024K)]
  0x0000022876be0990 JavaThread "Cache worker for file hash cache (C:\Users\Krysthille Tambis\.gradle\caches\8.9\fileHashes)"        [_thread_blocked, id=19220, stack(0x00000076db200000,0x00000076db300000) (1024K)]
  0x0000022876be16b0 JavaThread "Cache worker for file hash cache (D:\ImPawsible\impawsible\android\.gradle\8.9\fileHashes)"        [_thread_blocked, id=22512, stack(0x00000076db300000,0x00000076db400000) (1024K)]
  0x0000022876be2a60 JavaThread "Cache worker for Build Output Cleanup Cache (D:\ImPawsible\impawsible\android\.gradle\buildOutputCleanup)"        [_thread_blocked, id=28412, stack(0x00000076db400000,0x00000076db500000) (1024K)]
  0x0000022876be30f0 JavaThread "File watcher server"        daemon [_thread_in_native, id=27376, stack(0x00000076db500000,0x00000076db600000) (1024K)]
  0x0000022876be1d40 JavaThread "File watcher consumer"      daemon [_thread_blocked, id=6556, stack(0x00000076db600000,0x00000076db700000) (1024K)]
  0x0000022878a7cda0 JavaThread "C2 CompilerThread1"         daemon [_thread_blocked, id=11392, stack(0x00000076d9d00000,0x00000076d9e00000) (1024K)]
  0x0000022878a797d0 JavaThread "Cache worker for checksums cache (D:\ImPawsible\impawsible\android\.gradle\8.9\checksums)"        [_thread_blocked, id=22820, stack(0x00000076db700000,0x00000076db800000) (1024K)]
  0x0000022878a79e60 JavaThread "Cache worker for file content cache (C:\Users\Krysthille Tambis\.gradle\caches\8.9\fileContent)"        [_thread_blocked, id=30412, stack(0x00000076db800000,0x00000076db900000) (1024K)]
  0x0000022878a78420 JavaThread "Cache worker for cache directory md-rule (C:\Users\Krysthille Tambis\.gradle\caches\8.9\md-rule)"        [_thread_blocked, id=26508, stack(0x00000076db900000,0x00000076dba00000) (1024K)]
  0x0000022878a7b210 JavaThread "Cache worker for cache directory md-supplier (C:\Users\Krysthille Tambis\.gradle\caches\8.9\md-supplier)"        [_thread_blocked, id=21676, stack(0x00000076dba00000,0x00000076dbb00000) (1024K)]
  0x0000022878a78ab0 JavaThread "Cache worker for Build Output Cleanup Cache (D:\Source\flutter_windows_3.29.3-stable\flutter\packages\flutter_tools\gradle\.gradle\buildOutputCleanup)"        [_thread_blocked, id=18724, stack(0x00000076dbb00000,0x00000076dbc00000) (1024K)]
Total: 34

Other Threads:
  0x000002286fc179e0 VMThread "VM Thread"                           [id=23992, stack(0x00000076d9200000,0x00000076d9300000) (1024K)]
  0x000002286fbcc590 WatcherThread "VM Periodic Task Thread"        [id=19208, stack(0x00000076d9100000,0x00000076d9200000) (1024K)]
  0x0000022840459eb0 WorkerThread "GC Thread#0"                     [id=24896, stack(0x00000076d8c00000,0x00000076d8d00000) (1024K)]
  0x000002287516c210 WorkerThread "GC Thread#1"                     [id=4872, stack(0x00000076d9e00000,0x00000076d9f00000) (1024K)]
  0x000002287530b3a0 WorkerThread "GC Thread#2"                     [id=29064, stack(0x00000076d9f00000,0x00000076da000000) (1024K)]
  0x0000022875c59c90 WorkerThread "GC Thread#3"                     [id=13604, stack(0x00000076da000000,0x00000076da100000) (1024K)]
  0x0000022875c348c0 WorkerThread "GC Thread#4"                     [id=24616, stack(0x00000076da100000,0x00000076da200000) (1024K)]
  0x00000228769b03f0 WorkerThread "GC Thread#5"                     [id=11048, stack(0x00000076da200000,0x00000076da300000) (1024K)]
  0x0000022876a09430 WorkerThread "GC Thread#6"                     [id=28724, stack(0x00000076da300000,0x00000076da400000) (1024K)]
  0x0000022876835aa0 WorkerThread "GC Thread#7"                     [id=14168, stack(0x00000076dae00000,0x00000076daf00000) (1024K)]
  0x000002284046b000 ConcurrentGCThread "G1 Main Marker"            [id=30444, stack(0x00000076d8d00000,0x00000076d8e00000) (1024K)]
  0x000002284046cab0 WorkerThread "G1 Conc#0"                       [id=22800, stack(0x00000076d8e00000,0x00000076d8f00000) (1024K)]
  0x0000022876c3bf10 WorkerThread "G1 Conc#1"                       [id=23232, stack(0x00000076daf00000,0x00000076db000000) (1024K)]
  0x000002286faa1cb0 ConcurrentGCThread "G1 Refine#0"               [id=13124, stack(0x00000076d8f00000,0x00000076d9000000) (1024K)]
  0x000002286faa2820 ConcurrentGCThread "G1 Service"                [id=12532, stack(0x00000076d9000000,0x00000076d9100000) (1024K)]
Total: 15

Threads with active compile tasks:
C2 CompilerThread0  5640 4663   !   4       java.net.URLClassLoader::findClass (47 bytes)
C2 CompilerThread1  5640 4783       4       java.lang.ClassLoader::loadClass (7 bytes)
Total: 2

VM state: not at safepoint (normal execution)

VM Mutex/Monitor currently owned by a thread: None

Heap address: 0x0000000600000000, size: 8192 MB, Compressed Oops mode: Zero based, Oop shift amount: 3

CDS archive(s) not mapped
Compressed class space mapped at: 0x0000000800000000-0x0000000840000000, reserved size: 1073741824
Narrow klass base: 0x0000000800000000, Narrow klass shift: 0, Narrow klass range: 0x40000000

GC Precious Log:
 CardTable entry size: 512
 Card Set container configuration: InlinePtr #cards 4 size 8 Array Of Cards #cards 32 size 80 Howl #buckets 8 coarsen threshold 7372 Howl Bitmap #cards 1024 size 144 coarsen threshold 921 Card regions per heap region 1 cards per card region 8192
 CPUs: 8 total, 8 available
 Memory: 7975M
 Large Page Support: Disabled
 NUMA Support: Disabled
 Compressed Oops: Enabled (Zero based)
 Heap Region Size: 4M
 Heap Min Capacity: 8M
 Heap Initial Capacity: 128M
 Heap Max Capacity: 8G
 Pre-touch: Disabled
 Parallel Workers: 8
 Concurrent Workers: 2
 Concurrent Refinement Workers: 8
 Periodic GC: Disabled

Heap:
 garbage-first heap   total 118784K, used 35511K [0x0000000600000000, 0x0000000800000000)
  region size 4096K, 3 young (12288K), 2 survivors (8192K)
 Metaspace       used 51246K, committed 52672K, reserved 1114112K
  class space    used 6942K, committed 7616K, reserved 1048576K

Heap Regions: E=young(eden), S=young(survivor), O=old, HS=humongous(starts), HC=humongous(continues), CS=collection set, F=free, TAMS=top-at-mark-start, PB=parsable bottom
|   0|0x0000000600000000, 0x0000000600400000, 0x0000000600400000|100%|HS|  |TAMS 0x0000000600000000| PB 0x0000000600000000| Complete 
|   1|0x0000000600400000, 0x0000000600800000, 0x0000000600800000|100%| O|  |TAMS 0x0000000600400000| PB 0x0000000600400000| Untracked 
|   2|0x0000000600800000, 0x0000000600800000, 0x0000000600c00000|  0%| F|  |TAMS 0x0000000600800000| PB 0x0000000600800000| Untracked 
|   3|0x0000000600c00000, 0x0000000601000000, 0x0000000601000000|100%| O|  |TAMS 0x0000000600c00000| PB 0x0000000600c00000| Untracked 
|   4|0x0000000601000000, 0x0000000601400000, 0x0000000601400000|100%| O|  |TAMS 0x0000000601000000| PB 0x0000000601000000| Untracked 
|   5|0x0000000601400000, 0x0000000601800000, 0x0000000601800000|100%| O|  |TAMS 0x0000000601400000| PB 0x0000000601400000| Untracked 
|   6|0x0000000601800000, 0x000000060198c9a0, 0x0000000601c00000| 38%| S|CS|TAMS 0x0000000601800000| PB 0x0000000601800000| Complete 
|   7|0x0000000601c00000, 0x0000000602000000, 0x0000000602000000|100%| S|CS|TAMS 0x0000000601c00000| PB 0x0000000601c00000| Complete 
|   8|0x0000000602000000, 0x00000006021214d0, 0x0000000602400000| 28%| O|  |TAMS 0x0000000602000000| PB 0x0000000602000000| Untracked 
|   9|0x0000000602400000, 0x0000000602400000, 0x0000000602800000|  0%| F|  |TAMS 0x0000000602400000| PB 0x0000000602400000| Untracked 
|  10|0x0000000602800000, 0x0000000602800000, 0x0000000602c00000|  0%| F|  |TAMS 0x0000000602800000| PB 0x0000000602800000| Untracked 
|  11|0x0000000602c00000, 0x0000000602c00000, 0x0000000603000000|  0%| F|  |TAMS 0x0000000602c00000| PB 0x0000000602c00000| Untracked 
|  12|0x0000000603000000, 0x0000000603000000, 0x0000000603400000|  0%| F|  |TAMS 0x0000000603000000| PB 0x0000000603000000| Untracked 
|  13|0x0000000603400000, 0x0000000603400000, 0x0000000603800000|  0%| F|  |TAMS 0x0000000603400000| PB 0x0000000603400000| Untracked 
|  14|0x0000000603800000, 0x0000000603800000, 0x0000000603c00000|  0%| F|  |TAMS 0x0000000603800000| PB 0x0000000603800000| Untracked 
|  15|0x0000000603c00000, 0x0000000603c00000, 0x0000000604000000|  0%| F|  |TAMS 0x0000000603c00000| PB 0x0000000603c00000| Untracked 
|  16|0x0000000604000000, 0x0000000604000000, 0x0000000604400000|  0%| F|  |TAMS 0x0000000604000000| PB 0x0000000604000000| Untracked 
|  17|0x0000000604400000, 0x0000000604400000, 0x0000000604800000|  0%| F|  |TAMS 0x0000000604400000| PB 0x0000000604400000| Untracked 
|  18|0x0000000604800000, 0x0000000604800000, 0x0000000604c00000|  0%| F|  |TAMS 0x0000000604800000| PB 0x0000000604800000| Untracked 
|  19|0x0000000604c00000, 0x0000000604c00000, 0x0000000605000000|  0%| F|  |TAMS 0x0000000604c00000| PB 0x0000000604c00000| Untracked 
|  20|0x0000000605000000, 0x0000000605000000, 0x0000000605400000|  0%| F|  |TAMS 0x0000000605000000| PB 0x0000000605000000| Untracked 
|  21|0x0000000605400000, 0x0000000605400000, 0x0000000605800000|  0%| F|  |TAMS 0x0000000605400000| PB 0x0000000605400000| Untracked 
|  22|0x0000000605800000, 0x0000000605800000, 0x0000000605c00000|  0%| F|  |TAMS 0x0000000605800000| PB 0x0000000605800000| Untracked 
|  23|0x0000000605c00000, 0x0000000605c00000, 0x0000000606000000|  0%| F|  |TAMS 0x0000000605c00000| PB 0x0000000605c00000| Untracked 
|  24|0x0000000606000000, 0x0000000606000000, 0x0000000606400000|  0%| F|  |TAMS 0x0000000606000000| PB 0x0000000606000000| Untracked 
|  25|0x0000000606400000, 0x0000000606400000, 0x0000000606800000|  0%| F|  |TAMS 0x0000000606400000| PB 0x0000000606400000| Untracked 
|  31|0x0000000607c00000, 0x0000000608000000, 0x0000000608000000|100%| E|  |TAMS 0x0000000607c00000| PB 0x0000000607c00000| Complete 
|2046|0x00000007ff800000, 0x00000007ffc00000, 0x00000007ffc00000|100%| O|  |TAMS 0x00000007ff800000| PB 0x00000007ff800000| Untracked 
|2047|0x00000007ffc00000, 0x0000000800000000, 0x0000000800000000|100%| O|  |TAMS 0x00000007ffc00000| PB 0x00000007ffc00000| Untracked 

Card table byte_map: [0x0000022864a50000,0x0000022865a50000] _byte_map_base: 0x0000022861a50000

Marking Bits: (CMBitMap*) 0x000002284045a5b0
 Bits: [0x0000022865a50000, 0x000002286da50000)

Polling page: 0x000002283e3a0000

Metaspace:

Usage:
  Non-class:     43.27 MB used.
      Class:      6.78 MB used.
       Both:     50.05 MB used.

Virtual space:
  Non-class space:       64.00 MB reserved,      44.00 MB ( 69%) committed,  1 nodes.
      Class space:        1.00 GB reserved,       7.44 MB ( <1%) committed,  1 nodes.
             Both:        1.06 GB reserved,      51.44 MB (  5%) committed. 

Chunk freelists:
   Non-Class:  3.59 MB
       Class:  8.51 MB
        Both:  12.10 MB

MaxMetaspaceSize: 4.00 GB
CompressedClassSpaceSize: 1.00 GB
Initial GC threshold: 21.00 MB
Current GC threshold: 59.50 MB
CDS: off
 - commit_granule_bytes: 65536.
 - commit_granule_words: 8192.
 - virtual_space_node_default_size: 8388608.
 - enlarge_chunks_in_place: 1.
 - use_allocation_guard: 0.


Internal statistics:

num_allocs_failed_limit: 9.
num_arena_births: 2636.
num_arena_deaths: 0.
num_vsnodes_births: 2.
num_vsnodes_deaths: 0.
num_space_committed: 823.
num_space_uncommitted: 0.
num_chunks_returned_to_freelist: 9.
num_chunks_taken_from_freelist: 4608.
num_chunk_merges: 9.
num_chunk_splits: 2971.
num_chunks_enlarged: 1830.
num_inconsistent_stats: 0.

CodeHeap 'non-profiled nmethods': size=259264Kb used=2697Kb max_used=2697Kb free=256566Kb
 bounds [0x00000228537d0000, 0x0000022853a80000, 0x0000022863500000]
CodeHeap 'profiled nmethods': size=259264Kb used=8597Kb max_used=8597Kb free=250666Kb
 bounds [0x0000022843500000, 0x0000022843d70000, 0x0000022853230000]
CodeHeap 'non-nmethods': size=5760Kb used=2112Kb max_used=2141Kb free=3647Kb
 bounds [0x0000022853230000, 0x00000228534a0000, 0x00000228537d0000]
 total_blobs=5067 nmethods=4370 adapters=600
 compilation: enabled
              stopped_count=0, restarted_count=0
 full_count=0

Compilation events (20 events):
Event: 5.581 Thread 0x0000022878a7cda0 4744       4       java.io.RandomAccessFile::read (8 bytes)
Event: 5.582 Thread 0x0000022878a7cda0 nmethod 4744 0x0000022853a6b390 code [0x0000022853a6b540, 0x0000022853a6b6a0]
Event: 5.582 Thread 0x0000022878a7cda0 4761       4       java.net.URLClassLoader$1::<init> (15 bytes)
Event: 5.583 Thread 0x0000022878a7cda0 nmethod 4761 0x0000022853a6b890 code [0x0000022853a6ba20, 0x0000022853a6bc90]
Event: 5.583 Thread 0x0000022878a7cda0 4723       4       java.lang.String::<init> (14 bytes)
Event: 5.586 Thread 0x0000022878a7cda0 nmethod 4723 0x0000022853a6bd10 code [0x0000022853a6bec0, 0x0000022853a6c418]
Event: 5.586 Thread 0x0000022878a7cda0 4721       4       java.nio.Buffer::limit (65 bytes)
Event: 5.586 Thread 0x0000022878a7cda0 nmethod 4721 0x0000022853a6c690 code [0x0000022853a6c820, 0x0000022853a6c930]
Event: 5.586 Thread 0x0000022878a7cda0 4722       4       java.nio.Buffer::<init> (105 bytes)
Event: 5.587 Thread 0x0000022878a7cda0 nmethod 4722 0x0000022853a6ca10 code [0x0000022853a6cba0, 0x0000022853a6cdc0]
Event: 5.587 Thread 0x0000022878a7cda0 4720       4       java.nio.charset.CharsetDecoder::implReplaceWith (1 bytes)
Event: 5.587 Thread 0x0000022878a7cda0 nmethod 4720 0x0000022853a6cf10 code [0x0000022853a6d0a0, 0x0000022853a6d128]
Event: 5.588 Thread 0x0000022878a7cda0 4762   !   4       java.util.regex.Pattern::matcher (44 bytes)
Event: 5.592 Thread 0x0000022870669620 4764       3       java.lang.String::regionMatches (150 bytes)
Event: 5.592 Thread 0x0000022870669620 nmethod 4764 0x0000022843d60d90 code [0x0000022843d60fe0, 0x0000022843d617b0]
Event: 5.594 Thread 0x0000022870669620 4765       3       java.nio.MappedByteBuffer::position (6 bytes)
Event: 5.594 Thread 0x0000022870669620 nmethod 4765 0x0000022843d61a90 code [0x0000022843d61c40, 0x0000022843d61e50]
Event: 5.595 Thread 0x0000022878a7cda0 nmethod 4762 0x0000022853a6d210 code [0x0000022853a6d400, 0x0000022853a6dd80]
Event: 5.595 Thread 0x0000022878a7cda0 4763       4       java.util.regex.Matcher::<init> (95 bytes)
Event: 5.603 Thread 0x0000022878a7cda0 nmethod 4763 0x0000022853a6e110 code [0x0000022853a6e300, 0x0000022853a6ee00]

GC Heap History (20 events):
Event: 0.343 GC heap before
{Heap before GC invocations=0 (full 0):
 garbage-first heap   total 131072K, used 20480K [0x0000000600000000, 0x0000000800000000)
  region size 4096K, 5 young (20480K), 0 survivors (0K)
 Metaspace       used 8014K, committed 8192K, reserved 1114112K
  class space    used 713K, committed 768K, reserved 1048576K
}
Event: 0.345 GC heap after
{Heap after GC invocations=1 (full 0):
 garbage-first heap   total 131072K, used 2500K [0x0000000600000000, 0x0000000800000000)
  region size 4096K, 1 young (4096K), 1 survivors (4096K)
 Metaspace       used 8014K, committed 8192K, reserved 1114112K
  class space    used 713K, committed 768K, reserved 1048576K
}
Event: 0.785 GC heap before
{Heap before GC invocations=1 (full 0):
 garbage-first heap   total 131072K, used 43460K [0x0000000600000000, 0x0000000800000000)
  region size 4096K, 10 young (40960K), 1 survivors (4096K)
 Metaspace       used 12064K, committed 12288K, reserved 1114112K
  class space    used 1267K, committed 1408K, reserved 1048576K
}
Event: 0.790 GC heap after
{Heap after GC invocations=2 (full 0):
 garbage-first heap   total 131072K, used 11838K [0x0000000600000000, 0x0000000800000000)
  region size 4096K, 2 young (8192K), 2 survivors (8192K)
 Metaspace       used 12064K, committed 12288K, reserved 1114112K
  class space    used 1267K, committed 1408K, reserved 1048576K
}
Event: 1.228 GC heap before
{Heap before GC invocations=2 (full 0):
 garbage-first heap   total 131072K, used 52798K [0x0000000600000000, 0x0000000800000000)
  region size 4096K, 13 young (53248K), 2 survivors (8192K)
 Metaspace       used 14219K, committed 14400K, reserved 1114112K
  class space    used 1551K, committed 1664K, reserved 1048576K
}
Event: 1.236 GC heap after
{Heap after GC invocations=3 (full 0):
 garbage-first heap   total 131072K, used 17742K [0x0000000600000000, 0x0000000800000000)
  region size 4096K, 2 young (8192K), 2 survivors (8192K)
 Metaspace       used 14219K, committed 14400K, reserved 1114112K
  class space    used 1551K, committed 1664K, reserved 1048576K
}
Event: 1.762 GC heap before
{Heap before GC invocations=3 (full 0):
 garbage-first heap   total 131072K, used 42318K [0x0000000600000000, 0x0000000800000000)
  region size 4096K, 9 young (36864K), 2 survivors (8192K)
 Metaspace       used 21160K, committed 21504K, reserved 1114112K
  class space    used 2428K, committed 2624K, reserved 1048576K
}
Event: 1.766 GC heap after
{Heap after GC invocations=4 (full 0):
 garbage-first heap   total 131072K, used 20186K [0x0000000600000000, 0x0000000800000000)
  region size 4096K, 3 young (12288K), 3 survivors (12288K)
 Metaspace       used 21160K, committed 21504K, reserved 1114112K
  class space    used 2428K, committed 2624K, reserved 1048576K
}
Event: 2.557 GC heap before
{Heap before GC invocations=5 (full 0):
 garbage-first heap   total 81920K, used 77530K [0x0000000600000000, 0x0000000800000000)
  region size 4096K, 17 young (69632K), 3 survivors (12288K)
 Metaspace       used 30156K, committed 30784K, reserved 1114112K
  class space    used 3843K, committed 4160K, reserved 1048576K
}
Event: 2.564 GC heap after
{Heap after GC invocations=6 (full 0):
 garbage-first heap   total 98304K, used 24214K [0x0000000600000000, 0x0000000800000000)
  region size 4096K, 2 young (8192K), 2 survivors (8192K)
 Metaspace       used 30156K, committed 30784K, reserved 1114112K
  class space    used 3843K, committed 4160K, reserved 1048576K
}
Event: 4.164 GC heap before
{Heap before GC invocations=6 (full 0):
 garbage-first heap   total 98304K, used 61078K [0x0000000600000000, 0x0000000800000000)
  region size 4096K, 12 young (49152K), 2 survivors (8192K)
 Metaspace       used 35285K, committed 36096K, reserved 1114112K
  class space    used 4707K, committed 5120K, reserved 1048576K
}
Event: 4.170 GC heap after
{Heap after GC invocations=7 (full 0):
 garbage-first heap   total 98304K, used 25665K [0x0000000600000000, 0x0000000800000000)
  region size 4096K, 2 young (8192K), 2 survivors (8192K)
 Metaspace       used 35285K, committed 36096K, reserved 1114112K
  class space    used 4707K, committed 5120K, reserved 1048576K
}
Event: 4.185 GC heap before
{Heap before GC invocations=7 (full 0):
 garbage-first heap   total 98304K, used 25665K [0x0000000600000000, 0x0000000800000000)
  region size 4096K, 3 young (12288K), 2 survivors (8192K)
 Metaspace       used 35514K, committed 36416K, reserved 1114112K
  class space    used 4747K, committed 5184K, reserved 1048576K
}
Event: 4.188 GC heap after
{Heap after GC invocations=8 (full 0):
 garbage-first heap   total 98304K, used 26393K [0x0000000600000000, 0x0000000800000000)
  region size 4096K, 1 young (4096K), 1 survivors (4096K)
 Metaspace       used 35514K, committed 36416K, reserved 1114112K
  class space    used 4747K, committed 5184K, reserved 1048576K
}
Event: 4.775 GC heap before
{Heap before GC invocations=9 (full 0):
 garbage-first heap   total 98304K, used 79641K [0x0000000600000000, 0x0000000800000000)
  region size 4096K, 14 young (57344K), 1 survivors (4096K)
 Metaspace       used 44935K, committed 46080K, reserved 1114112K
  class space    used 5932K, committed 6528K, reserved 1048576K
}
Event: 4.780 GC heap after
{Heap after GC invocations=10 (full 0):
 garbage-first heap   total 98304K, used 30977K [0x0000000600000000, 0x0000000800000000)
  region size 4096K, 2 young (8192K), 2 survivors (8192K)
 Metaspace       used 44935K, committed 46080K, reserved 1114112K
  class space    used 5932K, committed 6528K, reserved 1048576K
}
Event: 5.165 GC heap before
{Heap before GC invocations=10 (full 0):
 garbage-first heap   total 98304K, used 80129K [0x0000000600000000, 0x0000000800000000)
  region size 4096K, 14 young (57344K), 2 survivors (8192K)
 Metaspace       used 46831K, committed 48000K, reserved 1114112K
  class space    used 6215K, committed 6784K, reserved 1048576K
}
Event: 5.171 GC heap after
{Heap after GC invocations=11 (full 0):
 garbage-first heap   total 98304K, used 32949K [0x0000000600000000, 0x0000000800000000)
  region size 4096K, 1 young (4096K), 1 survivors (4096K)
 Metaspace       used 46831K, committed 48000K, reserved 1114112K
  class space    used 6215K, committed 6784K, reserved 1048576K
}
Event: 5.575 GC heap before
{Heap before GC invocations=11 (full 0):
 garbage-first heap   total 98304K, used 82101K [0x0000000600000000, 0x0000000800000000)
  region size 4096K, 13 young (53248K), 1 survivors (4096K)
 Metaspace       used 50816K, committed 52224K, reserved 1114112K
  class space    used 6877K, committed 7552K, reserved 1048576K
}
Event: 5.579 GC heap after
{Heap after GC invocations=12 (full 0):
 garbage-first heap   total 118784K, used 35511K [0x0000000600000000, 0x0000000800000000)
  region size 4096K, 2 young (8192K), 2 survivors (8192K)
 Metaspace       used 50816K, committed 52224K, reserved 1114112K
  class space    used 6877K, committed 7552K, reserved 1048576K
}

Dll operation events (3 events):
Event: 0.007 Loaded shared library C:\Program Files\Android\Android Studio\jbr\bin\java.dll
Event: 0.011 Loaded shared library C:\Program Files\Android\Android Studio\jbr\bin\zip.dll
Event: 0.390 Loaded shared library C:\Program Files\Android\Android Studio\jbr\bin\verify.dll

Deoptimization events (20 events):
Event: 5.529 Thread 0x0000022876af93a0 DEOPT PACKING pc=0x000002284397f8a7 sp=0x00000076daaf66c0
Event: 5.529 Thread 0x0000022876af93a0 DEOPT UNPACKING pc=0x00000228532888e2 sp=0x00000076daaf5b98 mode 0
Event: 5.529 Thread 0x0000022876af93a0 DEOPT PACKING pc=0x00000228436d83c9 sp=0x00000076daaf6660
Event: 5.529 Thread 0x0000022876af93a0 DEOPT UNPACKING pc=0x00000228532888e2 sp=0x00000076daaf5b80 mode 0
Event: 5.530 Thread 0x0000022876af93a0 DEOPT PACKING pc=0x000002284397f8a7 sp=0x00000076daaf64e0
Event: 5.530 Thread 0x0000022876af93a0 DEOPT UNPACKING pc=0x00000228532888e2 sp=0x00000076daaf59b8 mode 0
Event: 5.530 Thread 0x0000022876af93a0 DEOPT PACKING pc=0x00000228436d83c9 sp=0x00000076daaf6480
Event: 5.530 Thread 0x0000022876af93a0 DEOPT UNPACKING pc=0x00000228532888e2 sp=0x00000076daaf59a0 mode 0
Event: 5.531 Thread 0x0000022876af93a0 DEOPT PACKING pc=0x00000228436d83c9 sp=0x00000076daaf6480
Event: 5.531 Thread 0x0000022876af93a0 DEOPT UNPACKING pc=0x00000228532888e2 sp=0x00000076daaf59a0 mode 0
Event: 5.532 Thread 0x0000022876af93a0 DEOPT PACKING pc=0x00000228436d83c9 sp=0x00000076daaf6480
Event: 5.532 Thread 0x0000022876af93a0 DEOPT UNPACKING pc=0x00000228532888e2 sp=0x00000076daaf59a0 mode 0
Event: 5.557 Thread 0x0000022876af93a0 Uncommon trap: trap_request=0xffffff45 fr.pc=0x00000228538e70e0 relative=0x00000000000002a0
Event: 5.557 Thread 0x0000022876af93a0 Uncommon trap: reason=unstable_if action=reinterpret pc=0x00000228538e70e0 method=java.lang.String.regionMatches(ZILjava/lang/String;II)Z @ 36 c2
Event: 5.557 Thread 0x0000022876af93a0 DEOPT PACKING pc=0x00000228538e70e0 sp=0x00000076daaf69e0
Event: 5.557 Thread 0x0000022876af93a0 DEOPT UNPACKING pc=0x0000022853287da2 sp=0x00000076daaf6948 mode 2
Event: 5.586 Thread 0x0000022876af93a0 Uncommon trap: trap_request=0xffffffde fr.pc=0x00000228539ebf18 relative=0x00000000000025d8
Event: 5.586 Thread 0x0000022876af93a0 Uncommon trap: reason=class_check action=maybe_recompile pc=0x00000228539ebf18 method=java.util.regex.Pattern$CharProperty.study(Ljava/util/regex/Pattern$TreeInfo;)Z @ 25 c2
Event: 5.586 Thread 0x0000022876af93a0 DEOPT PACKING pc=0x00000228539ebf18 sp=0x00000076daaf6ed0
Event: 5.586 Thread 0x0000022876af93a0 DEOPT UNPACKING pc=0x0000022853287da2 sp=0x00000076daaf6dc8 mode 2

Classes loaded (20 events):
Event: 5.216 Loading class jdk/internal/loader/URLClassPath$FileLoader$1
Event: 5.216 Loading class jdk/internal/loader/URLClassPath$FileLoader$1 done
Event: 5.249 Loading class java/security/CodeSigner
Event: 5.249 Loading class java/security/CodeSigner done
Event: 5.410 Loading class java/util/concurrent/atomic/AtomicReferenceFieldUpdater
Event: 5.410 Loading class java/util/concurrent/atomic/AtomicReferenceFieldUpdater done
Event: 5.410 Loading class java/util/concurrent/atomic/AtomicReferenceFieldUpdater$AtomicReferenceFieldUpdaterImpl
Event: 5.410 Loading class java/util/concurrent/atomic/AtomicReferenceFieldUpdater$AtomicReferenceFieldUpdaterImpl done
Event: 5.410 Loading class java/util/concurrent/atomic/AtomicReferenceFieldUpdater$AtomicReferenceFieldUpdaterImpl$1
Event: 5.410 Loading class java/util/concurrent/atomic/AtomicReferenceFieldUpdater$AtomicReferenceFieldUpdaterImpl$1 done
Event: 5.464 Loading class java/util/DualPivotQuicksort
Event: 5.465 Loading class java/util/DualPivotQuicksort done
Event: 5.484 Loading class java/util/stream/ReduceOps$2
Event: 5.485 Loading class java/util/stream/ReduceOps$2 done
Event: 5.485 Loading class java/util/stream/ReduceOps$2ReducingSink
Event: 5.485 Loading class java/util/stream/ReduceOps$2ReducingSink done
Event: 5.488 Loading class java/lang/StringIndexOutOfBoundsException
Event: 5.488 Loading class java/lang/StringIndexOutOfBoundsException done
Event: 5.530 Loading class java/lang/foreign/MemorySegment
Event: 5.531 Loading class java/lang/foreign/MemorySegment done

Classes unloaded (0 events):
No events

Classes redefined (0 events):
No events

Internal exceptions (20 events):
Event: 5.329 Thread 0x0000022876af93a0 Exception <a 'java/lang/NoSuchMethodError'{0x000000060589d270}: 'java.lang.Object java.lang.invoke.DirectMethodHandle$Holder.invokeStatic(java.lang.Object, long, java.lang.Object)'> (0x000000060589d270) 
thrown [s\src\hotspot\share\interpreter\linkResolver.cpp, line 784]
Event: 5.330 Thread 0x0000022876af93a0 Exception <a 'java/lang/NoSuchMethodError'{0x00000006058a44d8}: 'java.lang.Object java.lang.invoke.DirectMethodHandle$Holder.newInvokeSpecial(java.lang.Object, long)'> (0x00000006058a44d8) 
thrown [s\src\hotspot\share\interpreter\linkResolver.cpp, line 784]
Event: 5.335 Thread 0x0000022876af93a0 Exception <a 'java/lang/NoSuchMethodError'{0x00000006059127e0}: 'java.lang.Object java.lang.invoke.DirectMethodHandle$Holder.newInvokeSpecial(java.lang.Object, java.lang.Object, java.lang.Object, java.lang.Object, java.lang.Object, long)'> (0x00000006059127e0) 
thrown [s\src\hotspot\share\interpreter\linkResolver.cpp, line 784]
Event: 5.335 Thread 0x0000022876af93a0 Exception <a 'java/lang/NoSuchMethodError'{0x00000006059176e0}: 'java.lang.Object java.lang.invoke.DirectMethodHandle$Holder.invokeSpecial(java.lang.Object, java.lang.Object, java.lang.Object, java.lang.Object, java.lang.Object, java.lang.Object, long)'> (0x00000006059176e0) 
thrown [s\src\hotspot\share\interpreter\linkResolver.cpp, line 784]
Event: 5.335 Thread 0x0000022876af93a0 Exception <a 'java/lang/NoSuchMethodError'{0x000000060591bd30}: 'java.lang.Object java.lang.invoke.Invokers$Holder.linkToTargetMethod(java.lang.Object, java.lang.Object, java.lang.Object, java.lang.Object, long, java.lang.Object)'> (0x000000060591bd30) 
thrown [s\src\hotspot\share\interpreter\linkResolver.cpp, line 784]
Event: 5.339 Thread 0x0000022876af93a0 Exception <a 'java/lang/NoSuchMethodError'{0x0000000605964188}: 'java.lang.Object java.lang.invoke.DirectMethodHandle$Holder.newInvokeSpecial(java.lang.Object, java.lang.Object, java.lang.Object, long)'> (0x0000000605964188) 
thrown [s\src\hotspot\share\interpreter\linkResolver.cpp, line 784]
Event: 5.339 Thread 0x0000022876af93a0 Exception <a 'java/lang/NoSuchMethodError'{0x0000000605968d08}: 'java.lang.Object java.lang.invoke.DirectMethodHandle$Holder.invokeSpecial(java.lang.Object, java.lang.Object, java.lang.Object, java.lang.Object, long)'> (0x0000000605968d08) 
thrown [s\src\hotspot\share\interpreter\linkResolver.cpp, line 784]
Event: 5.339 Thread 0x0000022876af93a0 Exception <a 'java/lang/NoSuchMethodError'{0x000000060596cf38}: 'java.lang.Object java.lang.invoke.Invokers$Holder.linkToTargetMethod(java.lang.Object, java.lang.Object, long, java.lang.Object)'> (0x000000060596cf38) 
thrown [s\src\hotspot\share\interpreter\linkResolver.cpp, line 784]
Event: 5.360 Thread 0x0000022876af93a0 Exception <a 'java/lang/NoSuchMethodError'{0x0000000605b961d0}: 'java.lang.Object java.lang.invoke.DirectMethodHandle$Holder.newInvokeSpecial(java.lang.Object, java.lang.Object, java.lang.Object, java.lang.Object, java.lang.Object, java.lang.Object, java.lang.Object, java.lang.Object, java.lang.Object, java.lang.Object, java.lang.Object, java.lang.Object, java.lang.Object, java.lang.Object, java.lang.Object, java.lang.Object, java.lang.Object, java.lang.Object, java.lang.Object, java.lang.Object, java.lang
Event: 5.360 Thread 0x0000022876af93a0 Exception <a 'java/lang/NoSuchMethodError'{0x0000000605b9dd90}: 'java.lang.Object java.lang.invoke.DirectMethodHandle$Holder.invokeSpecial(java.lang.Object, java.lang.Object, java.lang.Object, java.lang.Object, java.lang.Object, java.lang.Object, java.lang.Object, java.lang.Object, java.lang.Object, java.lang.Object, java.lang.Object, java.lang.Object, java.lang.Object, java.lang.Object, java.lang.Object, java.lang.Object, java.lang.Object, java.lang.Object, java.lang.Object, java.lang.Object, java.lang.Ob
Event: 5.360 Thread 0x0000022876af93a0 Exception <a 'java/lang/NoSuchMethodError'{0x0000000605ba4340}: 'java.lang.Object java.lang.invoke.DelegatingMethodHandle$Holder.reinvoke_L(java.lang.Object, java.lang.Object, java.lang.Object, java.lang.Object, java.lang.Object, java.lang.Object, java.lang.Object, java.lang.Object, java.lang.Object, java.lang.Object, java.lang.Object, java.lang.Object, java.lang.Object, java.lang.Object, java.lang.Object, java.lang.Object, java.lang.Object, java.lang.Object, java.lang.Object, java.lang.Object, java.lang.O
Event: 5.388 Thread 0x0000022876af93a0 Implicit null exception at 0x000002285384e0fc to 0x000002285384e1b4
Event: 5.456 Thread 0x0000022876af93a0 Exception <a 'java/lang/NoSuchMethodError'{0x0000000603e32408}: 'java.lang.Object java.lang.invoke.DirectMethodHandle$Holder.newInvokeSpecial(java.lang.Object, java.lang.Object, java.lang.Object, java.lang.Object, java.lang.Object, java.lang.Object, java.lang.Object, java.lang.Object, java.lang.Object, java.lang.Object, java.lang.Object, java.lang.Object, java.lang.Object, java.lang.Object, java.lang.Object, java.lang.Object, java.lang.Object, java.lang.Object, java.lang.Object)'> (0x0000000603e32408) 
thr
Event: 5.456 Thread 0x0000022876af93a0 Exception <a 'java/lang/NoSuchMethodError'{0x0000000603e38d00}: 'java.lang.Object java.lang.invoke.DirectMethodHandle$Holder.invokeSpecial(java.lang.Object, java.lang.Object, java.lang.Object, java.lang.Object, java.lang.Object, java.lang.Object, java.lang.Object, java.lang.Object, java.lang.Object, java.lang.Object, java.lang.Object, java.lang.Object, java.lang.Object, java.lang.Object, java.lang.Object, java.lang.Object, java.lang.Object, java.lang.Object, java.lang.Object, java.lang.Object)'> (0x0000000
Event: 5.456 Thread 0x0000022876af93a0 Exception <a 'java/lang/NoSuchMethodError'{0x0000000603e3e5c0}: 'java.lang.Object java.lang.invoke.DelegatingMethodHandle$Holder.reinvoke_L(java.lang.Object, java.lang.Object, java.lang.Object, java.lang.Object, java.lang.Object, java.lang.Object, java.lang.Object, java.lang.Object, java.lang.Object, java.lang.Object, java.lang.Object, java.lang.Object, java.lang.Object, java.lang.Object, java.lang.Object, java.lang.Object, java.lang.Object, java.lang.Object, java.lang.Object)'> (0x0000000603e3e5c0) 
throw
Event: 5.467 Thread 0x0000022876af93a0 Exception <a 'java/lang/IncompatibleClassChangeError'{0x0000000603f2f2d8}: Found class java.lang.Object, but interface was expected> (0x0000000603f2f2d8) 
thrown [s\src\hotspot\share\interpreter\linkResolver.cpp, line 851]
Event: 5.505 Thread 0x0000022876af93a0 Exception <a 'sun/nio/fs/WindowsException'{0x00000006039b12e8}> (0x00000006039b12e8) 
thrown [s\src\hotspot\share\prims\jni.cpp, line 535]
Event: 5.505 Thread 0x0000022876af93a0 Exception <a 'sun/nio/fs/WindowsException'{0x00000006039b3088}> (0x00000006039b3088) 
thrown [s\src\hotspot\share\prims\jni.cpp, line 535]
Event: 5.505 Thread 0x0000022876af93a0 Exception <a 'sun/nio/fs/WindowsException'{0x00000006039b4e18}> (0x00000006039b4e18) 
thrown [s\src\hotspot\share\prims\jni.cpp, line 535]
Event: 5.505 Thread 0x0000022876af93a0 Exception <a 'sun/nio/fs/WindowsException'{0x00000006039b6750}> (0x00000006039b6750) 
thrown [s\src\hotspot\share\prims\jni.cpp, line 535]

ZGC Phase Switch (0 events):
No events

VM Operations (20 events):
Event: 4.775 Executing VM operation: G1CollectForAllocation (G1 Evacuation Pause)
Event: 4.780 Executing VM operation: G1CollectForAllocation (G1 Evacuation Pause) done
Event: 4.875 Executing VM operation: HandshakeAllThreads (Deoptimize)
Event: 4.875 Executing VM operation: HandshakeAllThreads (Deoptimize) done
Event: 5.078 Executing VM operation: HandshakeAllThreads (Deoptimize)
Event: 5.078 Executing VM operation: HandshakeAllThreads (Deoptimize) done
Event: 5.103 Executing VM operation: HandshakeAllThreads (Deoptimize)
Event: 5.103 Executing VM operation: HandshakeAllThreads (Deoptimize) done
Event: 5.104 Executing VM operation: HandshakeAllThreads (Deoptimize)
Event: 5.104 Executing VM operation: HandshakeAllThreads (Deoptimize) done
Event: 5.165 Executing VM operation: G1CollectForAllocation (G1 Evacuation Pause)
Event: 5.171 Executing VM operation: G1CollectForAllocation (G1 Evacuation Pause) done
Event: 5.256 Executing VM operation: HandshakeAllThreads (Deoptimize)
Event: 5.256 Executing VM operation: HandshakeAllThreads (Deoptimize) done
Event: 5.296 Executing VM operation: HandshakeAllThreads (Deoptimize)
Event: 5.296 Executing VM operation: HandshakeAllThreads (Deoptimize) done
Event: 5.432 Executing VM operation: ICBufferFull
Event: 5.432 Executing VM operation: ICBufferFull done
Event: 5.575 Executing VM operation: G1CollectForAllocation (G1 Evacuation Pause)
Event: 5.579 Executing VM operation: G1CollectForAllocation (G1 Evacuation Pause) done

Memory protections (0 events):
No events

Nmethod flushes (20 events):
Event: 4.201 Thread 0x000002286fc179e0 flushing  nmethod 0x000002284358e090
Event: 4.201 Thread 0x000002286fc179e0 flushing  nmethod 0x000002284358e490
Event: 4.201 Thread 0x000002286fc179e0 flushing  nmethod 0x0000022843593e90
Event: 4.201 Thread 0x000002286fc179e0 flushing  nmethod 0x00000228435cef10
Event: 4.201 Thread 0x000002286fc179e0 flushing  nmethod 0x00000228435cf290
Event: 4.201 Thread 0x000002286fc179e0 flushing  nmethod 0x00000228435d3190
Event: 4.201 Thread 0x000002286fc179e0 flushing  nmethod 0x00000228435d4390
Event: 4.201 Thread 0x000002286fc179e0 flushing  nmethod 0x00000228435d6c10
Event: 4.201 Thread 0x000002286fc179e0 flushing  nmethod 0x00000228435d6f90
Event: 4.201 Thread 0x000002286fc179e0 flushing  nmethod 0x00000228435d7310
Event: 4.201 Thread 0x000002286fc179e0 flushing  nmethod 0x000002284362d010
Event: 4.201 Thread 0x000002286fc179e0 flushing  nmethod 0x000002284362e010
Event: 4.201 Thread 0x000002286fc179e0 flushing  nmethod 0x000002284362f690
Event: 4.201 Thread 0x000002286fc179e0 flushing  nmethod 0x000002284362fd90
Event: 4.201 Thread 0x000002286fc179e0 flushing  nmethod 0x0000022843631390
Event: 4.201 Thread 0x000002286fc179e0 flushing  nmethod 0x0000022843672810
Event: 4.201 Thread 0x000002286fc179e0 flushing  nmethod 0x00000228436c7490
Event: 4.201 Thread 0x000002286fc179e0 flushing  nmethod 0x000002284371fc10
Event: 4.201 Thread 0x000002286fc179e0 flushing  nmethod 0x0000022843720610
Event: 4.201 Thread 0x000002286fc179e0 flushing  nmethod 0x0000022843723d90

Events (20 events):
Event: 1.663 Thread 0x0000022876b2b360 Thread added: 0x0000022876868ec0
Event: 1.692 Thread 0x0000022876b2b360 Thread added: 0x000002287686b530
Event: 1.700 Thread 0x0000022876b2b360 Thread added: 0x0000022876af93a0
Event: 1.707 Thread 0x0000022876af93a0 Thread added: 0x0000022876af9cb0
Event: 1.711 Thread 0x0000022876af93a0 Thread added: 0x0000022876be1020
Event: 1.713 Thread 0x0000022876af93a0 Thread added: 0x0000022876be3780
Event: 2.039 Thread 0x0000022876af93a0 Thread added: 0x0000022876be23d0
Event: 2.045 Thread 0x0000022876af93a0 Thread added: 0x0000022876be3e10
Event: 2.063 Thread 0x0000022876af93a0 Thread added: 0x0000022876be0990
Event: 2.672 Thread 0x0000022876af93a0 Thread added: 0x0000022876be16b0
Event: 2.683 Thread 0x0000022876af93a0 Thread added: 0x0000022876be2a60
Event: 2.932 Thread 0x0000022876af93a0 Thread added: 0x0000022876be30f0
Event: 2.939 Thread 0x0000022876af93a0 Thread added: 0x0000022876be1d40
Event: 3.204 Thread 0x00000228708169b0 Thread exited: 0x00000228708169b0
Event: 4.071 Thread 0x0000022870669620 Thread added: 0x0000022878a7cda0
Event: 4.140 Thread 0x0000022876af93a0 Thread added: 0x0000022878a797d0
Event: 4.170 Thread 0x0000022876af93a0 Thread added: 0x0000022878a79e60
Event: 4.282 Thread 0x0000022876af93a0 Thread added: 0x0000022878a78420
Event: 4.393 Thread 0x0000022876af93a0 Thread added: 0x0000022878a7b210
Event: 5.496 Thread 0x0000022876af93a0 Thread added: 0x0000022878a78ab0


Dynamic libraries:
0x00007ff615d00000 - 0x00007ff615d0a000 	C:\Program Files\Android\Android Studio\jbr\bin\java.exe
0x00007ffa60950000 - 0x00007ffa60b67000 	C:\Windows\SYSTEM32\ntdll.dll
0x00007ffa5edd0000 - 0x00007ffa5ee94000 	C:\Windows\System32\KERNEL32.DLL
0x00007ffa5da40000 - 0x00007ffa5de12000 	C:\Windows\System32\KERNELBASE.dll
0x00007ffa5def0000 - 0x00007ffa5e001000 	C:\Windows\System32\ucrtbase.dll
0x00007ffa1e480000 - 0x00007ffa1e498000 	C:\Program Files\Android\Android Studio\jbr\bin\jli.dll
0x00007ffa404a0000 - 0x00007ffa404bb000 	C:\Program Files\Android\Android Studio\jbr\bin\VCRUNTIME140.dll
0x00007ffa5ef30000 - 0x00007ffa5f0e1000 	C:\Windows\System32\USER32.dll
0x00007ffa5e5b0000 - 0x00007ffa5e5d6000 	C:\Windows\System32\win32u.dll
0x00007ffa3f700000 - 0x00007ffa3f99b000 	C:\Windows\WinSxS\amd64_microsoft.windows.common-controls_6595b64144ccf1df_6.0.22621.5547_none_27104afb73855772\COMCTL32.dll
0x00007ffa5fc80000 - 0x00007ffa5fd27000 	C:\Windows\System32\msvcrt.dll
0x00007ffa5ec20000 - 0x00007ffa5ec49000 	C:\Windows\System32\GDI32.dll
0x00007ffa5e310000 - 0x00007ffa5e433000 	C:\Windows\System32\gdi32full.dll
0x00007ffa5de20000 - 0x00007ffa5deba000 	C:\Windows\System32\msvcp_win.dll
0x00007ffa5eb60000 - 0x00007ffa5eb91000 	C:\Windows\System32\IMM32.DLL
0x00007ffa49fe0000 - 0x00007ffa49fec000 	C:\Program Files\Android\Android Studio\jbr\bin\vcruntime140_1.dll
0x00007ff9f46e0000 - 0x00007ff9f476d000 	C:\Program Files\Android\Android Studio\jbr\bin\msvcp140.dll
0x00007ff9ac2d0000 - 0x00007ff9acf5b000 	C:\Program Files\Android\Android Studio\jbr\bin\server\jvm.dll
0x00007ffa5ffe0000 - 0x00007ffa60091000 	C:\Windows\System32\ADVAPI32.dll
0x00007ffa5ff30000 - 0x00007ffa5ffd8000 	C:\Windows\System32\sechost.dll
0x00007ffa5dec0000 - 0x00007ffa5dee8000 	C:\Windows\System32\bcrypt.dll
0x00007ffa60130000 - 0x00007ffa60244000 	C:\Windows\System32\RPCRT4.dll
0x00007ffa5eba0000 - 0x00007ffa5ec11000 	C:\Windows\System32\WS2_32.dll
0x00007ffa5d910000 - 0x00007ffa5d95d000 	C:\Windows\SYSTEM32\POWRPROF.dll
0x00007ffa54010000 - 0x00007ffa54044000 	C:\Windows\SYSTEM32\WINMM.dll
0x00007ffa5a2f0000 - 0x00007ffa5a2fa000 	C:\Windows\SYSTEM32\VERSION.dll
0x00007ffa5d8f0000 - 0x00007ffa5d903000 	C:\Windows\SYSTEM32\UMPDC.dll
0x00007ffa5ca70000 - 0x00007ffa5ca88000 	C:\Windows\SYSTEM32\kernel.appcore.dll
0x00007ffa49db0000 - 0x00007ffa49dba000 	C:\Program Files\Android\Android Studio\jbr\bin\jimage.dll
0x00007ffa57270000 - 0x00007ffa574a3000 	C:\Windows\SYSTEM32\DBGHELP.DLL
0x00007ffa5e5e0000 - 0x00007ffa5e973000 	C:\Windows\System32\combase.dll
0x00007ffa5f160000 - 0x00007ffa5f237000 	C:\Windows\System32\OLEAUT32.dll
0x00007ffa2fb30000 - 0x00007ffa2fb62000 	C:\Windows\SYSTEM32\dbgcore.DLL
0x00007ffa5e1d0000 - 0x00007ffa5e24b000 	C:\Windows\System32\bcryptPrimitives.dll
0x00007ffa54ba0000 - 0x00007ffa54bae000 	C:\Program Files\Android\Android Studio\jbr\bin\instrument.dll
0x00007ffa194c0000 - 0x00007ffa194e0000 	C:\Program Files\Android\Android Studio\jbr\bin\java.dll
0x00007ffa17f70000 - 0x00007ffa17f88000 	C:\Program Files\Android\Android Studio\jbr\bin\zip.dll
0x00007ffa5f250000 - 0x00007ffa5faf2000 	C:\Windows\System32\SHELL32.dll
0x00007ffa5e090000 - 0x00007ffa5e1cf000 	C:\Windows\System32\wintypes.dll
0x00007ffa5b970000 - 0x00007ffa5c28d000 	C:\Windows\SYSTEM32\windows.storage.dll
0x00007ffa60250000 - 0x00007ffa6035c000 	C:\Windows\System32\SHCORE.dll
0x00007ffa5f0f0000 - 0x00007ffa5f159000 	C:\Windows\System32\shlwapi.dll
0x00007ffa5d970000 - 0x00007ffa5d99b000 	C:\Windows\SYSTEM32\profapi.dll
0x00007ffa49c90000 - 0x00007ffa49ca0000 	C:\Program Files\Android\Android Studio\jbr\bin\net.dll
0x00007ffa5aaf0000 - 0x00007ffa5ac1c000 	C:\Windows\SYSTEM32\WINHTTP.dll
0x00007ffa5cef0000 - 0x00007ffa5cf59000 	C:\Windows\system32\mswsock.dll
0x00007ffa17ec0000 - 0x00007ffa17ed6000 	C:\Program Files\Android\Android Studio\jbr\bin\nio.dll
0x00007ffa42b80000 - 0x00007ffa42b90000 	C:\Program Files\Android\Android Studio\jbr\bin\verify.dll
0x00007ffa41050000 - 0x00007ffa41077000 	C:\Users\Krysthille Tambis\.gradle\native\c067742578af261105cb4f569cf0c3c89f3d7b1fecec35dd04571415982c5e48\windows-amd64\native-platform.dll
0x00007ff9d3a30000 - 0x00007ff9d3b74000 	C:\Users\Krysthille Tambis\.gradle\native\100fb08df4bc3b14c8652ba06237920a3bd2aa13389f12d3474272988ae205f9\windows-amd64\native-platform-file-events.dll
0x00007ffa42b10000 - 0x00007ffa42b19000 	C:\Program Files\Android\Android Studio\jbr\bin\management.dll
0x00007ffa42270000 - 0x00007ffa4227b000 	C:\Program Files\Android\Android Studio\jbr\bin\management_ext.dll
0x00007ffa5eb50000 - 0x00007ffa5eb58000 	C:\Windows\System32\PSAPI.DLL
0x00007ffa5d140000 - 0x00007ffa5d15b000 	C:\Windows\SYSTEM32\CRYPTSP.dll
0x00007ffa5c9d0000 - 0x00007ffa5ca07000 	C:\Windows\system32\rsaenh.dll
0x00007ffa5cfe0000 - 0x00007ffa5d008000 	C:\Windows\SYSTEM32\USERENV.dll
0x00007ffa5d160000 - 0x00007ffa5d16c000 	C:\Windows\SYSTEM32\CRYPTBASE.dll
0x00007ffa5c4f0000 - 0x00007ffa5c51d000 	C:\Windows\SYSTEM32\IPHLPAPI.DLL
0x00007ffa5f240000 - 0x00007ffa5f249000 	C:\Windows\System32\NSI.dll
0x00007ffa42170000 - 0x00007ffa42179000 	C:\Program Files\Android\Android Studio\jbr\bin\extnet.dll
0x00007ffa40f70000 - 0x00007ffa40f78000 	C:\Windows\system32\wshunix.dll

dbghelp: loaded successfully - version: 4.0.5 - missing functions: none
symbol engine: initialized successfully - sym options: 0x614 - pdb path: .;C:\Program Files\Android\Android Studio\jbr\bin;C:\Windows\SYSTEM32;C:\Windows\WinSxS\amd64_microsoft.windows.common-controls_6595b64144ccf1df_6.0.22621.5547_none_27104afb73855772;C:\Program Files\Android\Android Studio\jbr\bin\server;C:\Users\Krysthille Tambis\.gradle\native\c067742578af261105cb4f569cf0c3c89f3d7b1fecec35dd04571415982c5e48\windows-amd64;C:\Users\Krysthille Tambis\.gradle\native\100fb08df4bc3b14c8652ba06237920a3bd2aa13389f12d3474272988ae205f9\windows-amd64

VM Arguments:
jvm_args: -XX:MaxMetaspaceSize=4G -XX:ReservedCodeCacheSize=512m -XX:+HeapDumpOnOutOfMemoryError --add-opens=java.base/java.util=ALL-UNNAMED --add-opens=java.base/java.lang=ALL-UNNAMED --add-opens=java.base/java.lang.invoke=ALL-UNNAMED --add-opens=java.prefs/java.util.prefs=ALL-UNNAMED --add-exports=jdk.compiler/com.sun.tools.javac.api=ALL-UNNAMED --add-exports=jdk.compiler/com.sun.tools.javac.util=ALL-UNNAMED --add-opens=java.base/java.nio.charset=ALL-UNNAMED --add-opens=java.base/java.net=ALL-UNNAMED --add-opens=java.base/java.util.concurrent.atomic=ALL-UNNAMED -Xmx8G -Dfile.encoding=UTF-8 -Duser.country=US -Duser.language=en -Duser.variant -javaagent:C:\Users\Krysthille Tambis\.gradle\wrapper\dists\gradle-8.9-all\6m0mbzute7p0zdleavqlib88a\gradle-8.9\lib\agents\gradle-instrumentation-agent-8.9.jar 
java_command: org.gradle.launcher.daemon.bootstrap.GradleDaemon 8.9
java_class_path (initial): C:\Users\Krysthille Tambis\.gradle\wrapper\dists\gradle-8.9-all\6m0mbzute7p0zdleavqlib88a\gradle-8.9\lib\gradle-daemon-main-8.9.jar
Launcher Type: SUN_STANDARD

[Global flags]
     intx CICompilerCount                          = 4                                         {product} {ergonomic}
     uint ConcGCThreads                            = 2                                         {product} {ergonomic}
     uint G1ConcRefinementThreads                  = 8                                         {product} {ergonomic}
   size_t G1HeapRegionSize                         = 4194304                                   {product} {ergonomic}
    uintx GCDrainStackTargetSize                   = 64                                        {product} {ergonomic}
     bool HeapDumpOnOutOfMemoryError               = true                                   {manageable} {command line}
   size_t InitialHeapSize                          = 134217728                                 {product} {ergonomic}
   size_t MarkStackSize                            = 4194304                                   {product} {ergonomic}
   size_t MaxHeapSize                              = 8589934592                                {product} {command line}
   size_t MaxMetaspaceSize                         = 4294967296                                {product} {command line}
   size_t MaxNewSize                               = 5150605312                                {product} {ergonomic}
   size_t MinHeapDeltaBytes                        = 4194304                                   {product} {ergonomic}
   size_t MinHeapSize                              = 8388608                                   {product} {ergonomic}
    uintx NonNMethodCodeHeapSize                   = 5839372                                {pd product} {ergonomic}
    uintx NonProfiledCodeHeapSize                  = 265515770                              {pd product} {ergonomic}
    uintx ProfiledCodeHeapSize                     = 265515770                              {pd product} {ergonomic}
    uintx ReservedCodeCacheSize                    = 536870912                              {pd product} {command line}
     bool SegmentedCodeCache                       = true                                      {product} {ergonomic}
   size_t SoftMaxHeapSize                          = 8589934592                             {manageable} {ergonomic}
     bool UseCompressedOops                        = true                           {product lp64_product} {ergonomic}
     bool UseG1GC                                  = true                                      {product} {ergonomic}
     bool UseLargePagesIndividualAllocation        = false                                  {pd product} {ergonomic}

Logging:
Log output configuration:
 #0: stdout all=warning uptime,level,tags foldmultilines=false
 #1: stderr all=off uptime,level,tags foldmultilines=false

Environment Variables:
JAVA_HOME=C:\Program Files\Android\Android Studio\jbr
CLASSPATH=D:\ImPawsible\impawsible\android\\gradle\wrapper\gradle-wrapper.jar
PATH=C:\Program Files\Android\Android Studio\jbr\bin;D:\Source\flutter_windows_3.29.3-stable\flutter\bin\;C:\Program Files\Eclipse Adoptium\jdk-21.0.7.6-hotspot\bin;C:\Program Files\Common Files\Oracle\Java\javapath;C:\Windows\System32\HWAudioDriverLibs;C:\Windows\system32;C:\Windows;C:\Windows\System32\Wbem;C:\Windows\System32\WindowsPowerShell\v1.0\;C:\Windows\System32\OpenSSH\;C:\Users\Administrator\AppData\Local\Microsoft\WindowsApps;C:\Program Files\Microsoft SQL Server\Client SDK\ODBC\170\Tools\Binn\;C:\Program Files (x86)\Microchip\MPLAB C32 Suite\bin;D:\Source\flutter_windows_3.29.3-stable\flutter\bin;C:\Program Files\Microsoft SQL Server\150\Tools\Binn\;C:\Program Files\dotnet\;C:\Program Files (x86)\Windows Kits\10\Windows Performance Toolkit\;C:\XAMPP\htdocs;C:\Users\Krysthille Tambis\AppData\Local\Microsoft\WindowsApps;C:\Users\Krysthille Tambis\AppData\Local\Programs\Microsoft VS Code\bin;C:\Program Files\Azure Data Studio\bin;C:\Users\Krysthille Tambis\.dotnet\tools;C:\Users\Krysthille Tambis\AppData\Local\Programs\cursor\resources\app\bin;c:\Users\Krysthille Tambis\.vscode\extensions\ms-python.debugpy-2025.10.0-win32-x64\bundled\scripts\noConfigScripts;D:\Source\flutter_windows_3.29.3-stable\flutter\bin\mingit\cmd
USERNAME=Krysthille Tambis
LANG=en_US.UTF-8
OS=Windows_NT
PROCESSOR_IDENTIFIER=Intel64 Family 6 Model 140 Stepping 2, GenuineIntel
TMP=C:\Users\KRYSTH~1\AppData\Local\Temp
TEMP=C:\Users\KRYSTH~1\AppData\Local\Temp




Periodic native trim disabled

JNI global refs:
JNI global refs: 25, weak refs: 0

JNI global refs memory usage: 835, weak refs: 833

Process memory usage:
Resident Set Size: 263096K (3% of 8166712K total physical memory with 437604K free physical memory)

OOME stack traces (most recent first):
Classloader memory used:
Loader org.gradle.internal.classloader.VisitableURLClassLoader                         : 24007K
Loader bootstrap                                                                       : 21520K
Loader org.gradle.initialization.MixInLegacyTypesClassLoader                           : 5001K
Loader jdk.internal.loader.ClassLoaders$PlatformClassLoader                            : 497K
Loader jdk.internal.loader.ClassLoaders$AppClassLoader                                 : 230K
Loader org.gradle.internal.classloader.VisitableURLClassLoader                         : 28864B

Classes loaded by more than one classloader:
Class org.gradle.internal.classloader.FilteringClassLoader                            : loaded 2 times (x 101B)
Class org.gradle.internal.classloader.ClassLoaderHierarchy                            : loaded 2 times (x 66B)
Class org.gradle.api.internal.classpath.ManifestUtil                                  : loaded 2 times (x 67B)
Class org.gradle.internal.classloader.DefaultClassLoaderFactory                       : loaded 2 times (x 78B)
Class org.gradle.internal.classloader.ClassLoaderVisitor                              : loaded 2 times (x 72B)
Class org.gradle.api.internal.classpath.EffectiveClassPath                            : loaded 2 times (x 86B)
Class org.gradle.api.internal.DefaultClassPathProvider                                : loaded 2 times (x 72B)
Class [Lorg.gradle.api.internal.ClassPathProvider;                                    : loaded 2 times (x 65B)
Class org.gradle.api.internal.ClassPathProvider                                       : loaded 2 times (x 66B)
Class org.gradle.internal.service.UnknownServiceException                             : loaded 2 times (x 79B)
Class org.gradle.internal.classpath.TransformedClassPath                              : loaded 2 times (x 92B)
Class org.gradle.internal.service.ServiceLocator                                      : loaded 2 times (x 66B)
Class org.gradle.internal.InternalTransformer                                         : loaded 2 times (x 66B)
Class org.gradle.internal.classloader.ClasspathUtil$1                                 : loaded 2 times (x 72B)
Class org.gradle.api.internal.classpath.DefaultModuleRegistry$DefaultModule           : loaded 2 times (x 82B)
Class org.gradle.api.internal.classpath.Module                                        : loaded 2 times (x 66B)
Class org.gradle.api.internal.classpath.UnknownModuleException                        : loaded 2 times (x 78B)
Class org.gradle.api.internal.DefaultClassPathRegistry                                : loaded 2 times (x 72B)
Class org.gradle.api.internal.ClassPathRegistry                                       : loaded 2 times (x 66B)
Class org.gradle.internal.classpath.DefaultClassPath$ImmutableUniqueList              : loaded 2 times (x 195B)
Class Settings_gradle$1                                                               : loaded 2 times (x 70B)
Class Program                                                                         : loaded 2 times (x 68B)
Class org.gradle.internal.classpath.ClassPath                                         : loaded 2 times (x 66B)
Class org.gradle.api.UncheckedIOException                                             : loaded 2 times (x 78B)
Class org.gradle.internal.installation.GradleInstallation$1                           : loaded 2 times (x 71B)
Class org.gradle.api.internal.classpath.ModuleRegistry                                : loaded 2 times (x 66B)
Class org.gradle.api.internal.classpath.DefaultModuleRegistry                         : loaded 2 times (x 79B)
Class org.gradle.internal.service.ServiceLookupException                              : loaded 2 times (x 78B)
Class org.gradle.internal.classloader.ClassLoaderFactory                              : loaded 2 times (x 66B)
Class org.gradle.internal.service.CachingServiceLocator                               : loaded 2 times (x 78B)
Class org.gradle.internal.classloader.ClasspathUtil                                   : loaded 2 times (x 67B)
Class org.gradle.api.specs.Spec                                                       : loaded 2 times (x 66B)
Class org.gradle.internal.classloader.VisitableURLClassLoader$InstrumentingVisitableURLClassLoader: loaded 2 times (x 119B)
Class org.gradle.internal.classloader.VisitableURLClassLoader$Spec                    : loaded 2 times (x 70B)
Class org.gradle.internal.classpath.DefaultClassPath                                  : loaded 2 times (x 86B)
Class org.gradle.internal.classloader.ClassLoaderSpec                                 : loaded 2 times (x 67B)
Class Settings_gradle$1$1                                                             : loaded 2 times (x 70B)
Class org.gradle.internal.classloader.VisitableURLClassLoader                         : loaded 2 times (x 113B)
Class Settings_gradle                                                                 : loaded 2 times (x 124B)
Class org.gradle.internal.Cast                                                        : loaded 2 times (x 67B)
Class org.gradle.api.Action                                                           : loaded 2 times (x 66B)
Class org.gradle.internal.agents.InstrumentingClassLoader                             : loaded 2 times (x 66B)
Class org.gradle.internal.classpath.DefaultClassPath$ImmutableUniqueList$Builder      : loaded 2 times (x 71B)
Class org.gradle.api.GradleException                                                  : loaded 2 times (x 78B)
Class org.gradle.internal.IoActions                                                   : loaded 2 times (x 67B)
Class org.gradle.internal.classloader.SystemClassLoaderSpec                           : loaded 2 times (x 67B)
Class org.gradle.internal.installation.CurrentGradleInstallationLocator               : loaded 2 times (x 67B)
Class org.gradle.internal.service.DefaultServiceLocator                               : loaded 2 times (x 79B)
Class org.gradle.internal.installation.CurrentGradleInstallation                      : loaded 2 times (x 69B)
Class org.gradle.util.internal.GUtil                                                  : loaded 2 times (x 67B)
Class org.gradle.internal.installation.GradleInstallation                             : loaded 2 times (x 71B)

---------------  S Y S T E M  ---------------

OS:
 Windows 11 , 64 bit Build 22621 (10.0.22621.5415)
OS uptime: 98 days 2:30 hours

CPU: total 8 (initial active 8) (4 cores per cpu, 2 threads per core) family 6 model 140 stepping 2 microcode 0x16, cx8, cmov, fxsr, ht, mmx, 3dnowpref, sse, sse2, sse3, ssse3, sse4.1, sse4.2, popcnt, lzcnt, tsc, tscinvbit, avx, avx2, aes, erms, clmul, bmi1, bmi2, adx, avx512f, avx512dq, avx512cd, avx512bw, avx512vl, sha, fma, vzeroupper, avx512_vpopcntdq, avx512_vpclmulqdq, avx512_vaes, avx512_vnni, clflush, clflushopt, clwb, avx512_vbmi2, avx512_vbmi, rdtscp, rdpid, fsrm, gfni, avx512_bitalg, f16c, pku, cet_ibt, cet_ss, avx512_ifma
Processor Information for the first 8 processors :
  Max Mhz: 2496, Current Mhz: 2496, Mhz Limit: 2496

Memory: 4k page, system-wide physical 7975M (424M free)
TotalPageFile size 21128M (AvailPageFile size 6M)
current process WorkingSet (physical memory assigned to process): 258M, peak: 268M
current process commit charge ("private bytes"): 315M, peak: 318M

vm_info: OpenJDK 64-Bit Server VM (21.0.6+-13355223-b631.42) for windows-amd64 JRE (21.0.6+-13355223-b631.42), built on 2025-04-14T18:21:23Z by "builder" with MS VC++ 16.10 / 16.11 (VS2019)

END.
